/usr/local/bin/perl5.20.2 t/spec/fudgeall rakudo.jvm t/spec/S01-perl-5-integration/array.t t/spec/S01-perl-5-integration/basic.t t/spec/S01-perl-5-integration/class.t t/spec/S01-perl-5-integration/exception_handling.t t/spec/S01-perl-5-integration/hash.t t/spec/S01-perl-5-integration/import.t t/spec/S01-perl-5-integration/method.t t/spec/S01-perl-5-integration/return.t t/spec/S01-perl-5-integration/roundtrip.t t/spec/S01-perl-5-integration/strings.t t/spec/S01-perl-5-integration/subs.t t/spec/S02-lexical-conventions/begin_end_pod.t t/spec/S02-lexical-conventions/bom.t t/spec/S02-lexical-conventions/comments.t t/spec/S02-lexical-conventions/end-pod.t t/spec/S02-lexical-conventions/minimal-whitespace.t t/spec/S02-lexical-conventions/one-pass-parsing.t t/spec/S02-lexical-conventions/pod-in-multi-line-exprs.t t/spec/S02-lexical-conventions/sub-block-parsing.t t/spec/S02-lexical-conventions/unicode.t t/spec/S02-lexical-conventions/unicode-whitespace.t t/spec/S02-lexical-conventions/unspace.t t/spec/S02-lists/indexing.t t/spec/S02-lists/tree.t t/spec/S02-literals/adverbs.t t/spec/S02-literals/allomorphic.t t/spec/S02-literals/array-interpolation.t t/spec/S02-literals/autoref.t t/spec/S02-literals/char-by-name.t t/spec/S02-literals/char-by-number.t t/spec/S02-literals/fmt-interpolation.t t/spec/S02-literals/hash-interpolation.t t/spec/S02-literals/heredocs.t t/spec/S02-literals/hex_chars.t t/spec/S02-literals/listquote.t t/spec/S02-literals/listquote-whitespace.t t/spec/S02-literals/misc-interpolation.t t/spec/S02-literals/numeric.t t/spec/S02-literals/pair-boolean.t t/spec/S02-literals/pairs.t t/spec/S02-literals/pod.t t/spec/S02-literals/quoting.t t/spec/S02-literals/quoting-unicode.t t/spec/S02-literals/radix.t t/spec/S02-literals/string-interpolation.t t/spec/S02-literals/sub-calls.t t/spec/S02-literals/subscript.t t/spec/S02-literals/types.t t/spec/S02-literals/underscores.t t/spec/S02-literals/version.t t/spec/S02-magicals/78258.t t/spec/S02-magicals/args.t t/spec/S02-magicals/block.t t/spec/S02-magicals/DISTRO.t t/spec/S02-magicals/dollar_bang.t t/spec/S02-magicals/dollar-underscore.t t/spec/S02-magicals/env.t t/spec/S02-magicals/file_line.t t/spec/S02-magicals/KERNEL.t t/spec/S02-magicals/PERL.t t/spec/S02-magicals/pid.t t/spec/S02-magicals/progname.t t/spec/S02-magicals/sub.t t/spec/S02-magicals/subname.t t/spec/S02-magicals/VM.t t/spec/S02-names/bare-sigil.t t/spec/S02-names/caller.t t/spec/S02-names/identifier.t t/spec/S02-names/indirect.t t/spec/S02-names/is_cached.t t/spec/S02-names/is_default.t t/spec/S02-names/is_dynamic.t t/spec/S02-names/name.t t/spec/S02-names/our.t t/spec/S02-names/pseudo.t t/spec/S02-names/strict.t t/spec/S02-names/symbolic-deref.t t/spec/S02-names-vars/contextual.t t/spec/S02-names-vars/fmt.t t/spec/S02-names-vars/list_array_perl.t t/spec/S02-names-vars/names.t t/spec/S02-names-vars/perl.t t/spec/S02-names-vars/signature.t t/spec/S02-names-vars/variables-and-packages.t t/spec/S02-names-vars/varnames.t t/spec/S02-one-pass-parsing/less-than.t t/spec/S02-packages/package-lookup.t t/spec/S02-types/anon_block.t t/spec/S02-types/array_extending.t t/spec/S02-types/array_ref.t t/spec/S02-types/array-shapes.t t/spec/S02-types/array.t t/spec/S02-types/assigning-refs.t t/spec/S02-types/autovivification.t t/spec/S02-types/bag.t t/spec/S02-types/baghash.t t/spec/S02-types/bool.t t/spec/S02-types/built-in.t t/spec/S02-types/capture.t t/spec/S02-types/catch_type_cast_mismatch.t t/spec/S02-types/compact.t t/spec/S02-types/declare.t t/spec/S02-types/fatrat.t t/spec/S02-types/flattening.t t/spec/S02-types/hash_ref.t t/spec/S02-types/hash.t t/spec/S02-types/infinity.t t/spec/S02-types/instants-and-durations.t t/spec/S02-types/int-uint.t t/spec/S02-types/isDEPRECATED.t t/spec/S02-types/keyhash.t t/spec/S02-types/lazy-lists.t t/spec/S02-types/lists.t t/spec/S02-types/mix.t t/spec/S02-types/mixhash.t t/spec/S02-types/mixed_multi_dimensional.t t/spec/S02-types/multi_dimensional_array.t t/spec/S02-types/nan.t t/spec/S02-types/native.t t/spec/S02-types/nested_arrays.t t/spec/S02-types/nested_pairs.t t/spec/S02-types/nil.t t/spec/S02-types/num.t t/spec/S02-types/pair.t t/spec/S02-types/list.t t/spec/S02-types/parsing-bool.t t/spec/S02-types/range.t t/spec/S02-types/set.t t/spec/S02-types/sethash.t t/spec/S02-types/sigils-and-types.t t/spec/S02-types/stash.t t/spec/S02-types/subscripts_and_context.t t/spec/S02-types/subset.t t/spec/S02-types/type.t t/spec/S02-types/undefined-types.t t/spec/S02-types/unicode.t t/spec/S02-types/version.t t/spec/S02-types/whatever.t t/spec/S02-types/WHICH.t t/spec/S03-binding/arrays.t t/spec/S03-binding/attributes.t t/spec/S03-binding/closure.t t/spec/S03-binding/hashes.t t/spec/S03-binding/nested.t t/spec/S03-binding/ro.t t/spec/S03-binding/scalars.t t/spec/S03-feeds/basic.t t/spec/S03-junctions/associative.t t/spec/S03-junctions/autothreading.t t/spec/S03-junctions/boolean-context.t t/spec/S03-junctions/misc.t t/spec/S03-metaops/cross.t t/spec/S03-metaops/eager-hyper.t t/spec/S03-metaops/hyper.t t/spec/S03-metaops/not.t t/spec/S03-metaops/reduce.t t/spec/S03-metaops/reverse.t t/spec/S03-metaops/zip.t t/spec/S03-operators/adverbial-modifiers.t t/spec/S03-operators/also.t t/spec/S03-operators/andthen.t t/spec/S03-operators/orelse.t t/spec/S03-operators/arith.t t/spec/S03-operators/assign-is-not-binding.t t/spec/S03-operators/assign.t t/spec/S03-operators/autoincrement-range.t t/spec/S03-operators/autoincrement.t t/spec/S03-operators/autovivification.t t/spec/S03-operators/bag.t t/spec/S03-operators/basic-types.t t/spec/S03-operators/bit.t t/spec/S03-operators/boolean-bitwise.t t/spec/S03-operators/brainos.t t/spec/S03-operators/composition.t t/spec/S03-operators/custom.t t/spec/S03-operators/buf.t t/spec/S03-operators/chained-declarators.t t/spec/S03-operators/cmp.t t/spec/S03-operators/comparison-simple.t t/spec/S03-operators/comparison.t t/spec/S03-operators/context-forcers.t t/spec/S03-operators/context.t t/spec/S03-operators/equality.t t/spec/S03-operators/eqv.t t/spec/S03-operators/fiddly.t t/spec/S03-operators/flip-flop.t t/spec/S03-operators/gcd.t t/spec/S03-operators/div.t t/spec/S03-operators/identity.t t/spec/S03-operators/increment.t t/spec/S03-operators/infixed-function.t t/spec/S03-operators/inplace.t t/spec/S03-operators/is-divisible-by.t t/spec/S03-operators/lcm.t t/spec/S03-operators/list-quote-junction.t t/spec/S03-operators/minmax.t t/spec/S03-operators/misc.t t/spec/S03-operators/mix.t t/spec/S03-operators/names.t t/spec/S03-operators/nesting.t t/spec/S03-operators/not.t t/spec/S03-operators/numeric-shift.t t/spec/S03-operators/overflow.t t/spec/S03-operators/precedence.t t/spec/S03-operators/range-basic.t t/spec/S03-operators/range-int.t t/spec/S03-operators/range.t t/spec/S03-operators/reduce-le1arg.t t/spec/S03-operators/relational.t t/spec/S03-operators/repeat.t t/spec/S03-operators/scalar-assign.t t/spec/S03-operators/set.t t/spec/S03-operators/short-circuit.t t/spec/S03-operators/so.t t/spec/S03-operators/spaceship-and-containers.t t/spec/S03-operators/spaceship.t t/spec/S03-operators/subscript-adverbs.t t/spec/S03-operators/subscript-vs-lt.t t/spec/S03-operators/ternary.t t/spec/S03-operators/value_equivalence.t t/spec/S03-sequence/arity0.t t/spec/S03-sequence/arity-2-or-more.t t/spec/S03-sequence/basic.t t/spec/S03-sequence/limit-arity-2-or-more.t t/spec/S03-sequence/misc.t t/spec/S03-sequence/nonnumeric.t t/spec/S03-smartmatch/any-any.t t/spec/S03-smartmatch/any-bool.t t/spec/S03-smartmatch/any-callable.t t/spec/S03-smartmatch/any-complex.t t/spec/S03-smartmatch/any-hash-pair.t t/spec/S03-smartmatch/any-method.t t/spec/S03-smartmatch/any-num.t t/spec/S03-smartmatch/any-pair.t t/spec/S03-smartmatch/any-str.t t/spec/S03-smartmatch/any-sub.t t/spec/S03-smartmatch/any-type.t t/spec/S03-smartmatch/array-array.t t/spec/S03-smartmatch/array-hash.t t/spec/S03-smartmatch/capture-signature.t t/spec/S03-smartmatch/disorganized.t t/spec/S03-smartmatch/hash-hash.t t/spec/S03-smartmatch/range-range.t t/spec/S03-smartmatch/regex-hash.t t/spec/S03-smartmatch/scalar-hash.t t/spec/S03-smartmatch/signature-signature.t t/spec/S04-blocks-and-statements/let.t t/spec/S04-blocks-and-statements/pointy-rw.t t/spec/S04-blocks-and-statements/pointy.t t/spec/S04-blocks-and-statements/temp.t t/spec/S04-declarations/constant.t t/spec/S04-declarations/implicit-parameter.t t/spec/S04-declarations/multiple.t t/spec/S04-declarations/my.t t/spec/S04-declarations/our.t t/spec/S04-declarations/smiley.t t/spec/S04-declarations/state.t t/spec/S04-declarations/will.t t/spec/S04-exception-handlers/catch.t t/spec/S04-exception-handlers/control.t t/spec/S04-exception-handlers/top-level.t t/spec/S04-exceptions/control_across_runloop.t t/spec/S04-exceptions/fail.t t/spec/S04-exceptions/pending.t t/spec/S04-phasers/ascending-order.t t/spec/S04-phasers/begin.t t/spec/S04-phasers/check.t t/spec/S04-phasers/descending-order.t t/spec/S04-phasers/end.t t/spec/S04-phasers/enter-leave.t t/spec/S04-phasers/eval-in-begin.t t/spec/S04-phasers/first.t t/spec/S04-phasers/init.t t/spec/S04-phasers/in-eval.t t/spec/S04-phasers/in-loop.t t/spec/S04-phasers/keep-undo.t t/spec/S04-phasers/multiple.t t/spec/S04-phasers/next.t t/spec/S04-phasers/pre-post.t t/spec/S04-phasers/rvalue.t t/spec/S04-statement-modifiers/for.t t/spec/S04-statement-modifiers/given.t t/spec/S04-statement-modifiers/if.t t/spec/S04-statement-modifiers/unless.t t/spec/S04-statement-modifiers/until.t t/spec/S04-statement-modifiers/values_in_bool_context.t t/spec/S04-statement-modifiers/while.t t/spec/S04-statement-modifiers/with.t t/spec/S04-statement-modifiers/without.t t/spec/S04-statement-parsing/hash.t t/spec/S04-statements/do.t t/spec/S04-statements/for-scope.t t/spec/S04-statements/for.t t/spec/S04-statements/for_with_only_one_item.t t/spec/S04-statements/gather.t t/spec/S04-statements/given.t t/spec/S04-statements/if.t t/spec/S04-statements/label.t t/spec/S04-statements/last.t t/spec/S04-statements/loop.t t/spec/S04-statements/map-and-sort-in-for.t t/spec/S04-statements/next.t t/spec/S04-statements/no-implicit-block.t t/spec/S04-statements/once.t t/spec/S04-statements/quietly.t t/spec/S04-statements/redo.t t/spec/S04-statements/repeat.t t/spec/S04-statements/return.t t/spec/S04-statements/sink.t t/spec/S04-statements/terminator.t t/spec/S04-statements/try.t t/spec/S04-statements/unless.t t/spec/S04-statements/until.t t/spec/S04-statements/when.t t/spec/S04-statements/while.t t/spec/S04-statements/with.t t/spec/S05-capture/alias.t t/spec/S05-capture/array-alias.t t/spec/S05-capture/caps.t t/spec/S05-capture/dot.t t/spec/S05-capture/match-object.t t/spec/S05-capture/named.t t/spec/S05-capture/subrule.t t/spec/S05-grammar/action-stubs.t t/spec/S05-grammar/example.t t/spec/S05-grammar/inheritance.t t/spec/S05-grammar/methods.t t/spec/S05-grammar/namespace.t t/spec/S05-grammar/parse_and_parsefile.t t/spec/S05-grammar/polymorphism.t t/spec/S05-grammar/protoregex.t t/spec/S05-grammar/protos.t t/spec/S05-grammar/signatures.t t/spec/S05-grammar/ws.t t/spec/S05-interpolation/lexicals.t t/spec/S05-interpolation/regex-in-variable.t t/spec/S05-mass/charsets.t t/spec/S05-mass/named-chars.t t/spec/S05-mass/properties-block.t t/spec/S05-mass/properties-derived.t t/spec/S05-mass/properties-general.t t/spec/S05-mass/properties-script.t t/spec/S05-mass/recursive.t t/spec/S05-mass/rx.t t/spec/S05-mass/stdrules.t t/spec/S05-match/arrayhash.t t/spec/S05-match/blocks.t t/spec/S05-match/capturing-contexts.t t/spec/S05-match/make.t t/spec/S05-match/non-capturing.t t/spec/S05-match/perl.t t/spec/S05-match/positions.t t/spec/S05-metachars/closure.t t/spec/S05-metachars/line-anchors.t t/spec/S05-metachars/newline.t t/spec/S05-metachars/tilde.t t/spec/S05-metasyntax/angle-brackets.t t/spec/S05-metasyntax/assertions.t t/spec/S05-metasyntax/changed.t t/spec/S05-metasyntax/charset.t t/spec/S05-metasyntax/delimiters.t t/spec/S05-metasyntax/interpolating-closure.t t/spec/S05-metasyntax/litvar.t t/spec/S05-metasyntax/longest-alternative.t t/spec/S05-metasyntax/lookaround.t t/spec/S05-metasyntax/null.t t/spec/S05-metasyntax/proto-token-ltm.t t/spec/S05-metasyntax/regex.t t/spec/S05-metasyntax/repeat.t t/spec/S05-metasyntax/sequential-alternation.t t/spec/S05-metasyntax/single-quotes.t t/spec/S05-metasyntax/unknown.t t/spec/S05-metasyntax/unicode-property-pair.t t/spec/S05-modifier/continue.t t/spec/S05-modifier/counted-match.t t/spec/S05-modifier/counted.t t/spec/S05-modifier/global.t t/spec/S05-modifier/ignorecase.t t/spec/S05-modifier/ii.t t/spec/S05-modifier/my.t t/spec/S05-modifier/overlapping.t t/spec/S05-modifier/perl5_0.t t/spec/S05-modifier/perl5_1.t t/spec/S05-modifier/perl5_2.t t/spec/S05-modifier/perl5_3.t t/spec/S05-modifier/perl5_4.t t/spec/S05-modifier/perl5_5.t t/spec/S05-modifier/perl5_6.t t/spec/S05-modifier/perl5_7.t t/spec/S05-modifier/perl5_8.t t/spec/S05-modifier/perl5_9.t t/spec/S05-modifier/pos.t t/spec/S05-modifier/repetition-exhaustive.t t/spec/S05-modifier/repetition.t t/spec/S05-modifier/sigspace.t t/spec/S05-substitution/67222.t t/spec/S05-substitution/match.t t/spec/S05-substitution/subst.t t/spec/S05-transliteration/79778.t t/spec/S05-transliteration/trans.t t/spec/S05-transliteration/with-closure.t t/spec/S06-advanced/callframe.t t/spec/S06-advanced/callsame.t t/spec/S06-advanced/lexical-subs.t t/spec/S06-advanced/recurse.t t/spec/S06-advanced/return.t t/spec/S06-advanced/stub.t t/spec/S06-advanced/wrap.t t/spec/S06-currying/assuming-and-mmd.t t/spec/S06-currying/misc.t t/spec/S06-currying/named.t t/spec/S06-currying/positional.t t/spec/S06-currying/slurpy.t t/spec/S06-macros/errors.t t/spec/S06-macros/quasi-blocks.t t/spec/S06-macros/unquoting.t t/spec/S06-macros/opaque-ast.t t/spec/S06-multi/lexical-multis.t t/spec/S06-multi/positional-vs-named.t t/spec/S06-multi/proto.t t/spec/S06-multi/redispatch.t t/spec/S06-multi/subsignature.t t/spec/S06-multi/syntax.t t/spec/S06-multi/type-based.t t/spec/S06-multi/unpackability.t t/spec/S06-multi/value-based.t t/spec/S06-operator-overloading/imported-subs.t t/spec/S06-operator-overloading/methods.t t/spec/S06-operator-overloading/semicolon.t t/spec/S06-operator-overloading/sub.t t/spec/S06-operator-overloading/term.t t/spec/S06-operator-overloading/workout.t t/spec/S06-other/anon-hashes-vs-blocks.t t/spec/S06-other/introspection.t t/spec/S06-other/main-eval.t t/spec/S06-other/main.t t/spec/S06-other/main-usage.t t/spec/S06-other/main-semicolon.t t/spec/S06-other/misc.t t/spec/S06-other/pairs-as-lvalues.t t/spec/S06-parameters/smiley.t t/spec/S06-routine-modifiers/lvalue-subroutines.t t/spec/S06-routine-modifiers/native-lvalue-subroutines.t t/spec/S06-routine-modifiers/proxy.t t/spec/S06-routine-modifiers/scoped-named-subs.t t/spec/S06-signature/arity.t t/spec/S06-signature/caller-param.t t/spec/S06-signature/closure-over-parameters.t t/spec/S06-signature/closure-parameters.t t/spec/S06-signature/code.t t/spec/S06-signature/defaults.t t/spec/S06-signature/definite-return.t t/spec/S06-signature/errors.t t/spec/S06-signature/introspection.t t/spec/S06-signature/mixed-placeholders.t t/spec/S06-signature/multidimensional.t t/spec/S06-signature/multi-invocant.t t/spec/S06-signature/named-parameters.t t/spec/S06-signature/named-placeholders.t t/spec/S06-signature/named-renaming.t t/spec/S06-signature/optional.t t/spec/S06-signature/outside-subroutine.t t/spec/S06-signature/passing-arrays.t t/spec/S06-signature/passing-hashes.t t/spec/S06-signature/positional-placeholders.t t/spec/S06-signature/positional.t t/spec/S06-signature/scalar-type.t t/spec/S06-signature/sigilless.t t/spec/S06-signature/slurpy-and-interpolation.t t/spec/S06-signature/slurpy-params.t t/spec/S06-signature/slurpy-placeholders.t t/spec/S06-signature/sub-ref.t t/spec/S06-signature/tree-node-parameters.t t/spec/S06-signature/type-capture.t t/spec/S06-signature/types.t t/spec/S06-signature/unpack-array.t t/spec/S06-signature/unpack-object.t t/spec/S06-signature/unspecified.t t/spec/S06-traits/as.t t/spec/S06-traits/is-assoc.t t/spec/S06-traits/is-copy.t t/spec/S06-traits/is-readonly.t t/spec/S06-traits/is-rw.t t/spec/S06-traits/misc.t t/spec/S06-traits/native-is-copy.t t/spec/S06-traits/native-is-rw.t t/spec/S06-traits/precedence.t t/spec/S07-slip/slip.t t/spec/S06-traits/slurpy-is-rw.t t/spec/S09-autovivification/autoincrement.t t/spec/S09-autovivification/autovivification.t t/spec/S09-hashes/objecthash.t t/spec/S09-subscript/slice.t t/spec/S09-subscript/multidim-assignment.t t/spec/S09-typed-arrays/arrays.t t/spec/S09-typed-arrays/hashes.t t/spec/S09-typed-arrays/native.t t/spec/S09-typed-arrays/native-decl.t t/spec/S09-typed-arrays/native-int.t t/spec/S09-typed-arrays/native-num.t t/spec/S10-packages/basic.t t/spec/S10-packages/joined-namespaces.t t/spec/S10-packages/precompilation.t t/spec/S10-packages/use-with-class.t t/spec/S11-modules/export.t t/spec/S11-modules/importing.t t/spec/S11-modules/import-multi.t t/spec/S11-modules/import-tag.t t/spec/S11-modules/import.t t/spec/S11-modules/lexical.t t/spec/S11-modules/need.t t/spec/S11-modules/nested.t t/spec/S11-modules/require.t t/spec/S12-attributes/class.t t/spec/S12-attributes/clone.t t/spec/S12-attributes/defaults.t t/spec/S12-attributes/delegation.t t/spec/S12-attributes/inheritance.t t/spec/S12-attributes/instance.t t/spec/S12-attributes/mutators.t t/spec/S12-attributes/native.t t/spec/S12-attributes/recursive.t t/spec/S12-attributes/smiley.t t/spec/S12-attributes/undeclared.t t/spec/S12-class/anonymous.t t/spec/S12-class/attributes.t t/spec/S12-class/attributes-required.t t/spec/S12-class/augment-supersede.t t/spec/S12-class/basic.t t/spec/S12-class/declaration-order.t t/spec/S12-class/extending-arrays.t t/spec/S12-class/inheritance-class-methods.t t/spec/S12-class/inheritance.t t/spec/S12-class/instantiate.t t/spec/S12-class/interface-consistency.t t/spec/S12-class/lexical.t t/spec/S12-class/literal.t t/spec/S12-class/magical-vars.t t/spec/S12-class/mro.t t/spec/S12-class/namespaced.t t/spec/S12-class/open.t t/spec/S12-class/parent_attributes.t t/spec/S12-class/rw.t t/spec/S12-class/self-inheritance.t t/spec/S12-class/stubs.t t/spec/S12-class/type-object.t t/spec/S12-coercion/coercion-types.t t/spec/S12-construction/autopairs.t t/spec/S12-construction/BUILD.t t/spec/S12-construction/construction.t t/spec/S12-construction/named-params-in-BUILD.t t/spec/S12-construction/new.t t/spec/S12-enums/anonymous.t t/spec/S12-enums/as-role.t t/spec/S12-enums/basic.t t/spec/S12-enums/misc.t t/spec/S12-enums/non-int.t t/spec/S12-enums/pseudo-functional.t t/spec/S12-enums/thorough.t t/spec/S12-introspection/attributes.t t/spec/S12-introspection/can.t t/spec/S12-introspection/definite.t t/spec/S12-introspection/meta-class.t t/spec/S12-introspection/methods.t t/spec/S12-introspection/parents.t t/spec/S12-introspection/roles.t t/spec/S12-introspection/walk.t t/spec/S12-introspection/WHAT.t t/spec/S12-meta/exporthow.t t/spec/S12-meta/grammarhow.t t/spec/S12-meta/primitives.t t/spec/S12-methods/accessors.t t/spec/S12-methods/attribute-params.t t/spec/S12-methods/calling_sets.t t/spec/S12-methods/calling_syntax.t t/spec/S12-methods/chaining.t t/spec/S12-methods/class-and-instance.t t/spec/S12-methods/delegation.t t/spec/S12-methods/default-trait.t t/spec/S12-methods/defer-call.t t/spec/S12-methods/defer-next.t t/spec/S12-methods/fallback.t t/spec/S12-methods/how.t t/spec/S12-methods/indirect_notation.t t/spec/S12-methods/instance.t t/spec/S12-methods/lastcall.t t/spec/S12-methods/lvalue.t t/spec/S12-methods/method-vs-sub.t t/spec/S12-methods/multi.t t/spec/S12-methods/parallel-dispatch.t t/spec/S12-methods/private.t t/spec/S12-methods/qualified.t t/spec/S12-methods/submethods.t t/spec/S12-methods/syntax.t t/spec/S12-methods/topic.t t/spec/S12-methods/trusts.t t/spec/S12-methods/typed-attributes.t t/spec/S12-methods/what.t t/spec/S12-subset/multi-dispatch.t t/spec/S12-subset/subtypes.t t/spec/S13-overloading/metaoperators.t t/spec/S13-overloading/operators.t t/spec/S13-overloading/typecasting-long.t t/spec/S13-type-casting/methods.t t/spec/S14-roles/anonymous.t t/spec/S14-roles/attributes.t t/spec/S14-roles/basic.t t/spec/S14-roles/bool.t t/spec/S14-roles/composition.t t/spec/S14-roles/conflicts.t t/spec/S14-roles/crony.t t/spec/S14-roles/instantiation.t t/spec/S14-roles/lexical.t t/spec/S14-roles/mixin.t t/spec/S14-roles/namespaced.t t/spec/S14-roles/parameterized-basic.t t/spec/S14-roles/parameterized-mixin.t t/spec/S14-roles/parameterized-type.t t/spec/S14-roles/parameter-subtyping.t t/spec/S14-roles/stubs.t t/spec/S14-roles/submethods.t t/spec/S14-traits/attributes.t t/spec/S14-traits/routines.t t/spec/S15-literals/identifiers.t t/spec/S15-literals/numbers.t t/spec/S15-string-types/Str.t t/spec/S15-unicode-information/uniname.t t/spec/S16-filehandles/argfiles.t t/spec/S16-filehandles/chmod.t t/spec/S16-filehandles/filestat.t t/spec/S16-filehandles/filetest.t t/spec/S16-filehandles/io_in_for_loops.t t/spec/S16-filehandles/io_in_while_loops.t t/spec/S16-filehandles/io.t t/spec/S16-filehandles/mkdir_rmdir.t t/spec/S16-filehandles/open.t t/spec/S16-filehandles/unlink.t t/spec/S16-io/bare-say.t t/spec/S16-io/basic-open.t t/spec/S16-io/bom.t t/spec/S16-io/comb.t t/spec/S16-io/cwd.t t/spec/S16-io/getc.t t/spec/S16-io/lines.t t/spec/S16-io/newline.t t/spec/S16-io/note.t t/spec/S16-io/print.t t/spec/S16-io/say-and-ref.t t/spec/S16-io/say.t t/spec/S16-io/split.t t/spec/S16-io/supply.t t/spec/S16-io/tmpdir.t t/spec/S16-io/words.t t/spec/S16-unfiled/rebindstdhandles.t t/spec/S17-channel/basic.t t/spec/S17-channel/earliest.t t/spec/S17-lowlevel/lock.t t/spec/S17-lowlevel/thread.t t/spec/S17-lowlevel/thread-start-join-stress.t t/spec/S17-promise/allof.t t/spec/S17-promise/anyof.t t/spec/S17-promise/basic.t t/spec/S17-promise/in.t t/spec/S17-promise/start.t t/spec/S17-promise/stress.t t/spec/S17-promise/then.t t/spec/S17-scheduler/at.t t/spec/S17-scheduler/basic.t t/spec/S17-scheduler/every.t t/spec/S17-scheduler/in.t t/spec/S17-scheduler/times.t t/spec/S17-supply/act.t t/spec/S17-supply/basic.t t/spec/S17-supply/batch.t t/spec/S17-supply/categorize.t t/spec/S17-supply/Channel.t t/spec/S17-supply/classify.t t/spec/S17-supply/delayed.t t/spec/S17-supply/do.t t/spec/S17-supply/elems.t t/spec/S17-supply/flat.t t/spec/S17-supply/from-list.t t/spec/S17-supply/grab.t t/spec/S17-supply/grep.t t/spec/S17-supply/interval.t t/spec/S17-supply/last.t t/spec/S17-supply/lines.t t/spec/S17-supply/list.t t/spec/S17-supply/map.t t/spec/S17-supply/max.t t/spec/S17-supply/merge.t t/spec/S17-supply/migrate.t t/spec/S17-supply/min.t t/spec/S17-supply/minmax.t t/spec/S17-supply/on.t t/spec/S17-supply/on-demand.t t/spec/S17-supply/Promise.t t/spec/S17-supply/reduce.t t/spec/S17-supply/reverse.t t/spec/S17-supply/rotor.t t/spec/S17-supply/schedule-on.t t/spec/S17-supply/sort.t t/spec/S17-supply/squish.t t/spec/S17-supply/stable.t t/spec/S17-supply/start.t t/spec/S17-supply/syntax.t t/spec/S17-supply/throttle.t t/spec/S17-supply/unique.t t/spec/S17-supply/wait.t t/spec/S17-supply/watch-path.t t/spec/S17-supply/words.t t/spec/S17-supply/zip.t t/spec/S17-supply/zip-latest.t t/spec/S19-command-line/arguments.t t/spec/S19-command-line/dash-e.t t/spec/S19-command-line/help.t t/spec/S19-command-line/repl.t t/spec/S19-command-line-options/02-dash-n.t t/spec/S19-command-line-options/03-dash-p.t t/spec/S22-package-format/local.t t/spec/S24-testing/0-compile.t t/spec/S24-testing/3-output.t t/spec/S24-testing/line-numbers.t t/spec/S26-documentation/01-delimited.t t/spec/S26-documentation/02-paragraph.t t/spec/S26-documentation/03-abbreviated.t t/spec/S26-documentation/04-code.t t/spec/S26-documentation/05-comment.t t/spec/S26-documentation/06-lists.t t/spec/S26-documentation/07-tables.t t/spec/S26-documentation/08-formattingcodes.t t/spec/S26-documentation/09-configuration.t t/spec/S26-documentation/10-doc-cli.t t/spec/S26-documentation/block-leading.t t/spec/S26-documentation/block-trailing.t t/spec/S26-documentation/module-comment.t t/spec/S26-documentation/multiline-leading.t t/spec/S26-documentation/multiline-trailing.t t/spec/S26-documentation/wacky.t t/spec/S26-documentation/why-both.t t/spec/S26-documentation/why-trailing.t t/spec/S26-documentation/why-leading.t t/spec/S28-named-variables/cwd.t t/spec/S28-named-variables/inc.t t/spec/S29-any/cmp.t t/spec/S29-any/isa.t t/spec/S29-context/die.t t/spec/S29-context/eval.t t/spec/S29-context/evalfile.t t/spec/S29-context/exit-in-if.t t/spec/S29-context/exit.t t/spec/S29-context/sleep.t t/spec/S29-conversions/hash.t t/spec/S29-conversions/ord_and_chr.t t/spec/S29-os/system.t t/spec/S32-array/adverbs.t t/spec/S32-array/bool.t t/spec/S32-array/create.t t/spec/S32-array/delete.t t/spec/S32-array/delete-adverb.t t/spec/S32-array/delete-adverb-native.t t/spec/S32-array/elems.t t/spec/S32-array/end.t t/spec/S32-array/exists-adverb.t t/spec/S32-array/keys_values.t t/spec/S32-array/kv.t t/spec/S32-array/pairs.t t/spec/S32-array/perl.t t/spec/S32-array/pop.t t/spec/S32-array/push.t t/spec/S32-array/rotate.t t/spec/S32-array/shift.t t/spec/S32-array/splice.t t/spec/S32-array/unshift.t t/spec/S32-basics/warn.t t/spec/S32-basics/xxKEY.t t/spec/S32-basics/xxPOS.t t/spec/S32-container/cat.t t/spec/S32-container/roundrobin.t t/spec/S32-container/stringify.t t/spec/S32-container/zip.t t/spec/S32-exceptions/misc.t t/spec/S32-hash/adverbs.t t/spec/S32-hash/antipairs.t t/spec/S32-hash/delete.t t/spec/S32-hash/delete-adverb.t t/spec/S32-hash/exists.t t/spec/S32-hash/exists-adverb.t t/spec/S32-hash/invert.t t/spec/S32-hash/keys_values.t t/spec/S32-hash/kv.t t/spec/S32-hash/pairs.t t/spec/S32-hash/perl.t t/spec/S32-hash/push.t t/spec/S32-hash/slice.t t/spec/S32-io/IO-Socket-Async.t t/spec/S32-io/chdir.t t/spec/S32-io/copy.t t/spec/S32-io/dir.t t/spec/S32-io/file-tests.t t/spec/S32-io/io-handle.t t/spec/S32-io/io-spec-unix.t t/spec/S32-io/io-spec-win.t t/spec/S32-io/io-spec-cygwin.t t/spec/S32-io/io-path-unix.t t/spec/S32-io/io-path-win.t t/spec/S32-io/io-path-cygwin.t t/spec/S32-io/io-path.t t/spec/S32-io/IO-Socket-INET.t t/spec/S32-io/move.t t/spec/S32-io/note.t t/spec/S32-io/other.t t/spec/S32-io/pipe.t t/spec/S32-io/rename.t t/spec/S32-io/slurp.t t/spec/S32-io/spurt.t t/spec/S32-list/categorize.t t/spec/S32-list/classify.t t/spec/S32-list/create.t t/spec/S32-list/combinations.t t/spec/S32-list/end.t t/spec/S32-list/first.t t/spec/S32-list/first-end.t t/spec/S32-list/first-end-k.t t/spec/S32-list/first-end-p.t t/spec/S32-list/first-end-v.t t/spec/S32-list/first-k.t t/spec/S32-list/first-p.t t/spec/S32-list/first-v.t t/spec/S32-list/grep.t t/spec/S32-list/grep-k.t t/spec/S32-list/grep-kv.t t/spec/S32-list/grep-p.t t/spec/S32-list/grep-v.t t/spec/S32-list/head.t t/spec/S32-list/join.t t/spec/S32-list/map_function_return_values.t t/spec/S32-list/map.t t/spec/S32-list/minmax.t t/spec/S32-list/permutations.t t/spec/S32-list/pick.t t/spec/S32-list/produce.t t/spec/S32-list/reduce.t t/spec/S32-list/repeated.t t/spec/S32-list/reverse.t t/spec/S32-list/roll.t t/spec/S32-list/rotor.t t/spec/S32-list/seq.t t/spec/S32-list/sort.t t/spec/S32-list/tail.t t/spec/S32-list/unique.t t/spec/S32-list/squish.t t/spec/S32-num/abs.t t/spec/S32-num/base.t t/spec/S32-num/complex.t t/spec/S32-num/cool-num.t t/spec/S32-num/exp.t t/spec/S32-num/expmod.t t/spec/S32-num/fatrat.t t/spec/S32-num/int.t t/spec/S32-num/is-prime.t t/spec/S32-num/log.t t/spec/S32-num/narrow.t t/spec/S32-num/pi.t t/spec/S32-num/polar.t t/spec/S32-num/polymod.t t/spec/S32-num/power.t t/spec/S32-num/rand.t t/spec/S32-num/rat.t t/spec/S32-num/real-bridge.t t/spec/S32-num/roots.t t/spec/S32-num/rounders.t t/spec/S32-num/rshift_pos_amount.t t/spec/S32-num/sign.t t/spec/S32-num/sqrt.t t/spec/S32-num/stringify.t t/spec/S32-num/unpolar.t t/spec/S32-scalar/defined.t t/spec/S32-scalar/perl.t t/spec/S32-scalar/undef.t t/spec/S32-str/append.t t/spec/S32-str/bool.t t/spec/S32-str/capitalize.t t/spec/S32-str/chomp.t t/spec/S32-str/chop.t t/spec/S32-str/comb.t t/spec/S32-str/contains.t t/spec/S32-str/encode.t t/spec/S32-str/ends-with.t t/spec/S32-str/flip.t t/spec/S32-str/indent.t t/spec/S32-str/index.t t/spec/S32-str/indices.t t/spec/S32-str/lc.t t/spec/S32-str/length.t t/spec/S32-str/lines.t t/spec/S32-str/numeric.t t/spec/S32-str/ords.t t/spec/S32-str/pack.t t/spec/S32-str/pos.t t/spec/S32-str/rindex.t t/spec/S32-str/samemark.t t/spec/S32-str/samecase.t t/spec/S32-str/split-simple.t t/spec/S32-str/split.t t/spec/S32-str/sprintf.t t/spec/S32-str/sprintf-b.t t/spec/S32-str/starts-with.t t/spec/S32-str/substr.t t/spec/S32-str/substr-eq.t t/spec/S32-str/substr-rw.t t/spec/S32-str/tc.t t/spec/S32-str/tclc.t t/spec/S32-str/trim.t t/spec/S32-str/uc.t t/spec/S32-str/unpack.t t/spec/S32-str/words.t t/spec/S32-temporal/calendar.t t/spec/S32-temporal/Date.t t/spec/S32-temporal/DateTime-Instant-Duration.t t/spec/S32-temporal/DateTime.t t/spec/S32-temporal/local.t t/spec/S32-trig/atan2.t t/spec/S32-trig/cosech.t t/spec/S32-trig/cosec.t t/spec/S32-trig/cosh.t t/spec/S32-trig/cos.t t/spec/S32-trig/cotanh.t t/spec/S32-trig/cotan.t t/spec/S32-trig/e.t t/spec/S32-trig/pi.t t/spec/S32-trig/sech.t t/spec/S32-trig/sec.t t/spec/S32-trig/simple.t t/spec/S32-trig/sinh.t t/spec/S32-trig/sin.t t/spec/S32-trig/tanh.t t/spec/S32-trig/tan.t t/spec/integration/99problems-01-to-10.t t/spec/integration/99problems-11-to-20.t t/spec/integration/99problems-21-to-30.t t/spec/integration/99problems-31-to-40.t t/spec/integration/99problems-41-to-50.t t/spec/integration/99problems-51-to-60.t t/spec/integration/99problems-61-to-70.t t/spec/integration/advent2009-day01.t t/spec/integration/advent2009-day02.t t/spec/integration/advent2009-day03.t t/spec/integration/advent2009-day04.t t/spec/integration/advent2009-day05.t t/spec/integration/advent2009-day06.t t/spec/integration/advent2009-day07.t t/spec/integration/advent2009-day08.t t/spec/integration/advent2009-day09.t t/spec/integration/advent2009-day10.t t/spec/integration/advent2009-day11.t t/spec/integration/advent2009-day12.t t/spec/integration/advent2009-day13.t t/spec/integration/advent2009-day14.t t/spec/integration/advent2009-day15.t t/spec/integration/advent2009-day16.t t/spec/integration/advent2009-day17.t t/spec/integration/advent2009-day18.t t/spec/integration/advent2009-day19.t t/spec/integration/advent2009-day20.t t/spec/integration/advent2009-day21.t t/spec/integration/advent2009-day22.t t/spec/integration/advent2009-day23.t t/spec/integration/advent2009-day24.t t/spec/integration/advent2010-day03.t t/spec/integration/advent2010-day04.t t/spec/integration/advent2010-day06.t t/spec/integration/advent2010-day07.t t/spec/integration/advent2010-day08.t t/spec/integration/advent2010-day10.t t/spec/integration/advent2010-day11.t t/spec/integration/advent2010-day12.t t/spec/integration/advent2010-day14.t t/spec/integration/advent2010-day16.t t/spec/integration/advent2010-day19.t t/spec/integration/advent2010-day21.t t/spec/integration/advent2010-day22.t t/spec/integration/advent2010-day23.t t/spec/integration/advent2011-day03.t t/spec/integration/advent2011-day04.t t/spec/integration/advent2011-day05.t t/spec/integration/advent2011-day07.t t/spec/integration/advent2011-day10.t t/spec/integration/advent2011-day11.t t/spec/integration/advent2011-day14.t t/spec/integration/advent2011-day15.t t/spec/integration/advent2011-day16.t t/spec/integration/advent2011-day20.t t/spec/integration/advent2011-day22.t t/spec/integration/advent2011-day23.t t/spec/integration/advent2011-day24.t t/spec/integration/advent2012-day02.t t/spec/integration/advent2012-day03.t t/spec/integration/advent2012-day04.t t/spec/integration/advent2012-day06.t t/spec/integration/advent2012-day09.t t/spec/integration/advent2012-day10.t t/spec/integration/advent2012-day12.t t/spec/integration/advent2012-day13.t t/spec/integration/advent2012-day14.t t/spec/integration/advent2012-day15.t t/spec/integration/advent2012-day16.t t/spec/integration/advent2012-day19.t t/spec/integration/advent2012-day20.t t/spec/integration/advent2012-day21.t t/spec/integration/advent2012-day22.t t/spec/integration/advent2012-day23.t t/spec/integration/advent2012-day24.t t/spec/integration/advent2013-day02.t t/spec/integration/advent2013-day04.t t/spec/integration/advent2013-day06.t t/spec/integration/advent2013-day07.t t/spec/integration/advent2013-day08.t t/spec/integration/advent2013-day09.t t/spec/integration/advent2013-day10.t t/spec/integration/advent2013-day12.t t/spec/integration/advent2013-day14.t t/spec/integration/advent2013-day15.t t/spec/integration/advent2013-day18.t t/spec/integration/advent2013-day19.t t/spec/integration/advent2013-day20.t t/spec/integration/advent2013-day21.t t/spec/integration/advent2013-day22.t t/spec/integration/advent2013-day23.t t/spec/integration/advent2014-day05.t t/spec/integration/advent2014-day13.t t/spec/integration/advent2014-day16.t t/spec/integration/code-blocks-as-sub-args.t t/spec/integration/error-reporting.t t/spec/integration/lazy-bentley-generator.t t/spec/integration/lexical-array-in-inner-block.t t/spec/integration/lexicals-and-attributes.t t/spec/integration/man-or-boy.t t/spec/integration/method-calls-and-instantiation.t t/spec/integration/no-indirect-new.t t/spec/integration/packages.t t/spec/integration/pair-in-array.t t/spec/integration/passing-pair-class-to-sub.t t/spec/integration/real-strings.t t/spec/integration/role-composition-vs-attribute.t t/spec/integration/rule-in-class-Str.t t/spec/integration/say-crash.t t/spec/integration/substr-after-match-in-gather-in-for.t t/spec/integration/topic_in_double_loop.t t/spec/integration/variables-in-do.t t/spec/integration/weird-errors.t t/spec/rosettacode/greatest_element_of_a_list.t t/spec/rosettacode/sierpinski_triangle.t
                                                   pass fail todo skip plan
S01-perl-5-integration/array.rakudo.jvm............   0    0    0   17   17
    17 skipped: <unknown>
S01-perl-5-integration/basic.rakudo.jvm............   0    0    0   15   15
    15 skipped: <unknown>
S01-perl-5-integration/class.rakudo.jvm............   0    0    0    3    3
     3 skipped: <unknown>
S01-perl-5-integration/exception_handling.t........   0    0    0    3    3
     3 skipped: no perl 5 support
S01-perl-5-integration/hash.rakudo.jvm.............   0    0    0    6    6
     6 skipped: <unknown>
S01-perl-5-integration/import.rakudo.jvm...........   0    0    0    3    3
     3 skipped: <unknown>
S01-perl-5-integration/method.rakudo.jvm...........   0    0    0   13   13
    13 skipped: <unknown>
S01-perl-5-integration/return.rakudo.jvm...........   0    0    0    2    2
     2 skipped: <unknown>
S01-perl-5-integration/roundtrip.t.................   0    0    0    5    5
     5 skipped: <unknown>
S01-perl-5-integration/strings.rakudo.jvm..........   0    0    0    6    6
     6 skipped: <unknown>
S01-perl-5-integration/subs.t......................   0    0    0    2    2
     2 skipped: <unknown>
                                                   pass fail todo skip plan
S02-lexical-conventions/begin_end_pod.t............   2    0    0    0    2
S02-lexical-conventions/bom.t......................   1    0    0    0    1
S02-lexical-conventions/comments.t.................  51    0    0    0   51
S02-lexical-conventions/end-pod.t..................   1    0    0    0    1
S02-lexical-conventions/minimal-whitespace.t.......   0   13    0    0   13
    13 tests aborted (missing ok/not ok)
S02-lexical-conventions/one-pass-parsing.t.........   5    0    0    0    5
S02-lexical-conventions/pod-in-multi-line-exprs.t..   3    0    0    0    3
S02-lexical-conventions/sub-block-parsing.t........  11    0    0    0   11
S02-lexical-conventions/unicode-whitespace.t.......  50    0    0    0   50
S02-lexical-conventions/unicode.rakudo.jvm.........  42    0    0    2   44
     2 skipped: VOWEL SIGNs in identifiers; RT #122340
S02-lexical-conventions/unspace.rakudo.jvm.........   4   83    0    0   87
    83 tests aborted (missing ok/not ok)
S02-lists/indexing.t...............................   2    0    0    0    2
S02-lists/tree.t...................................  10    0    0    0   10
S02-literals/adverbs.rakudo.jvm....................  27    0    2    3   32
     3 skipped: Type check failed; expected 'Any' but got 'Mu'
     2 todo   : :@<...> and :%<...> broken needs RT
S02-literals/allomorphic.t.........................  99    0    0    0   99
S02-literals/array-interpolation.t.................  12    0    0    0   12
S02-literals/autoref.t.............................   4   34    0    0   38
    34 tests aborted (missing ok/not ok)
S02-literals/char-by-name.rakudo.jvm...............   9    0    0    1   10
     1 skipped: \c[LINE FEED] not valid: RT #117683
S02-literals/char-by-number.t......................  38    0    0    0   38
S02-literals/fmt-interpolation.t...................  11    0    0    0   11
S02-literals/hash-interpolation.t..................  10    0    0    0   10
S02-literals/heredocs.t............................   0   22    0    0   22
    22 tests aborted (missing ok/not ok)
S02-literals/hex_chars.t...........................   4    0    0    0    4
S02-literals/listquote-whitespace.t................  12    0    0    0   12
S02-literals/listquote.rakudo.jvm..................   1   22    1    0   24
     1 todo   : meta operators RT \#124558
    22 tests aborted (missing ok/not ok)
S02-literals/misc-interpolation.rakudo.jvm.........  46    4    0    0   50
     4 tests aborted (missing ok/not ok)
S02-literals/numeric.rakudo.jvm....................  11   41    1    0   53
     1 todo   : Unsure of what's acceptable for val()
    41 tests aborted (missing ok/not ok)
S02-literals/pair-boolean.t........................   6    0    0    0    6
S02-literals/pairs.t...............................  76    0    0    0   76
S02-literals/pod.rakudo.jvm........................   0    0    0    5    5
     3 skipped: isn't the iterator exhausted already, since it's been used previously?
     2 skipped: postcircumfix:<{ }> not defined for type Array RT #125130
S02-literals/quoting-unicode.t.....................  89    0    0    0   89
S02-literals/quoting.t............................. 176    0    0    0  176
S02-literals/radix.rakudo.jvm......................  17  137    0    0  154
   137 tests aborted (missing ok/not ok)
S02-literals/string-interpolation.t................   0   16    0    0   16
    16 tests aborted (missing ok/not ok)
S02-literals/sub-calls.t...........................  20    0    0    0   20
S02-literals/subscript.t...........................   2    0    0    0    2
S02-literals/types.t...............................   7    0    0    0    7
S02-literals/underscores.t.........................  19    0    0    0   19
S02-literals/version.rakudo.jvm....................  25    5    1    0   31
     1 todo   : trailing zeroes fail RT \#124562
     5 tests aborted (missing ok/not ok)
S02-magicals/78258.t...............................   1    0    0    0    1
S02-magicals/DISTRO.rakudo.jvm.....................   3   11    0   14   28
    14 skipped: unimpl $?DISTRO RT #124616
    11 tests aborted (missing ok/not ok)
S02-magicals/KERNEL.rakudo.jvm.....................   3   21    0   16   40
    16 skipped: unimpl $?KERNEL RT #124624
    21 tests aborted (missing ok/not ok)
S02-magicals/PERL.rakudo.jvm.......................   3   22    0   25   50
    25 skipped: unimpl $?PERL RT #124581
    22 tests aborted (missing ok/not ok)
S02-magicals/VM.rakudo.jvm.........................   4   12    0   16   32
     1 skipped: unimpl $?VM
    15 skipped: unimpl $?VM RT #124608
    12 tests aborted (missing ok/not ok)
S02-magicals/args.t................................   3    3    0    0    6
     3 tests aborted (missing ok/not ok)
S02-magicals/block.t...............................   3    0    0    0    3
S02-magicals/dollar-underscore.t...................  11    0    0    0   11
S02-magicals/dollar_bang.t.........................  15    0    0    0   15
S02-magicals/env.rakudo.jvm........................  17    0    0    1   18
     1 skipped: import fails, ENV not available: RT #122339
S02-magicals/file_line.t...........................   2    0    0    0    2
S02-magicals/pid.t.................................   0    2    0    0    2
     2 tests aborted (missing ok/not ok)
S02-magicals/progname.t............................   3    1    0    0    4
     1 tests aborted (missing ok/not ok)
S02-magicals/sub.rakudo.jvm........................   3    7    0    0   10
     7 tests aborted (missing ok/not ok)
S02-magicals/subname.t.............................   4    0    0    0    4
S02-names-vars/contextual.t........................  24    0    0    0   24
S02-names-vars/fmt.t...............................  21    0    0    0   21
S02-names-vars/list_array_perl.rakudo.jvm..........  24    0    0    1   25
     1 skipped: RT #126518
S02-names-vars/names.rakudo.jvm....................   9  127    0    8  144
     4 skipped: ::{ } package lookup NYI RT #124638
     2 skipped: package variable autovivification RT #124637
     2 skipped: this kind of lookup NYI RT #125659
   127 tests aborted (missing ok/not ok)
S02-names-vars/perl.rakudo.jvm..................... 112    0    1    3  116
     2 skipped: RT #126518
     1 skipped: RT #67790
     1 todo   : RT \#123048
S02-names-vars/signature.t.........................   0   13    0    0   13
    13 tests aborted (missing ok/not ok)
S02-names-vars/variables-and-packages.rakudo.jvm...  35    0    3    0   38
     3 todo   : nom regression: RT \#122346
S02-names-vars/varnames.rakudo.jvm.................  27    0    2    0   29
     2 todo   : cannot easily override [] at the moment
S02-names/bare-sigil.t.............................   8    3    0    0   11
     3 tests aborted (missing ok/not ok)
S02-names/caller.t.................................   6    9    0    0   15
     9 tests aborted (missing ok/not ok)
S02-names/identifier.t.............................  22    0    0    0   22
S02-names/indirect.t...............................  10    0    0    0   10
S02-names/is_cached.rakudo.jvm.....................  33    4    1    0   38
     1 todo   : is cached is only a hint: RT \#122425
     4 tests aborted (missing ok/not ok)
S02-names/is_default.rakudo.jvm....................   2  108    0    0  110
   107 tests aborted (missing ok/not ok)
S02-names/is_dynamic.t.............................  22    0    0    0   22
S02-names/name.t...................................  24    0    0    0   24
S02-names/our.rakudo.jvm...........................   9    0    0    1   10
     1 skipped: OUR::subname() does not work
S02-names/pseudo.rakudo.jvm........................  15   88    1   40  144
     4 skipped: the binding in here is NYI RT #124914
    36 skipped: various issues, skipping all for now RT #124915
     1 todo   : interpolation and auto-viv NYI
    88 tests aborted (missing ok/not ok)
S02-names/strict.rakudo.jvm........................   5    0    0    1    6
     1 skipped: lax mode does not propagate into EVAL yet RT #124912
S02-names/symbolic-deref.rakudo.jvm................  32    0    2    2   36
     2 skipped: NYI RT #124913
     1 todo   : NYI
     1 todo   : no such symbol
S02-one-pass-parsing/less-than.t...................   9    0    0    0    9
S02-packages/package-lookup.t......................   7    0    0    0    7
S02-types/WHICH.rakudo.jvm.........................1600    0    0   44 1644
    44 skipped: NYI on jvm - RT #126524 / RT #124500
S02-types/anon_block.rakudo.jvm....................  36    0    4    2   42
     2 skipped: tests don't work if previous test fails
     3 todo   : ? RT \#124493
     1 todo   : Parrot support for zero-arg subs?
S02-types/array-shapes.rakudo.jvm..................   8    0    2   15   25
    15 skipped: array shapes NYI RT #124502
     2 todo   : X::AdHoc "This type cannot unbox to a native integer" RT \#125123
S02-types/array.rakudo.jvm.........................   0   97    0    0   97
    97 tests aborted (missing ok/not ok)
S02-types/array_extending.t........................  18    3    0    0   21
     3 tests aborted (missing ok/not ok)
S02-types/array_ref.t..............................  45    0    0    0   45
S02-types/assigning-refs.t.........................  18    0    0    0   18
S02-types/autovivification.t.......................  25    0    0    0   25
S02-types/bag.rakudo.jvm...........................  82  123    0    0  205
   123 tests aborted (missing ok/not ok)
S02-types/baghash.rakudo.jvm.......................  31  229    0    0  260
   228 tests aborted (missing ok/not ok)
S02-types/bool.rakudo.jvm..........................  51    1    1    0   53
     1 todo   : RT \#72580
     1 tests aborted (missing ok/not ok)
S02-types/built-in.t...............................   1    0    0    0    1
S02-types/capture.rakudo.jvm.......................  27    5    0    0   32
     5 tests aborted (missing ok/not ok)
S02-types/catch_type_cast_mismatch.t...............  11    0    0    0   11
S02-types/compact.rakudo.jvm.......................   2    7    1    0   10
     1 todo   : substr issues on compact array - RT \#124455
     7 tests aborted (missing ok/not ok)
S02-types/declare.rakudo.jvm.......................  16   52    0    2   70
     1 skipped: Bit NYI RT #124458
     1 skipped: Integral NYI RT #124460
    52 tests aborted (missing ok/not ok)
S02-types/fatrat.t.................................   1    0    0    0    1
S02-types/flattening.t.............................   0   46    0    0   46
    46 tests aborted (missing ok/not ok)
S02-types/hash.rakudo.jvm..........................  63   32    0    0   95
    32 tests aborted (missing ok/not ok)
S02-types/hash_ref.rakudo.jvm......................  26    0    0    5   31
     5 skipped: RT #126518
S02-types/infinity.rakudo.jvm......................   5    3    1    4   13
     2 skipped: integer Inf RT #124451
     2 skipped: integer Inf RT #124452
     1 todo   : Int conversion of NaN and Inf RT \#124453
     3 tests aborted (missing ok/not ok)
S02-types/instants-and-durations.t.................  12    0    0    0   12
S02-types/int-uint.t...............................   1    0    0    0    1
S02-types/isDEPRECATED.rakudo.jvm..................   0   21    0    0   21
    21 tests aborted (missing ok/not ok)
S02-types/keyhash.rakudo.jvm.......................   0    0    0   59   59
    59 skipped: 'is ObjectType' NYI RT #124490
S02-types/lazy-lists.t.............................   0   23    0    0   23
    23 tests aborted (missing ok/not ok)
S02-types/list.t...................................  61    0    0    0   61
S02-types/lists.rakudo.jvm.........................  29    0    0    3   32
     3 skipped: list binding RT #124494
S02-types/mix.rakudo.jvm...........................   0  192    0    0  192
   192 tests aborted (missing ok/not ok)
S02-types/mixed_multi_dimensional.rakudo.jvm.......  77    2    1    0   80
     1 todo   : isa hash
     2 tests aborted (missing ok/not ok)
S02-types/mixhash.rakudo.jvm.......................  31  198    0    0  229
   197 tests aborted (missing ok/not ok)
S02-types/multi_dimensional_array.rakudo.jvm.......  48    0    0   10   58
     6 skipped: multi-dim sized arrays NYI RT #124482
     4 skipped: multi-dim sized arrays NYI RT #124483
S02-types/nan.rakudo.jvm...........................  20    0    0    1   21
     1 skipped: RT #83446
S02-types/native.rakudo.jvm........................  26   25    1    0   52
     1 todo   : RT \#102416 - though maybe wrong test? Not sure .WHAT is *that* magic
    25 tests aborted (missing ok/not ok)
S02-types/nested_arrays.t..........................  10    0    0    0   10
S02-types/nested_pairs.t...........................  14    0    0    0   14
S02-types/nil.rakudo.jvm...........................  46    0    5    1   52
     1 skipped: triage
     5 todo   : triage
S02-types/num.t....................................  66    0    0    0   66
S02-types/pair.rakudo.jvm..........................  90   86    1    0  177
     1 todo   : should it really have \n on the end?
    86 tests aborted (missing ok/not ok)
S02-types/parsing-bool.t...........................   4    0    0    0    4
S02-types/range.t..................................  15  153    0    0  168
   153 tests aborted (missing ok/not ok)
S02-types/set.rakudo.jvm...........................   0  174    0    0  174
   174 tests aborted (missing ok/not ok)
S02-types/sethash.rakudo.jvm....................... 192    0    0   10  202
    10 skipped: 'is TypeObject' NYI RT #124490
S02-types/sigils-and-types.rakudo.jvm..............  25    0    2    0   27
     1 todo   : Capture does Associative RT \#124485
     1 todo   : Capture does Positional RT \#124484
S02-types/stash.t..................................   1    0    0    0    1
S02-types/subscripts_and_context.t.................   6    2    0    0    8
     2 tests aborted (missing ok/not ok)
S02-types/subset.t.................................  44    0    0    0   44
S02-types/type.rakudo.jvm..........................  73    0    1    0   74
     1 todo   : nigh
S02-types/undefined-types.rakudo.jvm...............  11   37    1    0   49
     1 todo   : .clone doesn't copy typedness
    37 tests aborted (missing ok/not ok)
S02-types/unicode.rakudo.jvm.......................   2    2    1    0    5
     1 todo   : NFG on JVM RT \#124500
     2 tests aborted (missing ok/not ok)
S02-types/version.t................................  36    0    0    0   36
S02-types/whatever.rakudo.jvm......................  17   92    0    0  109
    92 tests aborted (missing ok/not ok)
                                                   pass fail todo skip plan
S03-binding/arrays.t...............................   5   42    0    0   47
    42 tests aborted (missing ok/not ok)
S03-binding/attributes.rakudo.jvm..................   9    0    0    3   12
     3 skipped: class attributes RT #124631
S03-binding/closure.t..............................   8    0    0    0    8
S03-binding/hashes.t...............................  39    0    0    0   39
S03-binding/nested.t...............................  43    0    0    0   43
S03-binding/ro.rakudo.jvm..........................   1    9    1    0   11
     1 todo   : nom regression
     9 tests aborted (missing ok/not ok)
S03-binding/scalars.rakudo.jvm.....................  24    0    0    9   33
     9 skipped: list binding: RT #122369
S03-feeds/basic.rakudo.jvm.........................   7   15    1    0   23
     1 todo   : feeds + signatures
    15 tests aborted (missing ok/not ok)
S03-junctions/associative.t........................  10    0    0    0   10
S03-junctions/autothreading.t......................   0  104    0    0  104
   104 tests aborted (missing ok/not ok)
S03-junctions/boolean-context.t....................   2   72    0    0   74
    72 tests aborted (missing ok/not ok)
S03-junctions/misc.t...............................   8  134    0    0  142
   134 tests aborted (missing ok/not ok)
S03-metaops/cross.rakudo.jvm.......................  49    0    1    3   53
     3 skipped: RT #126493
     1 todo   : code does not die
S03-metaops/eager-hyper.rakudo.jvm.................   0    8    0    0    8
     8 tests aborted (missing ok/not ok)
S03-metaops/hyper.rakudo.jvm....................... 393    0    2    7  402
     1 skipped: EVAL(Buf) RT #122256
     5 skipped: RT #126528
     1 skipped: doesn't seem to see the nodal
     1 todo   : RT \#126527
     1 todo   : can_meta check for meta operators NYI
S03-metaops/not.t..................................  46    0    0    0   46
S03-metaops/reduce.rakudo.jvm......................  60  315    0    0  375
   315 tests aborted (missing ok/not ok)
S03-metaops/reverse.rakudo.jvm.....................  47    0    1    0   48
     1 todo   : RT \#118791 Rxx does not yet thunk the RHS
S03-metaops/zip.rakudo.jvm.........................  49    0    0    4   53
     4 skipped: RT #126493
S03-operators/adverbial-modifiers.rakudo.jvm.......  41    0    1    0   42
     1 todo   : Multi colonpair syntax not yet understood RT \#124553
S03-operators/also.rakudo.jvm......................   2    5    1    0    8
     1 todo   : nom regression RT \#124544
     5 tests aborted (missing ok/not ok)
S03-operators/andthen.t............................   8    0    0    0    8
S03-operators/arith.t.............................. 157    0    0    0  157
S03-operators/assign-is-not-binding.t..............   9    0    0    0    9
S03-operators/assign.rakudo.jvm.................... 264    0   16   14  294
     3 skipped: ,= needs to be special cased after GLR to compile to push(@a, 3, 4)
     2 skipped: RT #76734
     3 skipped: cannot modify an immutable value RT #124533
     6 skipped: ~< and ~> NYI RT #124531
     2 todo   : ,= needs to be special cased after GLR to compile to push(@a, 3, 4)
     2 todo   : item assignment
     1 todo   : item/list assignment
     2 todo   : list assignment
     5 todo   : list assignment to scalar
     1 todo   : list assignment with ($var, *)
     3 todo   : list assignment, autovivification (?)
S03-operators/autoincrement-range.t................  96    0    0    0   96
S03-operators/autoincrement.t......................   5   74    0    0   79
    74 tests aborted (missing ok/not ok)
S03-operators/autovivification.t...................  23    0    0    0   23
S03-operators/bag.rakudo.jvm.......................  28   99    1    0  128
     1 todo   : Rakudo update in progress, but not done yet RT \#124529
    99 tests aborted (missing ok/not ok)
S03-operators/basic-types.t........................  19    0    0    0   19
S03-operators/bit.t................................  38    0    0    0   38
S03-operators/boolean-bitwise.t....................  45    0    0    0   45
S03-operators/brainos.t............................   3    6    0    0    9
     5 tests aborted (missing ok/not ok)
S03-operators/buf.rakudo.jvm.......................  51    0    0    2   53
     2 skipped: RT #126530
S03-operators/chained-declarators.t................   0    5    0    0    5
     4 tests aborted (missing ok/not ok)
S03-operators/cmp.t................................  31    0    0    0   31
S03-operators/comparison-simple.t..................  24    0    0    0   24
S03-operators/comparison.t.........................  41    0    0    0   41
S03-operators/composition.t........................  10    0    0    0   10
S03-operators/context-forcers.rakudo.jvm........... 104    0    0    2  106
     2 skipped: failure modes of Str.Numeric RT #124540
S03-operators/context.t............................  37    0    0    0   37
S03-operators/custom.t.............................   1    0    0    0    1
S03-operators/div.t................................   7    0    0    0    7
S03-operators/equality.t...........................  10   36    0    0   46
    36 tests aborted (missing ok/not ok)
S03-operators/eqv.rakudo.jvm.......................   0   54    0    0   54
    54 tests aborted (missing ok/not ok)
S03-operators/fiddly.t.............................   1    0    0    0    1
S03-operators/flip-flop.rakudo.jvm.................  19   21    0    0   40
    21 tests aborted (missing ok/not ok)
S03-operators/gcd.t................................  16    0    0    0   16
S03-operators/identity.rakudo.jvm..................  32   12    1    0   45
     1 todo   : unspecced
    12 tests aborted (missing ok/not ok)
S03-operators/increment.rakudo.jvm.................  28    0    9    0   37
     9 todo   : RT \#126531
S03-operators/infixed-function.t...................   5    0    0    0    5
S03-operators/inplace.rakudo.jvm...................  27    0    0    4   31
     4 skipped: Method '' not found for invocant of class 'Str' RT #124528
S03-operators/is-divisible-by.rakudo.jvm...........  14    0    1    0   15
     1 todo   : not sure why this doesn't fire
S03-operators/lcm.t................................  15    0    0    0   15
S03-operators/list-quote-junction.t................  16    0    0    0   16
S03-operators/minmax.rakudo.jvm....................  28    0    0    2   30
     2 skipped: Annoying test that we haven't done the obvious yet unspecced, fails because we have indeed done the obvious RT #124539
S03-operators/misc.rakudo.jvm......................  22   16    0    0   38
    16 tests aborted (missing ok/not ok)
S03-operators/mix.rakudo.jvm.......................  28   99    1    0  128
     1 todo   : Rakudo update in progress, but not done yet RT \#124541
    99 tests aborted (missing ok/not ok)
S03-operators/names.t..............................   5    2    0    0    7
     2 tests aborted (missing ok/not ok)
S03-operators/nesting.t............................  26    0    0    0   26
S03-operators/not.t................................  22    0    0    0   22
S03-operators/numeric-shift.t......................  37    0    0    0   37
S03-operators/orelse.t.............................   9    1    0    0   10
     1 tests aborted (missing ok/not ok)
S03-operators/overflow.t...........................   0   98    0    0   98
    98 tests aborted (missing ok/not ok)
S03-operators/precedence.rakudo.jvm................  25   39    0    0   64
    39 tests aborted (missing ok/not ok)
S03-operators/range-basic.t........................ 110    0    0    0  110
S03-operators/range-int.t..........................  56  424    0    0  480
   424 tests aborted (missing ok/not ok)
S03-operators/range.t..............................  47   78    0    0  125
    78 tests aborted (missing ok/not ok)
S03-operators/reduce-le1arg.rakudo.jvm.............  51    0    0    3   54
     1 skipped: expected Any but got Mu instead RT #124552
     1 skipped: ~< NYI RT #124531
     1 skipped: ~> NYI RT #124531
S03-operators/relational.rakudo.jvm................  82   41    1    0  124
     1 todo   : RT \#81336
    41 tests aborted (missing ok/not ok)
S03-operators/repeat.t.............................  32    0    0    0   32
S03-operators/scalar-assign.t......................   4    0    0    0    4
S03-operators/set.t................................ 291    1    0    0  292
     1 tests aborted (missing ok/not ok)
S03-operators/short-circuit.t......................  59   24    0    0   83
    24 tests aborted (missing ok/not ok)
S03-operators/so.t.................................  15    0    0    0   15
S03-operators/spaceship-and-containers.t...........   6    0    0    0    6
S03-operators/spaceship.t..........................   5    0    0    0    5
S03-operators/subscript-adverbs.t.................. 110    0    0    0  110
S03-operators/subscript-vs-lt.t....................   4    0    0    0    4
S03-operators/ternary.t............................  27    0    0    0   27
S03-operators/value_equivalence.rakudo.jvm.........   0   85    0    0   85
    85 tests aborted (missing ok/not ok)
S03-sequence/arity-2-or-more.t.....................  20    0    0    0   20
S03-sequence/arity0.t..............................  13    0    0    0   13
S03-sequence/basic.t...............................  83   60    0    0  143
    60 tests aborted (missing ok/not ok)
S03-sequence/limit-arity-2-or-more.t...............   8    0    0    0    8
S03-sequence/misc.t................................  30    0    0    0   30
S03-sequence/nonnumeric.rakudo.jvm.................  27    0    0   17   44
    11 skipped: hangs RT #125049
     6 skipped: lifting comparison ops RT #125050
S03-smartmatch/any-any.t...........................   8    0    0    0    8
S03-smartmatch/any-bool.t..........................   8    0    0    0    8
S03-smartmatch/any-callable.t......................   6    0    0    0    6
S03-smartmatch/any-complex.t.......................  12    0    0    0   12
S03-smartmatch/any-hash-pair.t.....................   7    0    0    0    7
S03-smartmatch/any-method.t........................   4    0    0    0    4
S03-smartmatch/any-num.t...........................  19    0    0    0   19
S03-smartmatch/any-pair.t..........................  10    0    0    0   10
S03-smartmatch/any-str.t...........................   5    0    0    0    5
S03-smartmatch/any-sub.t...........................   8    0    0    0    8
S03-smartmatch/any-type.t..........................  15    0    0    0   15
S03-smartmatch/array-array.t.......................  68    0    0    0   68
S03-smartmatch/array-hash.rakudo.jvm...............   0    0    0    6    6
     6 skipped: RT #124444
S03-smartmatch/capture-signature.t.................   6    0    0    0    6
S03-smartmatch/disorganized.t......................  42    0    0    0   42
S03-smartmatch/hash-hash.rakudo.jvm................   0   15    1    0   16
     1 todo   : NYI
    15 tests aborted (missing ok/not ok)
S03-smartmatch/range-range.t.......................  14    0    0    0   14
S03-smartmatch/regex-hash.t........................   4    0    0    0    4
S03-smartmatch/scalar-hash.t.......................   3    0    0    0    3
S03-smartmatch/signature-signature.rakudo.jvm......   5   14    0    0   19
    14 tests aborted (missing ok/not ok)
                                                   pass fail todo skip plan
S04-blocks-and-statements/let.rakudo.jvm...........   8    3    1    0   12
     1 todo   : let restore on exception, RT \#121647
     3 tests aborted (missing ok/not ok)
S04-blocks-and-statements/pointy-rw.t..............  10    0    0    0   10
S04-blocks-and-statements/pointy.rakudo.jvm........   8    9    1    0   18
     1 todo   : pointy blocks and last/redo RT \#124973
     9 tests aborted (missing ok/not ok)
S04-blocks-and-statements/temp.rakudo.jvm..........  30    0    6    0   36
     6 todo   : TEMP phasers NYI
S04-declarations/constant.rakudo.jvm...............  66    0    4    0   70
     3 todo   : COMPILING RT \#125054
     1 todo   : constants as type constraints
S04-declarations/implicit-parameter.t..............  20    0    0    0   20
S04-declarations/multiple.rakudo.jvm...............   0    6    0    0    6
     6 tests aborted (missing ok/not ok)
S04-declarations/my.rakudo.jvm.....................   0   98    0    0   98
    98 tests aborted (missing ok/not ok)
S04-declarations/our.t.............................  31    0    0    0   31
S04-declarations/smiley.t..........................  60    0    0    0   60
S04-declarations/state.rakudo.jvm..................   0   41    0    0   41
    41 tests aborted (missing ok/not ok)
S04-declarations/will.rakudo.jvm...................   1   18    1    0   20
     1 todo   : will init NYI
    18 tests aborted (missing ok/not ok)
S04-exception-handlers/catch.t.....................  19   11    0    0   30
    10 tests aborted (missing ok/not ok)
S04-exception-handlers/control.t...................   0   10    0    0   10
    10 tests aborted (missing ok/not ok)
S04-exception-handlers/top-level.t.................   1    0    0    0    1
S04-exceptions/control_across_runloop.t............   0    1    0    0    1
     1 tests aborted (missing ok/not ok)
S04-exceptions/fail.t..............................   1   27    0    0   28
    27 tests aborted (missing ok/not ok)
S04-exceptions/pending.rakudo.jvm..................   5    3    0   13   21
    13 skipped: $!.pending
     3 tests aborted (missing ok/not ok)
S04-phasers/ascending-order.t......................   7    0    0    0    7
S04-phasers/begin.rakudo.jvm.......................  11    1    1    0   13
     1 todo   : RT\#123776
     1 tests aborted (missing ok/not ok)
S04-phasers/check.t................................   5    0    0    0    5
S04-phasers/descending-order.t.....................   7    0    0    0    7
S04-phasers/end.t..................................   2    6    0    0    8
     5 tests aborted (missing ok/not ok)
S04-phasers/enter-leave.rakudo.jvm.................  12   16    1    1   30
     1 skipped: leave NYI RT #124960
     1 todo   : is this spec? why would LEAVE not see outer $!? fossil?
    16 tests aborted (missing ok/not ok)
S04-phasers/eval-in-begin.t........................   3    0    0    0    3
S04-phasers/first.t................................   0    4    0    0    4
     3 tests aborted (missing ok/not ok)
S04-phasers/in-eval.rakudo.jvm.....................  34    0    1    0   35
     1 todo   : not sure
S04-phasers/in-loop.rakudo.jvm.....................   1    2    0    2    5
     2 skipped: RT #122134 - last+ENTER in loop
     1 tests aborted (missing ok/not ok)
S04-phasers/init.t.................................  13    0    0    0   13
S04-phasers/keep-undo.rakudo.jvm...................  12    4    0    0   16
     4 tests aborted (missing ok/not ok)
S04-phasers/multiple.t.............................   2    0    0    0    2
S04-phasers/next.rakudo.jvm........................   8    4    1    0   13
     1 todo   : NEXT/LEAVE ordering RT \#124952
     4 tests aborted (missing ok/not ok)
S04-phasers/pre-post.rakudo.jvm....................  17    4    1    0   22
     1 todo   : POST and exceptions RT \#124961
     4 tests aborted (missing ok/not ok)
S04-phasers/rvalue.t...............................  16    0    0    0   16
S04-statement-modifiers/for.t......................  10   20    0    0   30
    20 tests aborted (missing ok/not ok)
S04-statement-modifiers/given.t....................  12    0    0    0   12
S04-statement-modifiers/if.t.......................  14    0    0    0   14
S04-statement-modifiers/unless.t...................   9    0    0    0    9
S04-statement-modifiers/until.t....................   3    2    0    0    5
     2 tests aborted (missing ok/not ok)
S04-statement-modifiers/values_in_bool_context.t...  24    0    0    0   24
S04-statement-modifiers/while.t....................   1    5    0    0    6
     5 tests aborted (missing ok/not ok)
S04-statement-modifiers/with.rakudo.jvm............  32    2    1    0   35
     1 todo   : parenless with/for doesn't work yet
     2 tests aborted (missing ok/not ok)
S04-statement-modifiers/without.t..................   9    0    0    0    9
S04-statement-parsing/hash.t.......................   8    0    0    0    8
S04-statements/do.rakudo.jvm.......................  21    0    1    7   29
     3 skipped: Undeclared name A RT #124574
     1 skipped: last without loop construct RT #124575
     2 skipped: next without loop construct RT #124573
     1 skipped: redo without loop construct RT #124576
     1 todo   : Rakudo still uses Nil here RT \#124572
S04-statements/for-scope.t.........................  16    0    0    0   16
S04-statements/for.rakudo.jvm......................  93    1    4    0   98
     1 todo   : Rakudo still uses Nil here RT \#124568
     1 todo   : Rakudo still uses Nil here RT \#124569
     1 todo   : gives "" instead of "0 1"
     1 todo   : gives Any instead of ()
S04-statements/for_with_only_one_item.t............   5    7    0    0   12
     7 tests aborted (missing ok/not ok)
S04-statements/gather.rakudo.jvm...................  11   23    0    0   34
    23 tests aborted (missing ok/not ok)
S04-statements/given.t.............................  20   31    0    0   51
    31 tests aborted (missing ok/not ok)
S04-statements/if.rakudo.jvm.......................  23   19    1    0   43
     1 todo   : RT\#105872
    19 tests aborted (missing ok/not ok)
S04-statements/label.rakudo.jvm....................   0    6    0    0    6
     6 tests aborted (missing ok/not ok)
S04-statements/last.rakudo.jvm.....................   8    0    0    1    9
     1 skipped: control exception without handler, RT #126490
S04-statements/loop.t..............................   1   14    0    0   15
    14 tests aborted (missing ok/not ok)
S04-statements/map-and-sort-in-for.t...............   4    0    0    0    4
S04-statements/next.rakudo.jvm.....................   9    2    0    1   12
     1 skipped: control exception without handler, RT #126490
     2 tests aborted (missing ok/not ok)
S04-statements/no-implicit-block.t.................  12    0    0    0   12
S04-statements/once.t..............................  21    0    0    0   21
S04-statements/quietly.t...........................   1    3    0    0    4
     3 tests aborted (missing ok/not ok)
S04-statements/redo.rakudo.jvm.....................   2   10    0    0   12
    10 tests aborted (missing ok/not ok)
S04-statements/repeat.t............................   0   19    0    0   19
    19 tests aborted (missing ok/not ok)
S04-statements/return.rakudo.jvm...................  19    0    1    0   20
     1 todo   : lexotic return
S04-statements/sink.t..............................   2    0    0    0    2
S04-statements/terminator.t........................  20    0    0    0   20
S04-statements/try.t...............................  14   26    0    0   40
    26 tests aborted (missing ok/not ok)
S04-statements/unless.t............................  11    0    0    0   11
S04-statements/until.t.............................   0    4    0    0    4
     4 tests aborted (missing ok/not ok)
S04-statements/when.t..............................  18    6    0    0   24
     6 tests aborted (missing ok/not ok)
S04-statements/while.t.............................   0   10    0    0   10
    10 tests aborted (missing ok/not ok)
S04-statements/with.t..............................  36   44    0    0   80
    43 tests aborted (missing ok/not ok)
                                                   pass fail todo skip plan
S05-capture/alias.rakudo.jvm.......................   8   19    1    2   30
     2 skipped: Package variable capture RT #125122
     1 todo   : Package variable capture RT \#125122
    19 tests aborted (missing ok/not ok)
S05-capture/array-alias.rakudo.jvm.................  35    0    0   10   45
    10 skipped: capturing to lexical variable NYI RT #126243
S05-capture/caps.t.................................  43    0    0    0   43
S05-capture/dot.rakudo.jvm.........................  31   27    1    0   59
     1 todo   : dubious test RT \#125004
    27 tests aborted (missing ok/not ok)
S05-capture/match-object.rakudo.jvm................  17    8    0    0   25
     8 tests aborted (missing ok/not ok)
S05-capture/named.rakudo.jvm.......................   9    0    0    2   11
     2 skipped: assigning to match object RT #125000
S05-capture/subrule.t..............................  35   11    0    0   46
    11 tests aborted (missing ok/not ok)
S05-grammar/action-stubs.t.........................   1   23    0    0   24
    22 tests aborted (missing ok/not ok)
S05-grammar/example.rakudo.jvm.....................   5    0    0    2    7
     2 skipped: Method "speaker" not found for invocant of class "Cursor" RT #124795
S05-grammar/inheritance.rakudo.jvm.................   0   31    1    0   32
     1 todo   : RT \#77350
    31 tests aborted (missing ok/not ok)
S05-grammar/methods.t..............................   8    0    0    0    8
S05-grammar/namespace.t............................   5    0    0    0    5
S05-grammar/parse_and_parsefile.t..................   0   16    0    0   16
    16 tests aborted (missing ok/not ok)
S05-grammar/polymorphism.t.........................  12   16    0    0   28
    16 tests aborted (missing ok/not ok)
S05-grammar/protoregex.rakudo.jvm..................  29    1    1    0   31
     1 todo   : RT \#120146
     1 tests aborted (missing ok/not ok)
S05-grammar/protos.t...............................   4    0    0    0    4
S05-grammar/signatures.t...........................  10    0    0    0   10
S05-grammar/ws.rakudo.jvm..........................  10    0    0    2   12
     2 skipped: infinite loop: RT #64094 (noauto)
S05-interpolation/lexicals.t.......................  14    0    0    0   14
S05-interpolation/regex-in-variable.rakudo.jvm.....  14   24    1    0   39
     1 todo PASSED: escaping characters before EVAL is the wrong way to fix this RT \#100232
    24 tests aborted (missing ok/not ok)
S05-mass/charsets.rakudo.jvm.......................   7    9    1    0   17
     1 todo   : Unicode 6.3 -- lower characters
     9 tests aborted (missing ok/not ok)
S05-mass/named-chars.t............................. 431    0    0    0  431
S05-mass/properties-block.t........................ 670    0    0    0  670
S05-mass/properties-derived.rakudo.jvm............. 226   16    1   11  254
     4 skipped: isAny NYI RT #124879
     7 skipped: isGraphemeLink RT #124874
     1 todo   : isUnassigned NYI RT \#124883
    16 tests aborted (missing ok/not ok)
S05-mass/properties-general.rakudo.jvm............. 532   63    1   10  606
    10 skipped: RT #124500
     1 todo   : Unions of properties of non-existent codepoints RT \#124863
    63 tests aborted (missing ok/not ok)
S05-mass/properties-script.rakudo.jvm.............. 325    0    0   35  360
    35 skipped: Unicode properties with arguments RT #124886
S05-mass/recursive.t...............................  20    0    0    0   20
S05-mass/rx.rakudo.jvm.............................   0  740    0    0  740
   740 tests aborted (missing ok/not ok)
S05-mass/stdrules.t................................ 191    0    0    0  191
S05-match/arrayhash.t..............................   8    0    0    0    8
S05-match/blocks.rakudo.jvm........................   9   10    0    0   19
    10 tests aborted (missing ok/not ok)
S05-match/capturing-contexts.rakudo.jvm............   0   52    0    0   52
    52 tests aborted (missing ok/not ok)
S05-match/make.t...................................   4    0    0    0    4
S05-match/non-capturing.t..........................   9    0    0    0    9
S05-match/perl.rakudo.jvm..........................   4    0    1    5   10
     4 skipped: <foo::bar> RT #124745
     1 skipped: RT #125293 - .perl does not roundtrip as expected - operator is null
     1 todo   : RT \#125293 - .perl does not roundtrip as expected
S05-match/positions.t..............................  10    0    0    0   10
S05-metachars/closure.rakudo.jvm...................   5    1    1    5   12
     2 skipped: assignment to match variables (dubious) RT #124946
     3 skipped: assignment to match variables (dubious) RT #124947
     1 todo   : make() inside closure
     1 tests aborted (missing ok/not ok)
S05-metachars/line-anchors.t.......................  23    0    0    0   23
S05-metachars/newline.t............................  15    0    0    0   15
S05-metachars/tilde.t..............................  29    0    0    0   29
S05-metasyntax/angle-brackets.rakudo.jvm...........  34   52    0    5   91
     1 skipped: <test()> NYI RT #124519
     1 skipped: <test()> NYI RT #124520
     2 skipped: angle quotes in regexes RT #124521
     1 skipped: colon arguments NYI RT #124522
    51 tests aborted (missing ok/not ok)
S05-metasyntax/assertions.t........................   4    0    0    0    4
S05-metasyntax/changed.t...........................   9    3    0    0   12
     3 tests aborted (missing ok/not ok)
S05-metasyntax/charset.t...........................  37   10    0    0   47
     9 tests aborted (missing ok/not ok)
S05-metasyntax/delimiters.t........................   0   21    0    0   21
    21 tests aborted (missing ok/not ok)
S05-metasyntax/interpolating-closure.rakudo.jvm....   0    7    0    0    7
     7 tests aborted (missing ok/not ok)
S05-metasyntax/litvar.rakudo.jvm...................   0   33    0    0   33
    33 tests aborted (missing ok/not ok)
S05-metasyntax/longest-alternative.rakudo.jvm......   0   53    0    0   53
    53 tests aborted (missing ok/not ok)
S05-metasyntax/lookaround.t........................  10    0    0    0   10
S05-metasyntax/null.t..............................   4    0    0    0    4
S05-metasyntax/proto-token-ltm.t...................  10    0    0    0   10
S05-metasyntax/regex.t.............................  42    0    0    0   42
S05-metasyntax/repeat.t............................  46    0    0    0   46
S05-metasyntax/sequential-alternation.t............  10    0    0    0   10
S05-metasyntax/single-quotes.t.....................   0   30    0    0   30
    30 tests aborted (missing ok/not ok)
S05-metasyntax/unicode-property-pair.rakudo.jvm....   2    0    0    3    5
     3 skipped: matching charnames in unicode property pair
S05-metasyntax/unknown.rakudo.jvm..................   9    4    0    0   13
     4 tests aborted (missing ok/not ok)
S05-modifier/continue.t............................   3   10    0    0   13
    10 tests aborted (missing ok/not ok)
S05-modifier/counted-match.rakudo.jvm..............   1   27    0    0   28
    27 tests aborted (missing ok/not ok)
S05-modifier/counted.rakudo.jvm....................   1  125    0    0  126
   125 tests aborted (missing ok/not ok)
S05-modifier/global.t..............................   8    0    0    0    8
S05-modifier/ignorecase.rakudo.jvm.................  11   13    1    0   25
     1 todo   : ignorecase and SS/&szlig; RT \#121377
    13 tests aborted (missing ok/not ok)
S05-modifier/ii.rakudo.jvm.........................  11    9    1    0   21
     1 todo   : NYI
     9 tests aborted (missing ok/not ok)
S05-modifier/my.rakudo.jvm.........................   8   16    0    0   24
    16 tests aborted (missing ok/not ok)
S05-modifier/overlapping.t.........................  22    0    0    0   22
S05-modifier/perl5_0.rakudo.jvm....................   8   15    1    0   24
     1 todo   : NYI RT \#125036
    15 tests aborted (missing ok/not ok)
S05-modifier/perl5_1.t............................. 100    0    0    0  100
S05-modifier/perl5_2.t............................. 100    0    0    0  100
S05-modifier/perl5_3.t............................. 100    0    0    0  100
S05-modifier/perl5_4.t.............................  24   76    0    0  100
    76 tests aborted (missing ok/not ok)
S05-modifier/perl5_5.rakudo.jvm....................   4   97    1    0  102
     1 todo   : nigh RT \#125021
    97 tests aborted (missing ok/not ok)
S05-modifier/perl5_6.rakudo.jvm....................   6   97    1    0  104
     1 todo   : needs RT
    97 tests aborted (missing ok/not ok)
S05-modifier/perl5_7.t............................. 100    0    0    0  100
S05-modifier/perl5_8.rakudo.jvm....................  47   55    1    0  103
     1 todo   : (?>...) NYI RT \#125032
    55 tests aborted (missing ok/not ok)
S05-modifier/perl5_9.rakudo.jvm....................  18   64    1    1   84
     1 skipped: Quantifier quantifies nothing RT #125027
     1 todo   : test file needs review RT \#125028
    64 tests aborted (missing ok/not ok)
S05-modifier/pos.rakudo.jvm........................   5   34    1    0   40
     1 todo   : s:pos/// NYI
    34 tests aborted (missing ok/not ok)
S05-modifier/repetition-exhaustive.rakudo.jvm......   0    5    0    0    5
     5 tests aborted (missing ok/not ok)
S05-modifier/repetition.t..........................   0   12    0    0   12
    12 tests aborted (missing ok/not ok)
S05-modifier/sigspace.t............................  16    0    0    0   16
S05-substitution/67222.t...........................   1    0    0    0    1
S05-substitution/match.t...........................  13    0    0    0   13
S05-substitution/subst.rakudo.jvm..................   0  163    0    0  163
   163 tests aborted (missing ok/not ok)
S05-transliteration/79778.t........................   1    0    0    0    1
S05-transliteration/trans.rakudo.jvm...............  42   20    0    0   62
    20 tests aborted (missing ok/not ok)
S05-transliteration/with-closure.rakudo.jvm........  13    5    0    0   18
     5 tests aborted (missing ok/not ok)
                                                   pass fail todo skip plan
S06-advanced/callframe.rakudo.jvm..................  12    2    0    1   15
     1 skipped: Unable to resolve method inline in type CallFrame
     2 tests aborted (missing ok/not ok)
S06-advanced/callsame.t............................   3    0    0    0    3
S06-advanced/lexical-subs.t........................  13    0    0    0   13
S06-advanced/recurse.t.............................  13    0    0    0   13
S06-advanced/return.rakudo.jvm.....................  85    7    1    0   93
     1 todo   : RT \#61732
     7 tests aborted (missing ok/not ok)
S06-advanced/stub.rakudo.jvm.......................   9    0    0    1   10
     1 skipped: supersede NYI
S06-advanced/wrap.rakudo.jvm.......................  26   58    1    0   85
     1 todo   : callwith RT \#124653
    58 tests aborted (missing ok/not ok)
S06-currying/assuming-and-mmd.t....................   7    0    0    0    7
S06-currying/misc.rakudo.jvm.......................  11    1    0    1   13
     1 skipped: We could do better here
     1 tests aborted (missing ok/not ok)
S06-currying/named.t...............................  27    0    0    0   27
S06-currying/positional.t.......................... 227    0    0    0  227
S06-currying/slurpy.t..............................  32    0    0    0   32
S06-macros/errors.t................................   2    0    0    0    2
S06-macros/opaque-ast.rakudo.jvm...................   3    0    0    4    7
     3 skipped: :COMPILING flag RT #124964
     1 skipped: return from macro RT #124965
S06-macros/quasi-blocks.rakudo.jvm.................  12    0    0    2   14
     2 skipped: Method 'succ' not found RT #124967
S06-macros/unquoting.t.............................   0    6    0    0    6
     6 tests aborted (missing ok/not ok)
S06-multi/lexical-multis.rakudo.jvm................  14    0    1    0   15
     1 todo   : lexical scope as tie breaker
S06-multi/positional-vs-named.t....................  28    0    0    0   28
S06-multi/proto.rakudo.jvm.........................   3   22    1    0   26
     1 todo   : operator protos
    22 tests aborted (missing ok/not ok)
S06-multi/redispatch.t.............................  14    0    0    0   14
S06-multi/subsignature.rakudo.jvm..................   0  100    0    0  100
   100 tests aborted (missing ok/not ok)
S06-multi/syntax.t.................................  41    0    0    0   41
S06-multi/type-based.rakudo.jvm....................  62    0    4    0   66
     4 todo   : coercions need to fail like constraints RT \#124772
S06-multi/unpackability.t..........................  10    0    0    0   10
S06-multi/value-based.t............................  13    0    0    0   13
S06-operator-overloading/imported-subs.t...........  19    0    0    0   19
S06-operator-overloading/methods.rakudo.jvm........   0    2    1    0    3
     1 todo   : nom regression RT \#124988
     2 tests aborted (missing ok/not ok)
S06-operator-overloading/semicolon.t...............   3    0    0    0    3
S06-operator-overloading/sub.rakudo.jvm............  65   12    2   14   93
     1 skipped: cannot bind with this LHS RT #124979
     1 skipped: infix Z will never work; no lexical Z RT #124983
     2 skipped: macros RT #124978
     1 skipped: missing block, apparently "if" not an op RT #124982
     4 skipped: no lexical Z RT #124983
     1 skipped: prefix:[] form NYI RT #124974
     1 skipped: prefix:[] form NYI RT #124975
     1 skipped: prefix:[] form NYI RT #124976
     1 skipped: prefix:[] form NYI RT #124977
     1 skipped: undeclared name
     1 todo   : RT \#65638
     1 todo   : infix:<;> RT \#124981
    12 tests aborted (missing ok/not ok)
S06-operator-overloading/term.t....................   9    0    0    0    9
S06-operator-overloading/workout.t.................  84    0    0    0   84
S06-other/anon-hashes-vs-blocks.t..................  26    0    0    0   26
S06-other/introspection.t..........................  12    0    0    0   12
S06-other/main-eval.rakudo.jvm.....................   2    0    1    0    3
     1 todo   : MAIN in EVAL RT \#124662
S06-other/main-semicolon.t.........................   8    0    0    0    8
S06-other/main-usage.rakudo.jvm....................   0   27    0    0   27
    27 tests aborted (missing ok/not ok)
S06-other/main.t...................................   2    5    0    0    7
     5 tests aborted (missing ok/not ok)
S06-other/misc.t...................................  12    0    0    0   12
S06-other/pairs-as-lvalues.rakudo.jvm..............   3    0    0    2    5
     2 skipped: Flattening named argument must have VMHash REPR RT #124661
S06-parameters/smiley.rakudo.jvm...................  18    0    0   17   35
    17 skipped: use parameters is NYI until further notice
S06-routine-modifiers/lvalue-subroutines.t.........  14    0    0    0   14
S06-routine-modifiers/native-lvalue-subroutines.t..  18    0    0    0   18
S06-routine-modifiers/proxy.rakudo.jvm.............   2   22    0    0   24
    22 tests aborted (missing ok/not ok)
S06-routine-modifiers/scoped-named-subs.t..........  12    0    0    0   12
S06-signature/arity.t..............................  56    0    0    0   56
S06-signature/caller-param.rakudo.jvm..............   2    5    0    0    7
     5 tests aborted (missing ok/not ok)
S06-signature/closure-over-parameters.t............   4    0    0    0    4
S06-signature/closure-parameters.rakudo.jvm........  11    0    1    5   17
     5 skipped: subsignatures dont factor into multi candidates yet RT #124935
     1 todo   : code does not die
S06-signature/code.rakudo.jvm......................   6    1    1    0    8
     1 todo   : RT \#67932
     1 tests aborted (missing ok/not ok)
S06-signature/defaults.t...........................   9    0    0    0    9
S06-signature/definite-return.rakudo.jvm...........  15    0    0    2   17
     2 skipped: variables as return specifications dont parse yet RT #124927
S06-signature/errors.rakudo.jvm....................  21    0    6    0   27
     6 todo   : unival NYI RT \#124920
S06-signature/introspection.rakudo.jvm.............  22  111    0    0  133
   111 tests aborted (missing ok/not ok)
S06-signature/mixed-placeholders.t.................  18    0    0    0   18
S06-signature/multi-invocant.t.....................  25    0    0    0   25
S06-signature/multidimensional.t...................  10    0    0    0   10
S06-signature/named-parameters.rakudo.jvm..........  79    0    0   16   95
    16 skipped: multiple same-named arguments NYI RT #124921
S06-signature/named-placeholders.t.................   3    0    0    0    3
S06-signature/named-renaming.t.....................  11    0    0    0   11
S06-signature/optional.t...........................  31    0    0    0   31
S06-signature/outside-subroutine.t.................   2    0    0    0    2
S06-signature/passing-arrays.t.....................   0   11    0    0   11
    11 tests aborted (missing ok/not ok)
S06-signature/passing-hashes.t.....................   3    0    0    0    3
S06-signature/positional-placeholders.t............  12    0    0    0   12
S06-signature/positional.t.........................  13    0    0    0   13
S06-signature/scalar-type.t........................   8    0    0    0    8
S06-signature/sigilless.t..........................   2    8    0    0   10
     8 tests aborted (missing ok/not ok)
S06-signature/slurpy-and-interpolation.t...........   7    0    0    0    7
S06-signature/slurpy-params.t......................  19   66    0    0   85
    66 tests aborted (missing ok/not ok)
S06-signature/slurpy-placeholders.t................   8    0    0    0    8
S06-signature/sub-ref.rakudo.jvm...................  13   20    1    0   34
     1 todo   : RT \#63974
    20 tests aborted (missing ok/not ok)
S06-signature/tree-node-parameters.rakudo.jvm......  16    0    0    4   20
     4 skipped: signature binding of return values NYI RT #124945
S06-signature/type-capture.t.......................  10    2    0    0   12
     2 tests aborted (missing ok/not ok)
S06-signature/types.t..............................  10    0    0    0   10
S06-signature/unpack-array.t.......................  15    0    0    0   15
S06-signature/unpack-object.t......................   4    0    0    0    4
S06-signature/unspecified.rakudo.jvm...............  16    0    1    0   17
     1 todo   : RT \#71112: Cannot assign to readonly variable.
S06-traits/as.t....................................   5    0    0    0    5
S06-traits/is-assoc.rakudo.jvm.....................   4    0    0    2    6
     2 skipped: RT #116244
S06-traits/is-copy.t...............................  16   11    0    0   27
    11 tests aborted (missing ok/not ok)
S06-traits/is-readonly.rakudo.jvm..................   0    3    0    0    3
     3 tests aborted (missing ok/not ok)
S06-traits/is-rw.t.................................   7    0    0    0    7
S06-traits/misc.rakudo.jvm.........................  14    4    2    0   20
     2 todo   : is readonly does not override
S06-traits/native-is-copy.t........................  15    0    0    0   15
S06-traits/native-is-rw.t..........................  48    0    0    0   48
S06-traits/precedence.rakudo.jvm...................   0   14    1    0   15
     1 todo   : changing precedence of already declared op
    14 tests aborted (missing ok/not ok)
S06-traits/slurpy-is-rw.t..........................   3    0    0    0    3
                                                   pass fail todo skip plan
S07-slip/slip.t....................................  18    4    0    0   22
     4 tests aborted (missing ok/not ok)
                                                   pass fail todo skip plan
S09-autovivification/autoincrement.t...............   0    7    0    0    7
     7 tests aborted (missing ok/not ok)
S09-autovivification/autovivification.rakudo.jvm...   8   36    0    0   44
    36 tests aborted (missing ok/not ok)
S09-hashes/objecthash.rakudo.jvm...................   0   36    0    0   36
    36 tests aborted (missing ok/not ok)
S09-subscript/multidim-assignment.t................  10    0    0    0   10
S09-subscript/slice.rakudo.jvm.....................  27    0    0    4   31
     2 skipped: RT #120383
     2 skipped: RT #61844
S09-typed-arrays/arrays.rakudo.jvm.................  42   38    1    0   81
     1 todo   : nested typechecks are borked
    38 tests aborted (missing ok/not ok)
S09-typed-arrays/hashes.t..........................  37    0    0    0   37
S09-typed-arrays/native-decl.t.....................   8    0    0    0    8
S09-typed-arrays/native-int.rakudo.jvm.............1367    0    3    0 1370
     2 todo   : highest bit length stays negative, RT \#124088
     1 todo   : missing an invert? (-1 --> 0, -2 --> -1)
S09-typed-arrays/native-num.rakudo.jvm............. 357    0    0   27  384
     3 skipped: borkedness with num and iteration RT #124678
     6 skipped: cannot approx test Parcels
    18 skipped: nativeint.list loops on itself
S09-typed-arrays/native.t..........................   3    0    0    0    3
                                                   pass fail todo skip plan
S10-packages/basic.rakudo.jvm......................  60    0    2    1   63
     1 skipped: RT #59484
     1 todo   : RT \#64606
     1 todo   : ticket based only on class... RT \#60446
S10-packages/joined-namespaces.t...................   3    0    0    0    3
S10-packages/precompilation.rakudo.jvm.............   0   36    0    0   36
    36 tests aborted (missing ok/not ok)
S10-packages/use-with-class.t......................   9    0    0    0    9
                                                   pass fail todo skip plan
S11-modules/export.rakudo.jvm......................  27   10    1    3   41
     3 skipped: export issue RT #125086
     1 todo   : export issue RT \#125086
    10 tests aborted (missing ok/not ok)
S11-modules/import-multi.rakudo.jvm................  14    0    2    1   17
     1 skipped: A symbol "&Gfoo" has already been exported RT #125089
     1 todo   : huh?
     1 todo   : it just dies, can't check using throws-like
S11-modules/import-tag.t...........................  12    0    0    0   12
S11-modules/import.rakudo.jvm......................  13    0    0    4   17
     2 skipped: import plus inline module RT #125087
     2 skipped: import plus inline module RT #125088
S11-modules/importing.t............................  16    0    0    0   16
S11-modules/lexical.t..............................   2    0    0    0    2
S11-modules/need.t.................................   2    0    0    0    2
S11-modules/nested.t...............................   1    5    0    0    6
     4 tests aborted (missing ok/not ok)
S11-modules/require.rakudo.jvm.....................   1   14    1    0   16
     1 todo   : creation of stub package symbol NYI RT \#125083
    14 tests aborted (missing ok/not ok)
                                                   pass fail todo skip plan
S12-attributes/class.t.............................  21    2    0    0   23
S12-attributes/clone.rakudo.jvm....................  15   25    1    0   41
     1 todo   : cloned object has @.array as List instead of Array RT \#125577
    25 tests aborted (missing ok/not ok)
S12-attributes/defaults.t..........................   2   32    0    0   34
    32 tests aborted (missing ok/not ok)
S12-attributes/delegation.t........................  65    0    0    0   65
S12-attributes/inheritance.t.......................   7    0    0    0    7
S12-attributes/instance.rakudo.jvm................. 140    0    6    1  147
     1 skipped: dubious test - the initializer becomes a submethod here, implying a scope RT #124908
     1 todo   : huh?
     1 todo   : over-eager auto-vivification bugs
     2 todo   : ro array/hash with accessor
     2 todo   : ro on list attributes
S12-attributes/mutators.rakudo.jvm.................   5    0    0    5   10
     5 skipped: RT #126198
S12-attributes/native.t............................  43    0    0    0   43
S12-attributes/recursive.t.........................  23    0    0    0   23
S12-attributes/smiley.t............................  54    0    0    0   54
S12-attributes/undeclared.t........................  11    0    0    0   11
S12-class/anonymous.rakudo.jvm.....................   2   15    1    0   18
     1 todo   : Anonymous class stringification (?) RT \#125045
    15 tests aborted (missing ok/not ok)
S12-class/attributes-required.t....................   3    0    0    0    3
S12-class/attributes.t.............................   2   31    0    0   33
    31 tests aborted (missing ok/not ok)
S12-class/augment-supersede.rakudo.jvm.............  11    0    0    2   13
     2 skipped: redeclaration of symbol Bar RT #125046
S12-class/basic.t..................................  40    0    0    0   40
S12-class/declaration-order.t......................   2    0    0    0    2
S12-class/extending-arrays.t.......................  11    0    0    0   11
S12-class/inheritance-class-methods.t..............   5    0    0    0    5
S12-class/inheritance.t............................  39    0    0    0   39
S12-class/instantiate.rakudo.jvm...................   5    1    1    0    7
     1 todo   : error reporting
     1 tests aborted (missing ok/not ok)
S12-class/interface-consistency.t..................   9    0    0    0    9
S12-class/lexical.t................................  14    0    0    0   14
S12-class/literal.t................................   2    0    0    0    2
S12-class/magical-vars.t...........................  17    0    0    0   17
S12-class/mro.t....................................   4    0    0    0    4
S12-class/namespaced.t.............................  13    0    0    0   13
S12-class/open.t...................................   8    0    0    0    8
S12-class/parent_attributes.rakudo.jvm.............   1    0    0    2    3
     2 skipped: initialization of parent attributes RT #125129
S12-class/rw.t.....................................   5    0    0    0    5
S12-class/self-inheritance.t.......................   2    0    0    0    2
S12-class/stubs.rakudo.jvm.........................   9    0    1    0   10
     1 todo   : nom regression RT \#125044
S12-class/type-object.t............................   0    6    0    0    6
     6 tests aborted (missing ok/not ok)
S12-coercion/coercion-types.rakudo.jvm.............   6    0    1   11   18
     3 skipped: NYI RT #124840
     2 skipped: NYI RT #124841
     1 skipped: dies
     5 skipped: dies RT #124839 / RT#123770
     1 todo   : missing checks
S12-construction/BUILD.rakudo.jvm..................   0   10    0    0   10
    10 tests aborted (missing ok/not ok)
S12-construction/autopairs.t.......................   4    0    0    0    4
S12-construction/construction.t....................   3   15    0    0   18
    15 tests aborted (missing ok/not ok)
S12-construction/named-params-in-BUILD.t...........   3    0    0    0    3
S12-construction/new.rakudo.jvm....................   3   22    1    0   26
     1 todo   : parent attributes in initialization RT \#76490
    22 tests aborted (missing ok/not ok)
S12-enums/anonymous.t..............................  10    0    0    0   10
S12-enums/as-role.t................................   9    0    0    0    9
S12-enums/basic.rakudo.jvm.........................   0   37    0    0   37
    37 tests aborted (missing ok/not ok)
S12-enums/misc.t...................................  17    0    0    0   17
S12-enums/non-int.rakudo.jvm.......................   3    2    1    0    6
     1 todo   : NYI RT \#124833
     2 tests aborted (missing ok/not ok)
S12-enums/pseudo-functional.t......................  11    0    0    0   11
S12-enums/thorough.rakudo.jvm......................  15    0    1   43   59
    14 skipped: NYI RT #124829
    15 skipped: does &day::("Tue") RT #124831
    14 skipped: does day::Tue RT #124830
     1 todo   : RT \#101900
S12-introspection/WHAT.rakudo.jvm..................  18   18    1    0   37
     1 todo   : of Type on scalars fails
    18 tests aborted (missing ok/not ok)
S12-introspection/attributes.rakudo.jvm............  25    0    0    5   30
     5 skipped: :tree NYI for .^attributes RT #125014
S12-introspection/can.t............................  15   14    0    0   29
    14 tests aborted (missing ok/not ok)
S12-introspection/definite.t.......................   6    0    0    0    6
S12-introspection/meta-class.rakudo.jvm............  13    0    0    1   14
     1 skipped: .version, version number parsing RT #125017
S12-introspection/methods.rakudo.jvm...............  31   18    0    8   57
     8 skipped: nom regression RT #125011
    18 tests aborted (missing ok/not ok)
S12-introspection/parents.t........................  59    0    0    0   59
S12-introspection/roles.rakudo.jvm.................   8    0    0    4   12
     4 skipped: .^roles(:tree) RT #125009
S12-introspection/walk.t...........................  11    0    0    0   11
S12-meta/exporthow.t...............................   3    5    0    0    8
     5 tests aborted (missing ok/not ok)
S12-meta/grammarhow.t..............................   1    0    0    0    1
S12-meta/primitives.rakudo.jvm.....................   0   17    0    0   17
    17 tests aborted (missing ok/not ok)
S12-methods/accessors.t............................   0    8    0    0    8
     8 tests aborted (missing ok/not ok)
S12-methods/attribute-params.t.....................  16    0    0    0   16
S12-methods/calling_sets.rakudo.jvm................  21    0    0   11   32
    11 skipped: ambiguous dispatch RT #124846
S12-methods/calling_syntax.t.......................  11    0    0    0   11
S12-methods/chaining.t.............................  17    0    0    0   17
S12-methods/class-and-instance.t...................   8    0    0    0    8
S12-methods/default-trait.t........................   6    0    0    0    6
S12-methods/defer-call.t...........................  14    0    0    0   14
S12-methods/defer-next.rakudo.jvm..................  13    7    1    0   21
     1 todo   : variant of RT \#69608
     7 tests aborted (missing ok/not ok)
S12-methods/delegation.t...........................   7    0    0    0    7
S12-methods/fallback.t.............................  13    0    0    0   13
S12-methods/how.t..................................   3    0    0    0    3
S12-methods/indirect_notation.rakudo.jvm...........  17    0    0   21   38
    15 skipped: .*, .+ and .? with @foo RT #124845
     6 skipped: .@foo not yet working RT #124844
S12-methods/instance.t.............................   0   39    0    0   39
    39 tests aborted (missing ok/not ok)
S12-methods/lastcall.t.............................   6    0    0    0    6
S12-methods/lvalue.t...............................  16    0    0    0   16
S12-methods/method-vs-sub.t........................   5    0    0    0    5
S12-methods/multi.rakudo.jvm.......................   4   26    1    0   31
     1 todo   : RT \#66006
    26 tests aborted (missing ok/not ok)
S12-methods/parallel-dispatch.rakudo.jvm...........   1   36    0    0   37
    36 tests aborted (missing ok/not ok)
S12-methods/private.t..............................   9    4    0    0   13
     4 tests aborted (missing ok/not ok)
S12-methods/qualified.t............................   2    0    0    0    2
S12-methods/submethods.rakudo.jvm..................  21    0    0    6   27
     2 skipped: outer lexicals in roles RT #124850
     4 skipped: roles and submethods RT #124851
S12-methods/syntax.rakudo.jvm......................  11    0    0    3   14
     3 skipped: switch-from-paren-to-listop form RT #124852
S12-methods/topic.t................................   2    0    0    0    2
S12-methods/trusts.t...............................   4    0    0    0    4
S12-methods/typed-attributes.t.....................   7    0    0    0    7
S12-methods/what.t.................................  11   22    0    0   33
    22 tests aborted (missing ok/not ok)
S12-subset/multi-dispatch.t........................   6    0    0    0    6
S12-subset/subtypes.t..............................  78    1    0    0   79
                                                   pass fail todo skip plan
S13-overloading/metaoperators.t....................  11    0    0    0   11
S13-overloading/operators.t........................   6    0    0    0    6
S13-overloading/typecasting-long.rakudo.jvm........  19   12    1    0   32
     1 todo   : RT \#112642 A() unwanted magic for :(A:U) with an overloaded .()
    12 tests aborted (missing ok/not ok)
S13-type-casting/methods.t.........................   6    7    0    0   13
     7 tests aborted (missing ok/not ok)
                                                   pass fail todo skip plan
S14-roles/anonymous.t..............................  13    0    0    0   13
S14-roles/attributes.t.............................   7    0    0    0    7
S14-roles/basic.rakudo.jvm.........................  44    1    0    4   49
     1 skipped: RT #120919
     3 skipped: RT #67768
S14-roles/bool.t...................................   3    0    0    0    3
S14-roles/composition.rakudo.jvm...................  24    0    0    2   26
     2 skipped: diamond composition RT #124749
S14-roles/conflicts.t..............................   2    9    0    0   11
     9 tests aborted (missing ok/not ok)
S14-roles/crony.t..................................   4    0    0    0    4
S14-roles/instantiation.t..........................  19    0    0    0   19
S14-roles/lexical.t................................   9    0    0    0    9
S14-roles/mixin.t..................................  47    1    0    0   48
S14-roles/namespaced.rakudo.jvm....................   0   10    1    0   11
     1 todo   : nom regression RT \#124750
    10 tests aborted (missing ok/not ok)
S14-roles/parameter-subtyping.t....................  22    0    0    0   22
S14-roles/parameterized-basic.t....................  32    4    0    0   36
     4 tests aborted (missing ok/not ok)
S14-roles/parameterized-mixin.rakudo.jvm...........  22    7    1    0   30
     1 todo   : .does with parametric roles RT \#124746
     7 tests aborted (missing ok/not ok)
S14-roles/parameterized-type.t.....................  32    0    0    0   32
S14-roles/stubs.rakudo.jvm.........................  12    0    2    0   14
     2 todo   : RT\#124393 Stubbing individual multis as role interface NYI
S14-roles/submethods.t.............................   4    0    0    0    4
S14-traits/attributes.t............................   8    0    0    0    8
S14-traits/routines.rakudo.jvm.....................   9    5    1    0   15
     1 todo   : trait mod / .wrap interaction
     5 tests aborted (missing ok/not ok)
                                                   pass fail todo skip plan
S15-literals/identifiers.t.........................   0    7    0    0    7
     7 tests aborted (missing ok/not ok)
S15-literals/numbers.rakudo.jvm....................  22    0    0   19   41
     9 skipped: Confused
     3 skipped: Malformed radix number
     7 skipped: is not a valid number
S15-string-types/Str.rakudo.jvm....................   1    1    1    1    4
     1 skipped: :nfg adverb NYI RT #124991
     1 todo   : NFG on JVM RT \#124992
     1 tests aborted (missing ok/not ok)
S15-unicode-information/uniname.rakudo.jvm.........   6   24    1    0   31
     1 todo   : RT \#122470
    24 tests aborted (missing ok/not ok)
                                                   pass fail todo skip plan
S16-filehandles/argfiles.t.........................  11    1    0    0   12
S16-filehandles/chmod.t............................  16    0    0    3   19
     3 skipped: :r :w :x can accidentally work with root permission
S16-filehandles/filestat.t.........................  10    0    0    0   10
S16-filehandles/filetest.rakudo.jvm................  34    0    0    9   43
     6 skipped: :M, :C, :A
     3 skipped: no file README
S16-filehandles/io.rakudo.jvm...................... 101   23    1    0  125
     1 todo   : java.nio.charset.UnmappableCharacterException RT \#125075
    23 tests aborted (missing ok/not ok)
S16-filehandles/io_in_for_loops.t..................   7   26    0    0   33
    26 tests aborted (missing ok/not ok)
S16-filehandles/io_in_while_loops.rakudo.jvm.......   0   17    0    0   17
    17 tests aborted (missing ok/not ok)
S16-filehandles/mkdir_rmdir.t......................  14    0    0    0   14
S16-filehandles/open.t.............................   4    0    0    1    5
     1 skipped: open('nonexisting') => undefined is waiting on 'use fatal'
S16-filehandles/unlink.t...........................   3    0    0    0    3
S16-io/bare-say.t..................................   7    0    0    0    7
S16-io/basic-open.t................................   0   11    0    0   11
    11 tests aborted (missing ok/not ok)
S16-io/bom.t.......................................   0   10    0    0   10
     9 tests aborted (missing ok/not ok)
S16-io/comb.t......................................  24    1    0    0   25
     1 tests aborted (missing ok/not ok)
S16-io/cwd.t.......................................   3    0    0    0    3
S16-io/getc.t......................................   2    0    0    0    2
S16-io/lines.t..................................... 170    0    0    0  170
S16-io/newline.t...................................   6    0    0    0    6
S16-io/note.t......................................   5    0    0    0    5
S16-io/print.t.....................................   0   12    0    0   12
    12 tests aborted (missing ok/not ok)
S16-io/say-and-ref.t...............................   0    3    0    0    3
     3 tests aborted (missing ok/not ok)
S16-io/say.t.......................................   5    0    0    0    5
S16-io/split.t.....................................  18    0    0    0   18
S16-io/supply.t....................................   2    5    0    0    7
     5 tests aborted (missing ok/not ok)
S16-io/tmpdir.t....................................   3    0    0    0    3
S16-io/words.t.....................................   9    0    0    0    9
S16-unfiled/rebindstdhandles.rakudo.jvm............   0    0    0    2    2
     1 skipped: contextual rebinding regression RT #125041
     1 skipped: contextual rebinding regression RT #125042
                                                   pass fail todo skip plan
S17-channel/basic.t................................  17    0    0    0   17
S17-channel/earliest.t.............................   7    0    0    0    7
S17-lowlevel/lock.t................................   7   16    0    0   23
    16 tests aborted (missing ok/not ok)
S17-lowlevel/thread-start-join-stress.t............   1    0    0    0    1
S17-lowlevel/thread.t..............................  25    0    0    0   25
S17-promise/allof.t................................  11    0    0    0   11
S17-promise/anyof.t................................  10    0    0    0   10
S17-promise/basic.t................................  23    0    0    0   23
S17-promise/in.t...................................   3    0    0    0    3
S17-promise/start.t................................  18   21    0    0   39
    21 tests aborted (missing ok/not ok)
S17-promise/stress.t...............................   1    0    0    0    1
S17-promise/then.t.................................  14    0    0    0   14
S17-scheduler/at.rakudo.jvm........................  12    2    1    0   15
     1 todo   : huh?
     2 tests aborted (missing ok/not ok)
S17-scheduler/basic.rakudo.jvm.....................  14   15    1   10   40
     3 skipped: waiting for new '.loads' semantics RT #124774
     2 skipped: waiting for new '.loads' semantics RT #124775
     3 skipped: waiting for new '.loads' semantics RT #124776
     2 skipped: waiting for new '.loads' semantics RT #124777
     1 todo   : huh?
    15 tests aborted (missing ok/not ok)
S17-scheduler/every.t..............................  18    0    0    0   18
S17-scheduler/in.t.................................  14    0    0    0   14
S17-scheduler/times.t..............................   4    0    0    0    4
S17-supply/Channel.t...............................  11    1    0    0   12
     1 tests aborted (missing ok/not ok)
S17-supply/Promise.t...............................  13    0    0    0   13
S17-supply/act.t...................................   5    0    0    0    5
S17-supply/basic.t.................................  22    0    0    0   22
S17-supply/batch.t.................................  11    0    0    0   11
S17-supply/categorize.t............................  75    0    0    0   75
S17-supply/classify.t..............................  39    0    0    0   39
S17-supply/delayed.rakudo.jvm......................   5    0    0    8   13
     4 skipped: doesn't work or can't test RT #124826
     4 skipped: doesn't work or can't test RT #124827
S17-supply/do.t....................................   5    0    0    0    5
S17-supply/elems.t.................................   5    0    0    0    5
S17-supply/flat.t..................................  17    0    0    0   17
S17-supply/from-list.t.............................  13    0    0    0   13
S17-supply/grab.t..................................   5    0    0    0    5
S17-supply/grep.t..................................   7    0    0    0    7
S17-supply/interval.t..............................   1    2    0    0    3
     2 tests aborted (missing ok/not ok)
S17-supply/last.rakudo.jvm.........................   1    7    1    0    9
     1 todo   : we don't have Natural numbers yet RT \#124825
     7 tests aborted (missing ok/not ok)
S17-supply/lines.t.................................   5   16    0    0   21
    16 tests aborted (missing ok/not ok)
S17-supply/list.t..................................   5    0    0    0    5
S17-supply/map.t...................................   9    0    0    0    9
S17-supply/max.t...................................  10    0    0    0   10
S17-supply/merge.t.................................  10    0    0    0   10
S17-supply/migrate.t...............................  21    0    0    0   21
S17-supply/min.t...................................  10    0    0    0   10
S17-supply/minmax.t................................  10    0    0    0   10
S17-supply/on-demand.t.............................   7    0    0    0    7
S17-supply/on.t....................................  11    0    0    0   11
S17-supply/reduce.t................................  10    0    0    0   10
S17-supply/reverse.t...............................   3    0    0    0    3
S17-supply/rotor.rakudo.jvm........................   1   30    1    0   32
     1 todo   : only deprecated so far RT \#124823
    30 tests aborted (missing ok/not ok)
S17-supply/schedule-on.t...........................   7    0    0    0    7
S17-supply/sort.t..................................   7    0    0    0    7
S17-supply/squish.t................................  15    0    0    0   15
S17-supply/stable.rakudo.jvm.......................   5    0    0    2    7
     2 skipped: doesn't work or can't test RT #124822
S17-supply/start.t.................................   9    0    0    0    9
S17-supply/syntax.t................................   7   46    0    0   53
    46 tests aborted (missing ok/not ok)
S17-supply/throttle.t..............................   1    6    0    0    7
     5 tests aborted (missing ok/not ok)
S17-supply/unique.t................................  17    0    0    0   17
S17-supply/wait.t..................................   4    0    0    0    4
S17-supply/watch-path.rakudo.jvm...................   2    0    0    0    2
S17-supply/words.t.................................   5    0    0    0    5
S17-supply/zip-latest.t............................  12    0    0    0   12
S17-supply/zip.t...................................  10    0    0    0   10
                                                   pass fail todo skip plan
S19-command-line-options/02-dash-n.t...............   0    3    0    0    3
     3 tests aborted (missing ok/not ok)
S19-command-line-options/03-dash-p.t...............   0    2    0    0    2
     2 tests aborted (missing ok/not ok)
S19-command-line/arguments.t.......................   0    3    0    0    3
     3 tests aborted (missing ok/not ok)
S19-command-line/dash-e.t..........................   0    4    0    0    4
     4 tests aborted (missing ok/not ok)
S19-command-line/help.t............................   0    1    0    0    1
     1 tests aborted (missing ok/not ok)
S19-command-line/repl.t............................   1    0    0    0    1
                                                   pass fail todo skip plan
S22-package-format/local.rakudo.jvm................  23    0    0    1   24
     1 skipped: cannot do signals in JVM RT #124628
                                                   pass fail todo skip plan
S24-testing/0-compile.t............................   1    0    0    0    1
S24-testing/3-output.t.............................   0    4    0    0    4
     4 tests aborted (missing ok/not ok)
S24-testing/line-numbers.t.........................   1   12    0    0   13
    11 tests aborted (missing ok/not ok)
                                                   pass fail todo skip plan
S26-documentation/01-delimited.t...................  40    0    0    0   40
S26-documentation/02-paragraph.t...................  27    0    0    0   27
S26-documentation/03-abbreviated.t.................  30    0    0    0   30
S26-documentation/04-code.t........................  50    0    0    0   50
S26-documentation/05-comment.t.....................   9    0    0    0    9
S26-documentation/06-lists.t.......................  39    0    0    0   39
S26-documentation/07-tables.t......................  38    0    0    0   38
S26-documentation/08-formattingcodes.t.............  45    0    0    0   45
S26-documentation/09-configuration.rakudo.jvm......   7    9    1    0   17
     1 todo   : non-string colonpair pod options RT \#124281
     9 tests aborted (missing ok/not ok)
S26-documentation/10-doc-cli.t.....................   0    2    0    0    2
     2 tests aborted (missing ok/not ok)
S26-documentation/block-leading.t..................   7  327    0    0  334
   327 tests aborted (missing ok/not ok)
S26-documentation/block-trailing.t.................   7  320    0    0  327
   320 tests aborted (missing ok/not ok)
S26-documentation/module-comment.t.................   1    0    0    0    1
S26-documentation/multiline-leading.t..............   4    0    0    0    4
S26-documentation/multiline-trailing.t.............   2    0    0    0    2
S26-documentation/wacky.t..........................   5   24    1    0   30
     1 todo   : being picky about attaching of declarative comments NYI
    24 tests aborted (missing ok/not ok)
S26-documentation/why-both.t.......................   7  284    0    0  291
   284 tests aborted (missing ok/not ok)
S26-documentation/why-leading.t....................   7  348    0    0  355
   348 tests aborted (missing ok/not ok)
S26-documentation/why-trailing.t...................   7  341    0    0  348
   341 tests aborted (missing ok/not ok)
                                                   pass fail todo skip plan
S28-named-variables/cwd.t..........................   2    0    0    0    2
S28-named-variables/inc.t..........................   5    0    0    0    5
                                                   pass fail todo skip plan
S29-any/cmp.t......................................   6    0    0    0    6
S29-any/isa.t......................................  10    0    0    0   10
S29-context/die.rakudo.jvm.........................  12    4    1    0   17
     1 todo   : RT \#67374
     4 tests aborted (missing ok/not ok)
S29-context/eval.rakudo.jvm........................  21    0    0    2   23
     2 skipped: EVAL(Buf) RT #122256
S29-context/evalfile.t.............................   1    1    0    0    2
     1 tests aborted (missing ok/not ok)
S29-context/exit-in-if.t...........................   1    0    0    0    1
S29-context/exit.t.................................   0    3    0    0    3
     3 tests aborted (missing ok/not ok)
S29-context/sleep.t................................  22    0    0    0   22
S29-conversions/hash.t.............................   8    0    0    0    8
S29-conversions/ord_and_chr.rakudo.jvm............. 247    9    1    0  257
     1 todo   : chr surrogate RT \#124834
     9 tests aborted (missing ok/not ok)
S29-os/system.t....................................  15    5    0    0   20
     5 tests aborted (missing ok/not ok)
                                                   pass fail todo skip plan
S32-array/adverbs.t................................   0  602    0    0  602
   602 tests aborted (missing ok/not ok)
S32-array/bool.t...................................  15    0    0    0   15
S32-array/create.t.................................   6    0    0    0    6
S32-array/delete-adverb-native.t................... 138    0    0    0  138
S32-array/delete-adverb.t.......................... 218    0    0    0  218
S32-array/delete.t.................................  15   17    0    0   32
    17 tests aborted (missing ok/not ok)
S32-array/elems.t..................................  11    0    0    0   11
S32-array/end.t....................................  12    0    0    0   12
S32-array/exists-adverb.t..........................  52    0    0    0   52
S32-array/keys_values.t............................   8    0    0    0    8
S32-array/kv.t.....................................  18    0    0    0   18
S32-array/pairs.t..................................  14    0    0    0   14
S32-array/perl.t...................................   6    0    0    0    6
S32-array/pop.rakudo.jvm...........................  30    7    0    0   37
     7 tests aborted (missing ok/not ok)
S32-array/push.t...................................  42   10    0    0   52
    10 tests aborted (missing ok/not ok)
S32-array/rotate.t.................................  29    0    0    0   29
S32-array/shift.t..................................  28    3    0    0   31
     3 tests aborted (missing ok/not ok)
S32-array/splice.rakudo.jvm........................ 346    0   12    0  358
    12 todo   : somehow the test causes different typecheck error
S32-array/unshift.t................................  71    5    0    0   76
     5 tests aborted (missing ok/not ok)
S32-basics/warn.t..................................   0    7    0    0    7
     7 tests aborted (missing ok/not ok)
S32-basics/xxKEY.rakudo.jvm........................  70   58    1    0  129
     1 todo   : binding to a key in an undefine doesn't work?
    58 tests aborted (missing ok/not ok)
S32-basics/xxPOS.rakudo.jvm........................  55    0    0    5   60
     5 skipped: No such method 'BIND-POS' for invocant of type 'Any' RT #124766
S32-container/cat.rakudo.jvm.......................   0    0    0    6    6
     6 skipped: cat NYI RT #124456
S32-container/roundrobin.t.........................   4    0    0    0    4
S32-container/stringify.t..........................   2   14    0    0   16
    14 tests aborted (missing ok/not ok)
S32-container/zip.rakudo.jvm.......................  12    0    0    2   14
     2 skipped: lvalue zip RT #124907
S32-exceptions/misc.rakudo.jvm.....................   2  349    0    0  351
   349 tests aborted (missing ok/not ok)
S32-hash/adverbs.t.................................1068   56    0    0 1124
S32-hash/antipairs.t...............................   5    0    0    0    5
S32-hash/delete-adverb.t........................... 131    0    0    0  131
S32-hash/delete.t..................................   8    0    0    0    8
S32-hash/exists-adverb.t...........................  19   28    0    0   47
    28 tests aborted (missing ok/not ok)
S32-hash/exists.rakudo.jvm.........................  14    0    0    1   15
     1 skipped: unspecced
S32-hash/invert.t..................................   5    0    0    0    5
S32-hash/keys_values.t.............................  14    0    0    0   14
S32-hash/kv.t......................................  27    0    0    0   27
S32-hash/pairs.t...................................  24    1    0    0   25
     1 tests aborted (missing ok/not ok)
S32-hash/perl.t....................................   5    7    0    0   12
     7 tests aborted (missing ok/not ok)
S32-hash/push.t....................................  10    0    0    0   10
S32-hash/slice.rakudo.jvm..........................  14   14    1    0   29
     1 todo   : binding on hash elements unimplemented RT \#124779
    14 tests aborted (missing ok/not ok)
S32-io/IO-Socket-Async.rakudo.jvm..................   5    0    0    1    6
     1 skipped: Flapping RT #122318
S32-io/IO-Socket-INET.t............................   0    0    0   48   48
    48 skipped: Operating system not yet supported
S32-io/chdir.rakudo.jvm............................   8    0    0    2   10
     2 skipped: spec non-conformance due to missing sink context
S32-io/copy.t......................................  41    0    0    0   41
S32-io/dir.rakudo.jvm..............................   1   11    1    0   13
     1 todo   : directories are not marked with trailing / yet RT \#124784
    11 tests aborted (missing ok/not ok)
S32-io/file-tests.t................................  34    0    0    0   34
S32-io/io-handle.t.................................   2    1    0    0    3
S32-io/io-path-cygwin.rakudo.jvm...................   0   51    0    0   51
    51 tests aborted (missing ok/not ok)
S32-io/io-path-unix.rakudo.jvm.....................   0   36    0    0   36
    36 tests aborted (missing ok/not ok)
S32-io/io-path-win.rakudo.jvm......................   0   50    0    0   50
    50 tests aborted (missing ok/not ok)
S32-io/io-path.t...................................  15    0    0    0   15
S32-io/io-spec-cygwin.t............................  76   26    0    0  102
    26 tests aborted (missing ok/not ok)
S32-io/io-spec-unix.t..............................  27  103    0    0  130
   103 tests aborted (missing ok/not ok)
S32-io/io-spec-win.t...............................  33  176    0    0  209
   176 tests aborted (missing ok/not ok)
S32-io/move.t......................................  29    0    0    0   29
S32-io/note.t......................................   0    6    0    0    6
     6 tests aborted (missing ok/not ok)
S32-io/other.t.....................................  60    0    0    0   60
S32-io/pipe.t......................................  14    0    0    0   14
S32-io/rename.t....................................  29    0    0    0   29
S32-io/slurp.t.....................................  17    0    0    0   17
S32-io/spurt.rakudo.jvm............................  10    0    0   25   35
    25 skipped: RT #126495 - This type does not support positional operations
S32-list/categorize.t..............................  28    0    0    0   28
S32-list/classify.rakudo.jvm.......................  24   16    0    0   40
    16 tests aborted (missing ok/not ok)
S32-list/combinations.t............................   8    0    0    0    8
S32-list/create.t..................................   6    0    0    0    6
S32-list/end.t.....................................  14    0    0    0   14
S32-list/first-end-k.rakudo.jvm....................   7   17    0    2   26
     2 skipped: adverbial block RT #124754
    17 tests aborted (missing ok/not ok)
S32-list/first-end-p.t.............................   7   17    0    0   24
    17 tests aborted (missing ok/not ok)
S32-list/first-end-v.t.............................   7   17    0    0   24
    17 tests aborted (missing ok/not ok)
S32-list/first-end.t...............................   7   17    0    0   24
    17 tests aborted (missing ok/not ok)
S32-list/first-k.rakudo.jvm........................   7   16    0    2   25
     2 skipped: adverbial block RT #124758
    16 tests aborted (missing ok/not ok)
S32-list/first-p.t.................................   7   17    0    0   24
    17 tests aborted (missing ok/not ok)
S32-list/first-v.t.................................   7   17    0    0   24
    17 tests aborted (missing ok/not ok)
S32-list/first.rakudo.jvm..........................   7   19    0    2   28
     2 skipped: adverbial block RT #124765
    19 tests aborted (missing ok/not ok)
S32-list/grep-k.rakudo.jvm.........................   9   18    1   12   40
     6 skipped: adverbial block RT #124759
     6 skipped: adverbial block RT #124760
     1 todo   : closure as non-final argument RT \#124761
    18 tests aborted (missing ok/not ok)
S32-list/grep-kv.t.................................  12    5    0    0   17
     5 tests aborted (missing ok/not ok)
S32-list/grep-p.t..................................  12    5    0    0   17
     5 tests aborted (missing ok/not ok)
S32-list/grep-v.t..................................  12    5    0    0   17
     5 tests aborted (missing ok/not ok)
S32-list/grep.rakudo.jvm...........................  20    5    0   12   37
     6 skipped: adverbial block RT #124755
     6 skipped: adverbial block RT #124756
     5 tests aborted (missing ok/not ok)
S32-list/head.t....................................   4   15    0    0   19
    15 tests aborted (missing ok/not ok)
S32-list/join.t....................................  28   10    0    0   38
    10 tests aborted (missing ok/not ok)
S32-list/map.rakudo.jvm............................  49    2    0    6   57
     1 skipped: Too few positionals passed; expected 3 arguments but got 1; RT #125146
     1 skipped: Too few positionals passed; expected 5 arguments but got 4; RT #125146
     2 skipped: adverbial block RT #124752
     2 skipped: closure as non-final argument RT #124753
     2 tests aborted (missing ok/not ok)
S32-list/map_function_return_values.t..............   2    0    0    0    2
S32-list/minmax.rakudo.jvm.........................  55   44    0    2  101
     2 skipped: post-GLR
    44 tests aborted (missing ok/not ok)
S32-list/permutations.t............................   2    0    0    0    2
S32-list/pick.t....................................  57    0    0    0   57
S32-list/produce.rakudo.jvm........................   8   12    0    5   25
     5 skipped: RT #126493 - expected Positional but got Seq
    12 tests aborted (missing ok/not ok)
S32-list/reduce.t..................................   3   12    0    0   15
    12 tests aborted (missing ok/not ok)
S32-list/repeated.t................................  14   20    0    0   34
    20 tests aborted (missing ok/not ok)
S32-list/reverse.rakudo.jvm........................  18    0    1    0   19
     1 todo   : RT \#77914
S32-list/roll.t....................................  49    0    0    0   49
S32-list/rotor.rakudo.jvm..........................   5    1    0    3    9
     3 skipped: UnwindException RT #124279
     1 tests aborted (missing ok/not ok)
S32-list/seq.rakudo.jvm............................   0   26    0    0   26
    26 tests aborted (missing ok/not ok)
S32-list/sort.t....................................  26    4    0    0   30
     4 tests aborted (missing ok/not ok)
S32-list/squish.t..................................   0   40    0    0   40
    40 tests aborted (missing ok/not ok)
S32-list/tail.t....................................  19    0    0    0   19
S32-list/unique.t..................................  14   20    0    0   34
    20 tests aborted (missing ok/not ok)
S32-num/abs.t......................................  49    0    0    0   49
S32-num/base.t.....................................  44    0    0    0   44
S32-num/complex.t..................................  19  469    0    0  488
   469 tests aborted (missing ok/not ok)
S32-num/cool-num.rakudo.jvm........................  39    0    0    4   43
     4 skipped: angle conversion RT #124816
S32-num/exp.t......................................  72    0    0    0   72
S32-num/expmod.t................................... 117    0    0    0  117
S32-num/fatrat.rakudo.jvm.......................... 246   33    1    2  282
     2 skipped: FatRat arith + type objects RT #124814
     1 todo   : unknown RT \#124815
    33 tests aborted (missing ok/not ok)
S32-num/int.rakudo.jvm............................. 104    0    3    0  107
     3 todo   : Inf and NaN NYI for Int RT \#124818
S32-num/is-prime.t.................................  35    0    0    0   35
S32-num/log.rakudo.jvm.............................  28    0    1    0   29
     1 todo   : HugeInt.log RT \#124821
S32-num/narrow.t...................................   9    0    0    0    9
S32-num/pi.t.......................................   5    0    0    0    5
S32-num/polar.t....................................  48    0    0    0   48
S32-num/polymod.t..................................   4    0    0    0    4
S32-num/power.rakudo.jvm...........................  27   24    1    0   52
     1 todo   : wrong results for "NaN" used with "**" RT \#124800
    24 tests aborted (missing ok/not ok)
S32-num/rand.rakudo.jvm............................ 112    0    0    1  113
     1 skipped: Test is too slow; srand call incorrect RT #124812
S32-num/rat.rakudo.jvm............................. 829    0    0    1  830
     1 skipped: RT #74648
S32-num/real-bridge.t.............................. 200    0    0    0  200
S32-num/roots.t....................................  55    0    0    0   55
S32-num/rounders.rakudo.jvm........................ 129    0    1    0  130
     1 todo   : nigh
S32-num/rshift_pos_amount.t........................   1  188    0    0  189
   188 tests aborted (missing ok/not ok)
S32-num/sign.t.....................................  35    0    0    0   35
S32-num/sqrt.t.....................................  18    0    0    0   18
S32-num/stringify.rakudo.jvm.......................  46   66    0    0  112
    66 tests aborted (missing ok/not ok)
S32-num/unpolar.t..................................  85  114    0    0  199
   114 tests aborted (missing ok/not ok)
S32-scalar/defined.t...............................  56    0    0    0   56
S32-scalar/perl.rakudo.jvm.........................   5    0    2    0    7
     2 todo   : cannot roundtrip constrained scalars yet
S32-scalar/undef.rakudo.jvm........................   4   87    0    0   91
    87 tests aborted (missing ok/not ok)
S32-str/append.t...................................   7    0    0    0    7
S32-str/bool.t.....................................  12    0    0    0   12
S32-str/capitalize.rakudo.jvm......................  13    3    1    0   17
     1 todo   : NFG on JVM RT \#124741
     3 tests aborted (missing ok/not ok)
S32-str/chomp.t....................................  25   14    0    0   39
    13 tests aborted (missing ok/not ok)
S32-str/chop.t.....................................  32    0    0    0   32
S32-str/comb.rakudo.jvm............................   6   71    1    0   78
     1 todo   : NFG on JVM RT \#124737
    71 tests aborted (missing ok/not ok)
S32-str/contains.t.................................  20    0    0    0   20
S32-str/encode.rakudo.jvm..........................   0    0    0    0    0
S32-str/ends-with.t................................   8    0    0    0    8
S32-str/flip.rakudo.jvm............................   8    4    1    0   13
     1 todo   : NFG on JVM RT \#124682
     4 tests aborted (missing ok/not ok)
S32-str/indent.t...................................  41   21    0    0   62
    21 tests aborted (missing ok/not ok)
S32-str/index.t....................................  36    8    0    0   44
     7 tests aborted (missing ok/not ok)
S32-str/indices.t..................................  24    0    0    0   24
S32-str/lc.t.......................................  18    0    0    0   18
S32-str/length.rakudo.jvm..........................  27    1    1    0   29
     1 todo   : .codes weirdness on JVM, possibly NYI? RT \#124742
     1 tests aborted (missing ok/not ok)
S32-str/lines.t....................................  46    1    0    0   47
     1 tests aborted (missing ok/not ok)
S32-str/numeric.rakudo.jvm.........................  87   80    1    0  168
     1 todo   : Unsure of what val() should accept
    80 tests aborted (missing ok/not ok)
S32-str/ords.t.....................................   6    0    0    0    6
S32-str/pack.t.....................................   7    0    0    0    7
S32-str/pos.t......................................   2    0    0    0    2
S32-str/rindex.t...................................  43    0    0    0   43
S32-str/samecase.t.................................   8    0    0    0    8
S32-str/samemark.rakudo.jvm........................   0    0    0    7    7
     7 skipped: samemark NYI - RT #125165
S32-str/split-simple.t.............................   0   29    0    0   29
    29 tests aborted (missing ok/not ok)
S32-str/split.rakudo.jvm...........................   1   56    0    0   57
    56 tests aborted (missing ok/not ok)
S32-str/sprintf-b.rakudo.jvm.......................   8  156    1    0  165
     1 todo   : RT \#123979
   156 tests aborted (missing ok/not ok)
S32-str/sprintf.rakudo.jvm......................... 144    0    0   13  157
    10 skipped: Issues with Inf: RT #116280
     3 skipped: java.lang.NumberFormatException: RT#116280
S32-str/starts-with.t..............................   8    0    0    0    8
S32-str/substr-eq.t................................  12    0    0    0   12
S32-str/substr-rw.rakudo.jvm.......................   2   36    1    0   39
     1 todo   : NYI
    36 tests aborted (missing ok/not ok)
S32-str/substr.rakudo.jvm..........................  23   32    1    0   56
     1 todo   : codepoints greater than 0xFFFF RT \#124692
    32 tests aborted (missing ok/not ok)
S32-str/tc.rakudo.jvm..............................   4    5    0    0    9
     4 tests aborted (missing ok/not ok)
S32-str/tclc.rakudo.jvm............................   2    3    1    0    6
     1 todo   : RT \#121377
     3 tests aborted (missing ok/not ok)
S32-str/trim.t.....................................  36    0    0    0   36
S32-str/uc.rakudo.jvm..............................  17    0    0    2   19
     2 skipped: NFG
S32-str/unpack.t...................................  12    0    0    0   12
S32-str/words.rakudo.jvm...........................   9    6    1    0   16
     1 todo   : NFG on JVM RT \#124739
     6 tests aborted (missing ok/not ok)
S32-temporal/Date.t................................   0   77    0    0   77
    77 tests aborted (missing ok/not ok)
S32-temporal/DateTime-Instant-Duration.t...........  33    0    0    0   33
S32-temporal/DateTime.t............................  70  168    0    0  238
   168 tests aborted (missing ok/not ok)
S32-temporal/calendar.t............................ 130    0    0    0  130
S32-temporal/local.rakudo.jvm......................   6   18    1    0   25
     1 todo   : RT \#122702
    18 tests aborted (missing ok/not ok)
S32-trig/atan2.t................................... 115    0    0    0  115
S32-trig/cos.t..................................... 154    0    0    0  154
S32-trig/cosec.t................................... 114    0    0    0  114
S32-trig/cosech.t.................................. 146    0    0    0  146
S32-trig/cosh.t.................................... 138    0    0    0  138
S32-trig/cotan.t................................... 114    0    0    0  114
S32-trig/cotanh.t.................................. 146    0    0    0  146
S32-trig/e.t.......................................   5    0    0    0    5
S32-trig/pi.t......................................   3    0    0    0    3
S32-trig/sec.t..................................... 114    0    0    0  114
S32-trig/sech.t.................................... 154    0    0    0  154
S32-trig/simple.t..................................  12    0    0    0   12
S32-trig/sin.t..................................... 154    0    0    0  154
S32-trig/sinh.t.................................... 138    0    0    0  138
S32-trig/tan.t..................................... 138    0    0    0  138
S32-trig/tanh.t.................................... 154    0    0    0  154
                                                   pass fail todo skip plan
integration/99problems-01-to-10.t..................  21    1    0    0   22
     1 tests aborted (missing ok/not ok)
integration/99problems-11-to-20.t..................   0   25    0    0   25
    25 tests aborted (missing ok/not ok)
integration/99problems-21-to-30.t..................  11    4    0    0   15
     4 tests aborted (missing ok/not ok)
integration/99problems-31-to-40.t..................  37   30    0    0   67
    30 tests aborted (missing ok/not ok)
integration/99problems-41-to-50.t..................  13    0    0    0   13
integration/99problems-51-to-60.t..................  35    0    0    2   37
     1 skipped: Test(s) not yet written: (**) Construct height-balanced binary trees with a given number of nodes
     1 skipped: Test(s) not yet written: (**) Generate-and-test paradigm
integration/99problems-61-to-70.t..................   9    0    0    6   15
     1 skipped: Test(s) not yet written: (**) A string representation of binary trees
     1 skipped: Test(s) not yet written: (**) Construct a complete binary tree
     1 skipped: Test(s) not yet written: (**) Dotstring representation of binary trees
     1 skipped: Test(s) not yet written: (**) Preorder and inorder sequences of binary trees
     1 skipped: Test(s) not yet written: (**) Tree construction from a node string
     1 skipped: Test(s) not yet written: (***) Layout a binary tree (3)
integration/advent2009-day01.t.....................   2    0    0    0    2
integration/advent2009-day02.t.....................  10    0    0    0   10
integration/advent2009-day03.t.....................   6    0    0    0    6
integration/advent2009-day04.t.....................   6    0    0    0    6
integration/advent2009-day05.t.....................  12    5    0    0   17
     5 tests aborted (missing ok/not ok)
integration/advent2009-day06.t.....................  15    0    0    0   15
integration/advent2009-day07.t.....................  10    4    0    0   14
     4 tests aborted (missing ok/not ok)
integration/advent2009-day08.t.....................   8    0    0    0    8
integration/advent2009-day09.t.....................  17    0    0    0   17
integration/advent2009-day10.t.....................   5    0    0    0    5
integration/advent2009-day11.t.....................   6    0    0    0    6
integration/advent2009-day12.t.....................   3    6    0    0    9
     5 tests aborted (missing ok/not ok)
integration/advent2009-day13.t.....................  16    0    0    0   16
integration/advent2009-day14.t.....................  21    0    0    0   21
integration/advent2009-day15.t.....................   4    0    0    0    4
integration/advent2009-day16.t.....................  11    0    0    0   11
integration/advent2009-day17.t.....................   0   62    0    0   62
    62 tests aborted (missing ok/not ok)
integration/advent2009-day18.t.....................   7    0    0    0    7
integration/advent2009-day19.t.....................   6    0    0    0    6
integration/advent2009-day20.t.....................  21    0    0    0   21
integration/advent2009-day21.t.....................   2    0    0    0    2
integration/advent2009-day22.t.....................   4    0    0    0    4
integration/advent2009-day23.t.....................   3    7    0    0   10
     7 tests aborted (missing ok/not ok)
integration/advent2009-day24.t.....................   4    0    0    0    4
integration/advent2010-day03.t.....................  12    0    0    0   12
integration/advent2010-day04.t.....................  11    0    0    0   11
integration/advent2010-day06.t.....................  12    0    0    0   12
integration/advent2010-day07.t.....................   8    0    0    0    8
integration/advent2010-day08.t.....................   8    0    0    0    8
integration/advent2010-day10.rakudo.jvm............   2    0    2    0    4
     2 todo   : RT \#121843
integration/advent2010-day11.t.....................   1    1    0    0    2
     1 tests aborted (missing ok/not ok)
integration/advent2010-day12.t.....................  13    0    0    0   13
integration/advent2010-day14.t.....................   5    0    0    0    5
integration/advent2010-day16.t.....................  13    0    0    0   13
integration/advent2010-day19.rakudo.jvm............   3    2    1    0    6
     1 todo   : RT \#126491
     2 tests aborted (missing ok/not ok)
integration/advent2010-day21.t.....................   4    0    0    0    4
integration/advent2010-day22.t.....................   3    0    0    0    3
integration/advent2010-day23.t.....................   8    0    0    0    8
integration/advent2011-day03.t.....................   2    0    0    0    2
integration/advent2011-day04.t.....................   2    0    0    0    2
integration/advent2011-day05.t.....................   5    0    0    0    5
integration/advent2011-day07.t.....................   0    3    0    0    3
     3 tests aborted (missing ok/not ok)
integration/advent2011-day10.t.....................   0    5    0    0    5
     5 tests aborted (missing ok/not ok)
integration/advent2011-day11.t.....................   9    0    0    0    9
integration/advent2011-day14.t.....................   8    0    0    0    8
integration/advent2011-day15.t.....................   9    0    0    0    9
integration/advent2011-day16.t.....................  12    0    0    0   12
integration/advent2011-day20.t.....................  16    0    0    0   16
integration/advent2011-day22.t.....................   2    0    0    0    2
integration/advent2011-day23.t.....................  19   36    0    0   55
    36 tests aborted (missing ok/not ok)
integration/advent2011-day24.t.....................   8    0    0    0    8
integration/advent2012-day02.t.....................   4    0    0    0    4
integration/advent2012-day03.t.....................   2    0    0    0    2
integration/advent2012-day04.rakudo.jvm............   2    5    1    0    8
     1 todo   : failing during 2015.09 release...
     5 tests aborted (missing ok/not ok)
integration/advent2012-day06.t.....................   0    2    0    0    2
     2 tests aborted (missing ok/not ok)
integration/advent2012-day09.t.....................   8    0    0    0    8
integration/advent2012-day10.t.....................   0   26    0    0   26
    26 tests aborted (missing ok/not ok)
integration/advent2012-day12.t.....................   5    0    0    0    5
integration/advent2012-day13.t.....................   0   42    0    0   42
    42 tests aborted (missing ok/not ok)
integration/advent2012-day14.t.....................   2    4    0    0    6
     4 tests aborted (missing ok/not ok)
integration/advent2012-day15.t.....................   8    3    0    0   11
     2 tests aborted (missing ok/not ok)
integration/advent2012-day16.t.....................  11    0    0    0   11
integration/advent2012-day19.t.....................  10    0    0    0   10
integration/advent2012-day20.t.....................   2    0    0    0    2
integration/advent2012-day21.t.....................   0    9    0    0    9
     9 tests aborted (missing ok/not ok)
integration/advent2012-day22.t.....................   6    0    0    0    6
integration/advent2012-day23.t.....................   2    0    0    0    2
integration/advent2012-day24.t.....................   0    1    0    0    1
     1 tests aborted (missing ok/not ok)
integration/advent2013-day02.t.....................  12    0    0    0   12
integration/advent2013-day04.rakudo.jvm............   0    7    0    0    7
     7 tests aborted (missing ok/not ok)
integration/advent2013-day06.t.....................   1    0    0    0    1
integration/advent2013-day07.t.....................   6    0    0    0    6
integration/advent2013-day08.t.....................  11    0    0    0   11
integration/advent2013-day09.t.....................  21    0    0    0   21
integration/advent2013-day10.rakudo.jvm............  12   32    0    0   44
    32 tests aborted (missing ok/not ok)
integration/advent2013-day12.t.....................  32    0    0    0   32
integration/advent2013-day14.t.....................   0   10    0    0   10
    10 tests aborted (missing ok/not ok)
integration/advent2013-day15.rakudo.jvm............  17   12    1    0   30
     1 todo   : jvm rounding quirks
    12 tests aborted (missing ok/not ok)
integration/advent2013-day18.t.....................   3    7    0    0   10
     7 tests aborted (missing ok/not ok)
integration/advent2013-day19.t.....................   4    0    0    0    4
integration/advent2013-day20.t.....................  22    0    0    0   22
integration/advent2013-day21.t.....................   2   22    0    0   24
    22 tests aborted (missing ok/not ok)
integration/advent2013-day22.t.....................   9    0    0    0    9
integration/advent2013-day23.t.....................   9    0    0    0    9
integration/advent2014-day05.rakudo.jvm............   6    0    0    1    7
     1 skipped: sometimes hangs, sometimes segfaults
integration/advent2014-day13.t.....................  13    0    0    0   13
integration/advent2014-day16.t.....................   0   21    0    0   21
    21 tests aborted (missing ok/not ok)
integration/code-blocks-as-sub-args.t..............   4    0    0    0    4
integration/error-reporting.rakudo.jvm.............   0   22    0    0   22
    22 tests aborted (missing ok/not ok)
integration/lazy-bentley-generator.t...............   1    0    0    0    1
integration/lexical-array-in-inner-block.t.........   2    0    0    0    2
integration/lexicals-and-attributes.t..............   8    0    0    0    8
integration/man-or-boy.t...........................  10    0    0    0   10
integration/method-calls-and-instantiation.t.......   2    0    0    0    2
integration/no-indirect-new.t......................   2    0    0    0    2
integration/packages.t.............................   1    2    0    0    3
     2 tests aborted (missing ok/not ok)
integration/pair-in-array.t........................   3    0    0    0    3
integration/passing-pair-class-to-sub.t............   2    0    0    0    2
integration/real-strings.t.........................   1   19    0    0   20
    19 tests aborted (missing ok/not ok)
integration/role-composition-vs-attribute.rakudo...   0   10    0    0   10
    10 tests aborted (missing ok/not ok)
integration/rule-in-class-Str.t....................   3    0    0    0    3
integration/say-crash.t............................   4    0    0    0    4
integration/substr-after-match-in-gather-in-for.t..   1    0    0    0    1
integration/topic_in_double_loop.t.................   5    0    0    0    5
integration/variables-in-do.t......................   3    0    0    0    3
integration/weird-errors.rakudo.jvm................   0   20    0    0   20
    20 tests aborted (missing ok/not ok)
                                                   pass fail todo skip plan
rosettacode/greatest_element_of_a_list.t...........   1    0    0    0    1
rosettacode/sierpinski_triangle.t..................   1    0    0    0    1
----------------
"Synopsis", "pass","fail","todo","skip","plan","spec"
"S01",           0,     0,     0,    75,    75,    86
"S02",        4457,  2413,    37,   295,  7202,  7201
"S03",        3553,  2008,    39,    76,  5676,  5694
"S04",         899,   522,    26,    25,  1472,  1504
"S05",        3688,  2123,    18,    93,  5922,  6123
"S06",        1569,   520,    25,    71,  2185,  2236
"S07",          18,     4,     0,     0,    22,   118
"S09",        1859,   117,     4,    31,  2011,  2011
"S10",          72,    36,     2,     1,   111,   168
"S11",          88,    29,     4,     8,   129,   148
"S12",        1193,   413,    17,   123,  1746,  1801
"S13",          42,    19,     1,     0,    62,    72
"S14",         313,    37,     5,     6,   361,   374
"S15",          29,    32,     2,    20,    83, 79048
"S16",         454,   109,     1,    15,   579,   635
"S17",         647,   162,     4,    20,   833,   881
"S19",           1,    13,     0,     0,    14,    18
"S22",          23,     0,     0,     1,    24,    24
"S24",           2,    16,     0,     0,    18,    89
"S26",         332,  1655,     2,     0,  1989,  1989
"S28",           7,     0,     0,     0,     7,    13
"S29",         343,    22,     2,     2,   369,   369
"S32",        8716,  3805,    37,   166, 12724, 10978
"int",         814,   467,     5,     9,  1295,  1288
"ros",           2,     0,     0,     0,     2,     2
"total",     29121, 14522,   231,  1037, 44911,122870
----------------
Failure summary:
S02-lexical-conventions/minimal-whitespace.t aborted 13 test(s)
S02-lexical-conventions/unspace.rakudo.jvm aborted 83 test(s)
S02-literals/autoref.t aborted 34 test(s)
S02-literals/heredocs.t aborted 22 test(s)
S02-literals/listquote.rakudo.jvm aborted 22 test(s)
S02-literals/misc-interpolation.rakudo.jvm aborted 4 test(s)
S02-literals/numeric.rakudo.jvm aborted 41 test(s)
S02-literals/radix.rakudo.jvm aborted 137 test(s)
S02-literals/string-interpolation.t aborted 16 test(s)
S02-literals/version.rakudo.jvm aborted 5 test(s)
S02-magicals/DISTRO.rakudo.jvm aborted 11 test(s)
S02-magicals/KERNEL.rakudo.jvm aborted 21 test(s)
S02-magicals/PERL.rakudo.jvm aborted 22 test(s)
S02-magicals/VM.rakudo.jvm aborted 12 test(s)
S02-magicals/args.t aborted 3 test(s)
S02-magicals/pid.t aborted 2 test(s)
S02-magicals/progname.t aborted 1 test(s)
S02-magicals/sub.rakudo.jvm aborted 7 test(s)
S02-names-vars/names.rakudo.jvm aborted 127 test(s)
S02-names-vars/signature.t aborted 13 test(s)
S02-names/bare-sigil.t aborted 3 test(s)
S02-names/caller.t aborted 9 test(s)
S02-names/is_cached.rakudo.jvm aborted 4 test(s)
S02-names/is_default.rakudo.jvm 3 - should be able to update untyped variable
S02-names/is_default.rakudo.jvm aborted 107 test(s)
S02-names/pseudo.rakudo.jvm aborted 88 test(s)
S02-types/array.rakudo.jvm aborted 97 test(s)
S02-types/array_extending.t aborted 3 test(s)
S02-types/bag.rakudo.jvm aborted 123 test(s)
S02-types/baghash.rakudo.jvm 32 - Can ++ an existing element
S02-types/baghash.rakudo.jvm aborted 228 test(s)
S02-types/bool.rakudo.jvm aborted 1 test(s)
S02-types/capture.rakudo.jvm aborted 5 test(s)
S02-types/compact.rakudo.jvm aborted 7 test(s)
S02-types/declare.rakudo.jvm aborted 52 test(s)
S02-types/flattening.t aborted 46 test(s)
S02-types/hash.rakudo.jvm aborted 32 test(s)
S02-types/infinity.rakudo.jvm aborted 3 test(s)
S02-types/isDEPRECATED.rakudo.jvm aborted 21 test(s)
S02-types/lazy-lists.t aborted 23 test(s)
S02-types/mix.rakudo.jvm aborted 192 test(s)
S02-types/mixed_multi_dimensional.rakudo.jvm aborted 2 test(s)
S02-types/mixhash.rakudo.jvm 32 - Can ++ an existing element
S02-types/mixhash.rakudo.jvm aborted 197 test(s)
S02-types/native.rakudo.jvm aborted 25 test(s)
S02-types/pair.rakudo.jvm aborted 86 test(s)
S02-types/range.t aborted 153 test(s)
S02-types/set.rakudo.jvm aborted 174 test(s)
S02-types/subscripts_and_context.t aborted 2 test(s)
S02-types/undefined-types.rakudo.jvm aborted 37 test(s)
S02-types/unicode.rakudo.jvm aborted 2 test(s)
S02-types/whatever.rakudo.jvm aborted 92 test(s)
S03-binding/arrays.t aborted 42 test(s)
S03-binding/ro.rakudo.jvm aborted 9 test(s)
S03-feeds/basic.rakudo.jvm aborted 15 test(s)
S03-junctions/autothreading.t aborted 104 test(s)
S03-junctions/boolean-context.t aborted 72 test(s)
S03-junctions/misc.t aborted 134 test(s)
S03-metaops/eager-hyper.rakudo.jvm aborted 8 test(s)
S03-metaops/reduce.rakudo.jvm aborted 315 test(s)
S03-operators/also.rakudo.jvm aborted 5 test(s)
S03-operators/autoincrement.t aborted 74 test(s)
S03-operators/bag.rakudo.jvm aborted 99 test(s)
S03-operators/brainos.t 4 - error for "!~" usage mentions "!~~"
S03-operators/brainos.t aborted 5 test(s)
S03-operators/chained-declarators.t 1 - chained my
S03-operators/chained-declarators.t aborted 4 test(s)
S03-operators/equality.t aborted 36 test(s)
S03-operators/eqv.rakudo.jvm aborted 54 test(s)
S03-operators/flip-flop.rakudo.jvm aborted 21 test(s)
S03-operators/identity.rakudo.jvm aborted 12 test(s)
S03-operators/misc.rakudo.jvm aborted 16 test(s)
S03-operators/mix.rakudo.jvm aborted 99 test(s)
S03-operators/names.t aborted 2 test(s)
S03-operators/orelse.t aborted 1 test(s)
S03-operators/overflow.t aborted 98 test(s)
S03-operators/precedence.rakudo.jvm aborted 39 test(s)
S03-operators/range-int.t aborted 424 test(s)
S03-operators/range.t aborted 78 test(s)
S03-operators/relational.rakudo.jvm aborted 41 test(s)
S03-operators/set.t aborted 1 test(s)
S03-operators/short-circuit.t aborted 24 test(s)
S03-operators/value_equivalence.rakudo.jvm aborted 85 test(s)
S03-sequence/basic.t aborted 60 test(s)
S03-smartmatch/hash-hash.rakudo.jvm aborted 15 test(s)
S03-smartmatch/signature-signature.rakudo.jvm aborted 14 test(s)
S04-blocks-and-statements/let.rakudo.jvm aborted 3 test(s)
S04-blocks-and-statements/pointy.rakudo.jvm aborted 9 test(s)
S04-declarations/multiple.rakudo.jvm aborted 6 test(s)
S04-declarations/my.rakudo.jvm aborted 98 test(s)
S04-declarations/state.rakudo.jvm aborted 41 test(s)
S04-declarations/will.rakudo.jvm aborted 18 test(s)
S04-exception-handlers/catch.t 20 - CATCH doesn't catch exceptions thrown in its own lexical scope
S04-exception-handlers/catch.t aborted 10 test(s)
S04-exception-handlers/control.t aborted 10 test(s)
S04-exceptions/control_across_runloop.t aborted 1 test(s)
S04-exceptions/fail.t aborted 27 test(s)
S04-exceptions/pending.rakudo.jvm aborted 3 test(s)
S04-phasers/begin.rakudo.jvm aborted 1 test(s)
S04-phasers/end.t 3 - lexical lookup from END block works
S04-phasers/end.t aborted 5 test(s)
S04-phasers/enter-leave.rakudo.jvm aborted 16 test(s)
S04-phasers/first.t 1 - FIRST only ran once
S04-phasers/first.t aborted 3 test(s)
S04-phasers/in-loop.rakudo.jvm 4 - "last" statement called by LEAVE breaks out of while loop
S04-phasers/in-loop.rakudo.jvm aborted 1 test(s)
S04-phasers/keep-undo.rakudo.jvm aborted 4 test(s)
S04-phasers/next.rakudo.jvm aborted 4 test(s)
S04-phasers/pre-post.rakudo.jvm aborted 4 test(s)
S04-statement-modifiers/for.t aborted 20 test(s)
S04-statement-modifiers/until.t aborted 2 test(s)
S04-statement-modifiers/while.t aborted 5 test(s)
S04-statement-modifiers/with.rakudo.jvm aborted 2 test(s)
S04-statements/for.rakudo.jvm 91 - did we throws-like X::Parameter::RW?
S04-statements/for_with_only_one_item.t aborted 7 test(s)
S04-statements/gather.rakudo.jvm aborted 23 test(s)
S04-statements/given.t aborted 31 test(s)
S04-statements/if.rakudo.jvm aborted 19 test(s)
S04-statements/label.rakudo.jvm aborted 6 test(s)
S04-statements/loop.t aborted 14 test(s)
S04-statements/next.rakudo.jvm aborted 2 test(s)
S04-statements/quietly.t aborted 3 test(s)
S04-statements/redo.rakudo.jvm aborted 10 test(s)
S04-statements/repeat.t aborted 19 test(s)
S04-statements/try.t aborted 26 test(s)
S04-statements/until.t aborted 4 test(s)
S04-statements/when.t aborted 6 test(s)
S04-statements/while.t aborted 10 test(s)
S04-statements/with.t 37 - $_: with on Failure
S04-statements/with.t aborted 43 test(s)
S05-capture/alias.rakudo.jvm aborted 19 test(s)
S05-capture/dot.rakudo.jvm aborted 27 test(s)
S05-capture/match-object.rakudo.jvm aborted 8 test(s)
S05-capture/subrule.t aborted 11 test(s)
S05-grammar/action-stubs.t 2 - parse with :action (and no make) lives
S05-grammar/action-stubs.t aborted 22 test(s)
S05-grammar/inheritance.rakudo.jvm aborted 31 test(s)
S05-grammar/parse_and_parsefile.t aborted 16 test(s)
S05-grammar/polymorphism.t aborted 16 test(s)
S05-grammar/protoregex.rakudo.jvm aborted 1 test(s)
S05-interpolation/regex-in-variable.rakudo.jvm aborted 24 test(s)
S05-mass/charsets.rakudo.jvm aborted 9 test(s)
S05-mass/properties-derived.rakudo.jvm aborted 16 test(s)
S05-mass/properties-general.rakudo.jvm aborted 63 test(s)
S05-mass/rx.rakudo.jvm aborted 740 test(s)
S05-match/blocks.rakudo.jvm aborted 10 test(s)
S05-match/capturing-contexts.rakudo.jvm aborted 52 test(s)
S05-metachars/closure.rakudo.jvm aborted 1 test(s)
S05-metasyntax/angle-brackets.rakudo.jvm 40 - <.$foo> syntax placeholder
S05-metasyntax/angle-brackets.rakudo.jvm aborted 51 test(s)
S05-metasyntax/changed.t aborted 3 test(s)
S05-metasyntax/charset.t 38 - STD error message for - as character range
S05-metasyntax/charset.t aborted 9 test(s)
S05-metasyntax/delimiters.t aborted 21 test(s)
S05-metasyntax/interpolating-closure.rakudo.jvm aborted 7 test(s)
S05-metasyntax/litvar.rakudo.jvm aborted 33 test(s)
S05-metasyntax/longest-alternative.rakudo.jvm aborted 53 test(s)
S05-metasyntax/single-quotes.t aborted 30 test(s)
S05-metasyntax/unknown.rakudo.jvm aborted 4 test(s)
S05-modifier/continue.t aborted 10 test(s)
S05-modifier/counted-match.rakudo.jvm aborted 27 test(s)
S05-modifier/counted.rakudo.jvm aborted 125 test(s)
S05-modifier/ignorecase.rakudo.jvm aborted 13 test(s)
S05-modifier/ii.rakudo.jvm aborted 9 test(s)
S05-modifier/my.rakudo.jvm aborted 16 test(s)
S05-modifier/perl5_0.rakudo.jvm aborted 15 test(s)
S05-modifier/perl5_4.t aborted 76 test(s)
S05-modifier/perl5_5.rakudo.jvm aborted 97 test(s)
S05-modifier/perl5_6.rakudo.jvm aborted 97 test(s)
S05-modifier/perl5_8.rakudo.jvm aborted 55 test(s)
S05-modifier/perl5_9.rakudo.jvm aborted 64 test(s)
S05-modifier/pos.rakudo.jvm aborted 34 test(s)
S05-modifier/repetition-exhaustive.rakudo.jvm aborted 5 test(s)
S05-modifier/repetition.t aborted 12 test(s)
S05-substitution/subst.rakudo.jvm aborted 163 test(s)
S05-transliteration/trans.rakudo.jvm aborted 20 test(s)
S05-transliteration/with-closure.rakudo.jvm aborted 5 test(s)
S06-advanced/callframe.rakudo.jvm aborted 2 test(s)
S06-advanced/return.rakudo.jvm aborted 7 test(s)
S06-advanced/wrap.rakudo.jvm aborted 58 test(s)
S06-currying/misc.rakudo.jvm aborted 1 test(s)
S06-macros/unquoting.t aborted 6 test(s)
S06-multi/proto.rakudo.jvm aborted 22 test(s)
S06-multi/subsignature.rakudo.jvm aborted 100 test(s)
S06-operator-overloading/methods.rakudo.jvm aborted 2 test(s)
S06-operator-overloading/sub.rakudo.jvm aborted 12 test(s)
S06-other/main-usage.rakudo.jvm aborted 27 test(s)
S06-other/main.t aborted 5 test(s)
S06-routine-modifiers/proxy.rakudo.jvm aborted 22 test(s)
S06-signature/caller-param.rakudo.jvm aborted 5 test(s)
S06-signature/code.rakudo.jvm aborted 1 test(s)
S06-signature/introspection.rakudo.jvm aborted 111 test(s)
S06-signature/passing-arrays.t aborted 11 test(s)
S06-signature/sigilless.t aborted 8 test(s)
S06-signature/slurpy-params.t aborted 66 test(s)
S06-signature/sub-ref.rakudo.jvm aborted 20 test(s)
S06-signature/type-capture.t aborted 2 test(s)
S06-traits/is-copy.t aborted 11 test(s)
S06-traits/is-readonly.rakudo.jvm aborted 3 test(s)
S06-traits/misc.rakudo.jvm 1 - can't modify parameter, constant by default
S06-traits/misc.rakudo.jvm 3 - can't modify constant parameter, constant by default
S06-traits/misc.rakudo.jvm 5 - is rw dies in signature binding if passed a literal Int
S06-traits/misc.rakudo.jvm 6 - is rw dies in signature binding if passed an itemized array
S06-traits/precedence.rakudo.jvm aborted 14 test(s)
S07-slip/slip.t aborted 4 test(s)
S09-autovivification/autoincrement.t aborted 7 test(s)
S09-autovivification/autovivification.rakudo.jvm aborted 36 test(s)
S09-hashes/objecthash.rakudo.jvm aborted 36 test(s)
S09-typed-arrays/arrays.rakudo.jvm aborted 38 test(s)
S10-packages/precompilation.rakudo.jvm aborted 36 test(s)
S11-modules/export.rakudo.jvm aborted 10 test(s)
S11-modules/nested.t 2 - ... and the composition worked
S11-modules/nested.t aborted 4 test(s)
S11-modules/require.rakudo.jvm aborted 14 test(s)
S12-attributes/class.t 22 - useless our $.a accessor method generation error contains useful enough hints
S12-attributes/class.t 23 - useless my $.a accessor method generation error contains useful enough hints
S12-attributes/clone.rakudo.jvm aborted 25 test(s)
S12-attributes/defaults.t aborted 32 test(s)
S12-class/anonymous.rakudo.jvm aborted 15 test(s)
S12-class/attributes.t aborted 31 test(s)
S12-class/instantiate.rakudo.jvm aborted 1 test(s)
S12-class/type-object.t aborted 6 test(s)
S12-construction/BUILD.rakudo.jvm aborted 10 test(s)
S12-construction/construction.t aborted 15 test(s)
S12-construction/new.rakudo.jvm aborted 22 test(s)
S12-enums/basic.rakudo.jvm aborted 37 test(s)
S12-enums/non-int.rakudo.jvm aborted 2 test(s)
S12-introspection/WHAT.rakudo.jvm aborted 18 test(s)
S12-introspection/can.t aborted 14 test(s)
S12-introspection/methods.rakudo.jvm aborted 18 test(s)
S12-meta/exporthow.t aborted 5 test(s)
S12-meta/primitives.rakudo.jvm aborted 17 test(s)
S12-methods/accessors.t aborted 8 test(s)
S12-methods/defer-next.rakudo.jvm aborted 7 test(s)
S12-methods/instance.t aborted 39 test(s)
S12-methods/multi.rakudo.jvm aborted 26 test(s)
S12-methods/parallel-dispatch.rakudo.jvm aborted 36 test(s)
S12-methods/private.t aborted 4 test(s)
S12-methods/what.t aborted 22 test(s)
S12-subset/subtypes.t 44 - subtypes based on roles work
S13-overloading/typecasting-long.rakudo.jvm aborted 12 test(s)
S13-type-casting/methods.t aborted 7 test(s)
S14-roles/basic.rakudo.jvm 26 - type-check passes when role mixed in
S14-roles/conflicts.t aborted 9 test(s)
S14-roles/mixin.t 27 - RT #100782 2/2
S14-roles/namespaced.rakudo.jvm aborted 10 test(s)
S14-roles/parameterized-basic.t aborted 4 test(s)
S14-roles/parameterized-mixin.rakudo.jvm aborted 7 test(s)
S14-traits/routines.rakudo.jvm aborted 5 test(s)
S15-literals/identifiers.t aborted 7 test(s)
S15-string-types/Str.rakudo.jvm aborted 1 test(s)
S15-unicode-information/uniname.rakudo.jvm aborted 24 test(s)
S16-filehandles/argfiles.t 12 - Can change $*IN.nl-in and it has effect
S16-filehandles/io.rakudo.jvm aborted 23 test(s)
S16-filehandles/io_in_for_loops.t aborted 26 test(s)
S16-filehandles/io_in_while_loops.rakudo.jvm aborted 17 test(s)
S16-io/basic-open.t aborted 11 test(s)
S16-io/bom.t 1 - .chars reflects stripping of UTF-8 BOM (BOM + 4 chars)
S16-io/bom.t aborted 9 test(s)
S16-io/comb.t aborted 1 test(s)
S16-io/print.t aborted 12 test(s)
S16-io/say-and-ref.t aborted 3 test(s)
S16-io/supply.t aborted 5 test(s)
S17-lowlevel/lock.t aborted 16 test(s)
S17-promise/start.t aborted 21 test(s)
S17-scheduler/at.rakudo.jvm aborted 2 test(s)
S17-scheduler/basic.rakudo.jvm aborted 15 test(s)
S17-supply/Channel.t aborted 1 test(s)
S17-supply/interval.t aborted 2 test(s)
S17-supply/last.rakudo.jvm aborted 7 test(s)
S17-supply/lines.t aborted 16 test(s)
S17-supply/rotor.rakudo.jvm aborted 30 test(s)
S17-supply/syntax.t aborted 46 test(s)
S17-supply/throttle.t 2 - did we see all of the element
S17-supply/throttle.t aborted 5 test(s)
S19-command-line-options/02-dash-n.t aborted 3 test(s)
S19-command-line-options/03-dash-p.t aborted 2 test(s)
S19-command-line/arguments.t aborted 3 test(s)
S19-command-line/dash-e.t aborted 4 test(s)
S19-command-line/help.t aborted 1 test(s)
S24-testing/3-output.t aborted 4 test(s)
S24-testing/line-numbers.t 2 - failing test with dies-ok reports correct line number 9
S24-testing/line-numbers.t aborted 11 test(s)
S26-documentation/09-configuration.rakudo.jvm aborted 9 test(s)
S26-documentation/10-doc-cli.t aborted 2 test(s)
S26-documentation/block-leading.t aborted 327 test(s)
S26-documentation/block-trailing.t aborted 320 test(s)
S26-documentation/wacky.t aborted 24 test(s)
S26-documentation/why-both.t aborted 284 test(s)
S26-documentation/why-leading.t aborted 348 test(s)
S26-documentation/why-trailing.t aborted 341 test(s)
S29-context/die.rakudo.jvm aborted 4 test(s)
S29-context/evalfile.t aborted 1 test(s)
S29-context/exit.t aborted 3 test(s)
S29-conversions/ord_and_chr.rakudo.jvm aborted 9 test(s)
S29-os/system.t aborted 5 test(s)
S32-array/adverbs.t aborted 602 test(s)
S32-array/delete.t aborted 17 test(s)
S32-array/pop.rakudo.jvm aborted 7 test(s)
S32-array/push.t aborted 10 test(s)
S32-array/shift.t aborted 3 test(s)
S32-array/unshift.t aborted 5 test(s)
S32-basics/warn.t aborted 7 test(s)
S32-basics/xxKEY.rakudo.jvm aborted 58 test(s)
S32-container/stringify.t aborted 14 test(s)
S32-exceptions/misc.rakudo.jvm aborted 349 test(s)
S32-hash/adverbs.t 24 - did we throws-like X::Adverb?
S32-hash/adverbs.t 44 - did we throws-like X::Adverb?
S32-hash/adverbs.t 64 - did we throws-like X::Adverb?
S32-hash/adverbs.t 84 - did we throws-like X::Adverb?
S32-hash/adverbs.t 104 - did we throws-like X::Adverb?
S32-hash/adverbs.t 124 - did we throws-like X::Adverb?
S32-hash/adverbs.t 144 - did we throws-like X::Adverb?
S32-hash/adverbs.t 164 - did we throws-like X::Adverb?
S32-hash/adverbs.t 184 - did we throws-like X::Adverb?
S32-hash/adverbs.t 204 - did we throws-like X::Adverb?
S32-hash/adverbs.t 224 - did we throws-like X::Adverb?
S32-hash/adverbs.t 244 - did we throws-like X::Adverb?
S32-hash/adverbs.t 264 - did we throws-like X::Adverb?
S32-hash/adverbs.t 284 - did we throws-like X::Adverb?
S32-hash/adverbs.t 304 - did we throws-like X::Adverb?
S32-hash/adverbs.t 324 - did we throws-like X::Adverb?
S32-hash/adverbs.t 344 - did we throws-like X::Adverb?
S32-hash/adverbs.t 364 - did we throws-like X::Adverb?
S32-hash/adverbs.t 384 - did we throws-like X::Adverb?
S32-hash/adverbs.t 404 - did we throws-like X::Adverb?
S32-hash/adverbs.t 424 - did we throws-like X::Adverb?
S32-hash/adverbs.t 444 - did we throws-like X::Adverb?
S32-hash/adverbs.t 464 - did we throws-like X::Adverb?
S32-hash/adverbs.t 484 - did we throws-like X::Adverb?
S32-hash/adverbs.t 504 - did we throws-like X::Adverb?
S32-hash/adverbs.t 524 - did we throws-like X::Adverb?
S32-hash/adverbs.t 544 - did we throws-like X::Adverb?
S32-hash/adverbs.t 564 - did we throws-like X::Adverb?
S32-hash/adverbs.t 584 - did we throws-like X::Adverb?
S32-hash/adverbs.t 604 - did we throws-like X::Adverb?
S32-hash/adverbs.t 624 - did we throws-like X::Adverb?
S32-hash/adverbs.t 644 - did we throws-like X::Adverb?
S32-hash/adverbs.t 664 - did we throws-like X::Adverb?
S32-hash/adverbs.t 684 - did we throws-like X::Adverb?
S32-hash/adverbs.t 704 - did we throws-like X::Adverb?
S32-hash/adverbs.t 724 - did we throws-like X::Adverb?
S32-hash/adverbs.t 744 - did we throws-like X::Adverb?
S32-hash/adverbs.t 764 - did we throws-like X::Adverb?
S32-hash/adverbs.t 784 - did we throws-like X::Adverb?
S32-hash/adverbs.t 804 - did we throws-like X::Adverb?
S32-hash/adverbs.t 824 - did we throws-like X::Adverb?
S32-hash/adverbs.t 844 - did we throws-like X::Adverb?
S32-hash/adverbs.t 864 - did we throws-like X::Adverb?
S32-hash/adverbs.t 884 - did we throws-like X::Adverb?
S32-hash/adverbs.t 904 - did we throws-like X::Adverb?
S32-hash/adverbs.t 924 - did we throws-like X::Adverb?
S32-hash/adverbs.t 944 - did we throws-like X::Adverb?
S32-hash/adverbs.t 964 - did we throws-like X::Adverb?
S32-hash/adverbs.t 984 - did we throws-like X::Adverb?
S32-hash/adverbs.t 1004 - did we throws-like X::Adverb?
S32-hash/adverbs.t 1024 - did we throws-like X::Adverb?
S32-hash/adverbs.t 1044 - did we throws-like X::Adverb?
S32-hash/adverbs.t 1064 - did we throws-like X::Adverb?
S32-hash/adverbs.t 1084 - did we throws-like X::Adverb?
S32-hash/adverbs.t 1104 - did we throws-like X::Adverb?
S32-hash/adverbs.t 1124 - did we throws-like X::Adverb?
S32-hash/exists-adverb.t aborted 28 test(s)
S32-hash/pairs.t aborted 1 test(s)
S32-hash/perl.t aborted 7 test(s)
S32-hash/slice.rakudo.jvm aborted 14 test(s)
S32-io/dir.rakudo.jvm aborted 11 test(s)
S32-io/io-handle.t 3 - Changing input-line-separator works for .lines
S32-io/io-path-cygwin.rakudo.jvm aborted 51 test(s)
S32-io/io-path-unix.rakudo.jvm aborted 36 test(s)
S32-io/io-path-win.rakudo.jvm aborted 50 test(s)
S32-io/io-spec-cygwin.t aborted 26 test(s)
S32-io/io-spec-unix.t aborted 103 test(s)
S32-io/io-spec-win.t aborted 176 test(s)
S32-io/note.t aborted 6 test(s)
S32-list/classify.rakudo.jvm aborted 16 test(s)
S32-list/first-end-k.rakudo.jvm aborted 17 test(s)
S32-list/first-end-p.t aborted 17 test(s)
S32-list/first-end-v.t aborted 17 test(s)
S32-list/first-end.t aborted 17 test(s)
S32-list/first-k.rakudo.jvm aborted 16 test(s)
S32-list/first-p.t aborted 17 test(s)
S32-list/first-v.t aborted 17 test(s)
S32-list/first.rakudo.jvm aborted 19 test(s)
S32-list/grep-k.rakudo.jvm aborted 18 test(s)
S32-list/grep-kv.t aborted 5 test(s)
S32-list/grep-p.t aborted 5 test(s)
S32-list/grep-v.t aborted 5 test(s)
S32-list/grep.rakudo.jvm aborted 5 test(s)
S32-list/head.t aborted 15 test(s)
S32-list/join.t aborted 10 test(s)
S32-list/map.rakudo.jvm aborted 2 test(s)
S32-list/minmax.rakudo.jvm aborted 44 test(s)
S32-list/produce.rakudo.jvm aborted 12 test(s)
S32-list/reduce.t aborted 12 test(s)
S32-list/repeated.t aborted 20 test(s)
S32-list/rotor.rakudo.jvm aborted 1 test(s)
S32-list/seq.rakudo.jvm aborted 26 test(s)
S32-list/sort.t aborted 4 test(s)
S32-list/squish.t aborted 40 test(s)
S32-list/unique.t aborted 20 test(s)
S32-num/complex.t aborted 469 test(s)
S32-num/fatrat.rakudo.jvm aborted 33 test(s)
S32-num/power.rakudo.jvm aborted 24 test(s)
S32-num/rshift_pos_amount.t aborted 188 test(s)
S32-num/stringify.rakudo.jvm aborted 66 test(s)
S32-num/unpolar.t aborted 114 test(s)
S32-scalar/undef.rakudo.jvm aborted 87 test(s)
S32-str/capitalize.rakudo.jvm aborted 3 test(s)
S32-str/chomp.t 26 - our variable is chomped correctly
S32-str/chomp.t aborted 13 test(s)
S32-str/comb.rakudo.jvm aborted 71 test(s)
S32-str/flip.rakudo.jvm aborted 4 test(s)
S32-str/indent.t aborted 21 test(s)
S32-str/index.t 37 - sub does -1.0E34 give Nil
S32-str/index.t aborted 7 test(s)
S32-str/length.rakudo.jvm aborted 1 test(s)
S32-str/lines.t aborted 1 test(s)
S32-str/numeric.rakudo.jvm aborted 80 test(s)
S32-str/split-simple.t aborted 29 test(s)
S32-str/split.rakudo.jvm aborted 56 test(s)
S32-str/sprintf-b.rakudo.jvm aborted 156 test(s)
S32-str/substr-rw.rakudo.jvm aborted 36 test(s)
S32-str/substr.rakudo.jvm aborted 32 test(s)
S32-str/tc.rakudo.jvm 5 - sharp s => Ss
S32-str/tc.rakudo.jvm aborted 4 test(s)
S32-str/tclc.rakudo.jvm aborted 3 test(s)
S32-str/words.rakudo.jvm aborted 6 test(s)
S32-temporal/Date.t aborted 77 test(s)
S32-temporal/DateTime.t aborted 168 test(s)
S32-temporal/local.rakudo.jvm aborted 18 test(s)
integration/99problems-01-to-10.t aborted 1 test(s)
integration/99problems-11-to-20.t aborted 25 test(s)
integration/99problems-21-to-30.t aborted 4 test(s)
integration/99problems-31-to-40.t aborted 30 test(s)
integration/advent2009-day05.t aborted 5 test(s)
integration/advent2009-day07.t aborted 4 test(s)
integration/advent2009-day12.t 4 - Can import symbols by name
integration/advent2009-day12.t aborted 5 test(s)
integration/advent2009-day17.t aborted 62 test(s)
integration/advent2009-day23.t aborted 7 test(s)
integration/advent2010-day11.t aborted 1 test(s)
integration/advent2010-day19.rakudo.jvm aborted 2 test(s)
integration/advent2011-day07.t aborted 3 test(s)
integration/advent2011-day10.t aborted 5 test(s)
integration/advent2011-day23.t aborted 36 test(s)
integration/advent2012-day04.rakudo.jvm aborted 5 test(s)
integration/advent2012-day06.t aborted 2 test(s)
integration/advent2012-day10.t aborted 26 test(s)
integration/advent2012-day13.t aborted 42 test(s)
integration/advent2012-day14.t aborted 4 test(s)
integration/advent2012-day15.t 9 - FIRST/NEXT/LAST example
integration/advent2012-day15.t aborted 2 test(s)
integration/advent2012-day21.t aborted 9 test(s)
integration/advent2012-day24.t aborted 1 test(s)
integration/advent2013-day04.rakudo.jvm aborted 7 test(s)
integration/advent2013-day10.rakudo.jvm aborted 32 test(s)
integration/advent2013-day14.t aborted 10 test(s)
integration/advent2013-day15.rakudo.jvm aborted 12 test(s)
integration/advent2013-day18.t aborted 7 test(s)
integration/advent2013-day21.t aborted 22 test(s)
integration/advent2014-day16.t aborted 21 test(s)
integration/error-reporting.rakudo.jvm aborted 22 test(s)
integration/packages.t aborted 2 test(s)
integration/real-strings.t aborted 19 test(s)
integration/role-composition-vs-attribute.rakudo. aborted 10 test(s)
integration/weird-errors.rakudo.jvm aborted 20 test(s)
