/usr/local/bin/perl5.20.3 t/spec/fudgeall rakudo.jvm t/spec/S01-perl-5-integration/array.t t/spec/S01-perl-5-integration/basic.t t/spec/S01-perl-5-integration/class.t t/spec/S01-perl-5-integration/context.t t/spec/S01-perl-5-integration/eval_lex.t t/spec/S01-perl-5-integration/exception_handling.t t/spec/S01-perl-5-integration/hash.t t/spec/S01-perl-5-integration/import.t t/spec/S01-perl-5-integration/method.t t/spec/S01-perl-5-integration/return.t t/spec/S01-perl-5-integration/roundtrip.t t/spec/S01-perl-5-integration/strings.t t/spec/S01-perl-5-integration/subs.t t/spec/S02-lexical-conventions/begin_end_pod.t t/spec/S02-lexical-conventions/bom.t t/spec/S02-lexical-conventions/comments.t t/spec/S02-lexical-conventions/end-pod.t t/spec/S02-lexical-conventions/minimal-whitespace.t t/spec/S02-lexical-conventions/one-pass-parsing.t t/spec/S02-lexical-conventions/pod-in-multi-line-exprs.t t/spec/S02-lexical-conventions/sub-block-parsing.t t/spec/S02-lexical-conventions/unicode.t t/spec/S02-lexical-conventions/unicode-whitespace.t t/spec/S02-lexical-conventions/unspace.t t/spec/S02-lists/indexing.t t/spec/S02-lists/tree.t t/spec/S02-literals/adverbs.t t/spec/S02-literals/allomorphic.t t/spec/S02-literals/array-interpolation.t t/spec/S02-literals/autoref.t t/spec/S02-literals/char-by-name.t t/spec/S02-literals/char-by-number.t t/spec/S02-literals/fmt-interpolation.t t/spec/S02-literals/hash-interpolation.t t/spec/S02-literals/heredocs.t t/spec/S02-literals/hex_chars.t t/spec/S02-literals/listquote.t t/spec/S02-literals/listquote-whitespace.t t/spec/S02-literals/misc-interpolation.t t/spec/S02-literals/numeric.t t/spec/S02-literals/pair-boolean.t t/spec/S02-literals/pairs.t t/spec/S02-literals/pod.t t/spec/S02-literals/quoting.t t/spec/S02-literals/quoting-unicode.t t/spec/S02-literals/radix.t t/spec/S02-literals/string-interpolation.t t/spec/S02-literals/sub-calls.t t/spec/S02-literals/subscript.t t/spec/S02-literals/types.t t/spec/S02-literals/underscores.t t/spec/S02-literals/version.t t/spec/S02-magicals/78258.t t/spec/S02-magicals/args.t t/spec/S02-magicals/block.t t/spec/S02-magicals/DISTRO.t t/spec/S02-magicals/dollar_bang.t t/spec/S02-magicals/dollar-underscore.t t/spec/S02-magicals/env.t t/spec/S02-magicals/file_line.t t/spec/S02-magicals/GROUP.t t/spec/S02-magicals/KERNEL.t t/spec/S02-magicals/PERL.t t/spec/S02-magicals/pid.t t/spec/S02-magicals/progname.t t/spec/S02-magicals/sub.t t/spec/S02-magicals/subname.t t/spec/S02-magicals/USER.t t/spec/S02-magicals/VM.t t/spec/S02-names/bare-sigil.t t/spec/S02-names/caller.t t/spec/S02-names/identifier.t t/spec/S02-names/indirect.t t/spec/S02-names/is_cached.t t/spec/S02-names/is_default.t t/spec/S02-names/is_dynamic.t t/spec/S02-names/name.t t/spec/S02-names/our.t t/spec/S02-names/pseudo.t t/spec/S02-names/strict.t t/spec/S02-names/symbolic-deref.t t/spec/S02-names-vars/contextual.t t/spec/S02-names-vars/fmt.t t/spec/S02-names-vars/list_array_perl.t t/spec/S02-names-vars/names.t t/spec/S02-names-vars/perl.t t/spec/S02-names-vars/signature.t t/spec/S02-names-vars/variables-and-packages.t t/spec/S02-names-vars/varnames.t t/spec/S02-one-pass-parsing/less-than.t t/spec/S02-packages/package-lookup.t t/spec/S02-types/anon_block.t t/spec/S02-types/array_extending.t t/spec/S02-types/array_ref.t t/spec/S02-types/array-shapes.t t/spec/S02-types/array.t t/spec/S02-types/assigning-refs.t t/spec/S02-types/autovivification.t t/spec/S02-types/bag.t t/spec/S02-types/baghash.t t/spec/S02-types/bool.t t/spec/S02-types/built-in.t t/spec/S02-types/capture.t t/spec/S02-types/catch_type_cast_mismatch.t t/spec/S02-types/compact.t t/spec/S02-types/declare.t t/spec/S02-types/fatrat.t t/spec/S02-types/flattening.t t/spec/S02-types/hash_ref.t t/spec/S02-types/hash.t t/spec/S02-types/infinity.t t/spec/S02-types/instants-and-durations.t t/spec/S02-types/int-uint.t t/spec/S02-types/is-type.t t/spec/S02-types/isDEPRECATED.t t/spec/S02-types/keyhash.t t/spec/S02-types/lazy-lists.t t/spec/S02-types/lists.t t/spec/S02-types/mix.t t/spec/S02-types/mixhash.t t/spec/S02-types/mixed_multi_dimensional.t t/spec/S02-types/multi_dimensional_array.t t/spec/S02-types/nan.t t/spec/S02-types/native.t t/spec/S02-types/nested_arrays.t t/spec/S02-types/nested_pairs.t t/spec/S02-types/nil.t t/spec/S02-types/num.t t/spec/S02-types/pair.t t/spec/S02-types/list.t t/spec/S02-types/parsing-bool.t t/spec/S02-types/range.t t/spec/S02-types/set.t t/spec/S02-types/sethash.t t/spec/S02-types/sigils-and-types.t t/spec/S02-types/stash.t t/spec/S02-types/subscripts_and_context.t t/spec/S02-types/subset.t t/spec/S02-types/type.t t/spec/S02-types/undefined-types.t t/spec/S02-types/unicode.t t/spec/S02-types/version.t t/spec/S02-types/version-stress.t t/spec/S02-types/whatever.t t/spec/S02-types/WHICH.t t/spec/S03-binding/arrays.t t/spec/S03-binding/attributes.t t/spec/S03-binding/closure.t t/spec/S03-binding/hashes.t t/spec/S03-binding/nested.t t/spec/S03-binding/nonsense.t t/spec/S03-binding/ro.t t/spec/S03-binding/scalars.t t/spec/S03-feeds/basic.t t/spec/S03-junctions/associative.t t/spec/S03-junctions/autothreading.t t/spec/S03-junctions/boolean-context.t t/spec/S03-junctions/misc.t t/spec/S03-metaops/cross.t t/spec/S03-metaops/eager-hyper.t t/spec/S03-metaops/hyper.t t/spec/S03-metaops/not.t t/spec/S03-metaops/reduce.t t/spec/S03-metaops/reverse.t t/spec/S03-metaops/zip.t t/spec/S03-operators/adverbial-modifiers.t t/spec/S03-operators/also.t t/spec/S03-operators/andthen.t t/spec/S03-operators/orelse.t t/spec/S03-operators/arith.t t/spec/S03-operators/assign-is-not-binding.t t/spec/S03-operators/assign.t t/spec/S03-operators/autoincrement-range.t t/spec/S03-operators/autoincrement.t t/spec/S03-operators/autovivification.t t/spec/S03-operators/bag.t t/spec/S03-operators/basic-types.t t/spec/S03-operators/bit.t t/spec/S03-operators/boolean-bitwise.t t/spec/S03-operators/brainos.t t/spec/S03-operators/composition.t t/spec/S03-operators/custom.t t/spec/S03-operators/buf.t t/spec/S03-operators/chained-declarators.t t/spec/S03-operators/cmp.t t/spec/S03-operators/comparison-simple.t t/spec/S03-operators/comparison.t t/spec/S03-operators/context-forcers.t t/spec/S03-operators/context.t t/spec/S03-operators/equality.t t/spec/S03-operators/eqv.t t/spec/S03-operators/flip-flop.t t/spec/S03-operators/gcd.t t/spec/S03-operators/div.t t/spec/S03-operators/identity.t t/spec/S03-operators/increment.t t/spec/S03-operators/infixed-function.t t/spec/S03-operators/inplace.t t/spec/S03-operators/is-divisible-by.t t/spec/S03-operators/lcm.t t/spec/S03-operators/list-quote-junction.t t/spec/S03-operators/minmax.t t/spec/S03-operators/misc.t t/spec/S03-operators/mix.t t/spec/S03-operators/names.t t/spec/S03-operators/nesting.t t/spec/S03-operators/not.t t/spec/S03-operators/numeric-shift.t t/spec/S03-operators/overflow.t t/spec/S03-operators/precedence.t t/spec/S03-operators/range-basic.t t/spec/S03-operators/range-int.t t/spec/S03-operators/range.t t/spec/S03-operators/reduce-le1arg.t t/spec/S03-operators/relational.t t/spec/S03-operators/repeat.t t/spec/S03-operators/scalar-assign.t t/spec/S03-operators/set.t t/spec/S03-operators/short-circuit.t t/spec/S03-operators/so.t t/spec/S03-operators/spaceship-and-containers.t t/spec/S03-operators/spaceship.t t/spec/S03-operators/subscript-adverbs.t t/spec/S03-operators/subscript-vs-lt.t t/spec/S03-operators/ternary.t t/spec/S03-operators/value_equivalence.t t/spec/S03-sequence/arity0.t t/spec/S03-sequence/arity-2-or-more.t t/spec/S03-sequence/basic.t t/spec/S03-sequence/limit-arity-2-or-more.t t/spec/S03-sequence/misc.t t/spec/S03-sequence/nonnumeric.t t/spec/S03-smartmatch/any-any.t t/spec/S03-smartmatch/any-bool.t t/spec/S03-smartmatch/any-callable.t t/spec/S03-smartmatch/any-complex.t t/spec/S03-smartmatch/any-hash-pair.t t/spec/S03-smartmatch/any-method.t t/spec/S03-smartmatch/any-num.t t/spec/S03-smartmatch/any-pair.t t/spec/S03-smartmatch/any-str.t t/spec/S03-smartmatch/any-sub.t t/spec/S03-smartmatch/any-type.t t/spec/S03-smartmatch/array-array.t t/spec/S03-smartmatch/array-hash.t t/spec/S03-smartmatch/capture-signature.t t/spec/S03-smartmatch/disorganized.t t/spec/S03-smartmatch/hash-hash.t t/spec/S03-smartmatch/range-range.t t/spec/S03-smartmatch/regex-hash.t t/spec/S03-smartmatch/scalar-hash.t t/spec/S03-smartmatch/signature-signature.t t/spec/S04-blocks-and-statements/let.t t/spec/S04-blocks-and-statements/pointy-rw.t t/spec/S04-blocks-and-statements/pointy.t t/spec/S04-blocks-and-statements/temp.t t/spec/S04-declarations/constant.t t/spec/S04-declarations/implicit-parameter.t t/spec/S04-declarations/multiple.t t/spec/S04-declarations/my.t t/spec/S04-declarations/our.t t/spec/S04-declarations/smiley.t t/spec/S04-declarations/state.t t/spec/S04-declarations/will.t t/spec/S04-exception-handlers/catch.t t/spec/S04-exception-handlers/control.t t/spec/S04-exception-handlers/top-level.t t/spec/S04-exceptions/control_across_runloop.t t/spec/S04-exceptions/fail.t t/spec/S04-exceptions/pending.t t/spec/S04-phasers/ascending-order.t t/spec/S04-phasers/begin.t t/spec/S04-phasers/check.t t/spec/S04-phasers/descending-order.t t/spec/S04-phasers/end.t t/spec/S04-phasers/enter-leave.t t/spec/S04-phasers/eval-in-begin.t t/spec/S04-phasers/first.t t/spec/S04-phasers/init.t t/spec/S04-phasers/in-eval.t t/spec/S04-phasers/in-loop.t t/spec/S04-phasers/keep-undo.t t/spec/S04-phasers/multiple.t t/spec/S04-phasers/next.t t/spec/S04-phasers/pre-post.t t/spec/S04-phasers/rvalue.t t/spec/S04-statement-modifiers/for.t t/spec/S04-statement-modifiers/given.t t/spec/S04-statement-modifiers/if.t t/spec/S04-statement-modifiers/unless.t t/spec/S04-statement-modifiers/until.t t/spec/S04-statement-modifiers/values_in_bool_context.t t/spec/S04-statement-modifiers/while.t t/spec/S04-statement-modifiers/with.t t/spec/S04-statement-modifiers/without.t t/spec/S04-statement-parsing/hash.t t/spec/S04-statements/do.t t/spec/S04-statements/for-scope.t t/spec/S04-statements/for.t t/spec/S04-statements/for_with_only_one_item.t t/spec/S04-statements/gather.t t/spec/S04-statements/given.t t/spec/S04-statements/if.t t/spec/S04-statements/label.t t/spec/S04-statements/last.t t/spec/S04-statements/loop.t t/spec/S04-statements/map-and-sort-in-for.t t/spec/S04-statements/next.t t/spec/S04-statements/no-implicit-block.t t/spec/S04-statements/once.t t/spec/S04-statements/quietly.t t/spec/S04-statements/redo.t t/spec/S04-statements/repeat.t t/spec/S04-statements/return.t t/spec/S04-statements/sink.t t/spec/S04-statements/terminator.t t/spec/S04-statements/try.t t/spec/S04-statements/unless.t t/spec/S04-statements/until.t t/spec/S04-statements/when.t t/spec/S04-statements/while.t t/spec/S04-statements/with.t t/spec/S05-capture/alias.t t/spec/S05-capture/array-alias.t t/spec/S05-capture/caps.t t/spec/S05-capture/dot.t t/spec/S05-capture/match-object.t t/spec/S05-capture/named.t t/spec/S05-capture/subrule.t t/spec/S05-grammar/action-stubs.t t/spec/S05-grammar/example.t t/spec/S05-grammar/inheritance.t t/spec/S05-grammar/methods.t t/spec/S05-grammar/namespace.t t/spec/S05-grammar/parse_and_parsefile.t t/spec/S05-grammar/polymorphism.t t/spec/S05-grammar/protoregex.t t/spec/S05-grammar/protos.t t/spec/S05-grammar/signatures.t t/spec/S05-grammar/ws.t t/spec/S05-interpolation/lexicals.t t/spec/S05-interpolation/regex-in-variable.t t/spec/S05-mass/charsets.t t/spec/S05-mass/named-chars.t t/spec/S05-mass/properties-block.t t/spec/S05-mass/properties-derived.t t/spec/S05-mass/properties-general.t t/spec/S05-mass/properties-script.t t/spec/S05-mass/recursive.t t/spec/S05-mass/rx.t t/spec/S05-mass/stdrules.t t/spec/S05-match/arrayhash.t t/spec/S05-match/blocks.t t/spec/S05-match/capturing-contexts.t t/spec/S05-match/make.t t/spec/S05-match/non-capturing.t t/spec/S05-match/perl.t t/spec/S05-match/positions.t t/spec/S05-metachars/closure.t t/spec/S05-metachars/line-anchors.t t/spec/S05-metachars/newline.t t/spec/S05-metachars/tilde.t t/spec/S05-metasyntax/angle-brackets.t t/spec/S05-metasyntax/assertions.t t/spec/S05-metasyntax/changed.t t/spec/S05-metasyntax/charset.t t/spec/S05-metasyntax/delimiters.t t/spec/S05-metasyntax/interpolating-closure.t t/spec/S05-metasyntax/litvar.t t/spec/S05-metasyntax/longest-alternative.t t/spec/S05-metasyntax/lookaround.t t/spec/S05-metasyntax/null.t t/spec/S05-metasyntax/proto-token-ltm.t t/spec/S05-metasyntax/regex.t t/spec/S05-metasyntax/repeat.t t/spec/S05-metasyntax/sequential-alternation.t t/spec/S05-metasyntax/single-quotes.t t/spec/S05-metasyntax/unknown.t t/spec/S05-metasyntax/unicode-property-pair.t t/spec/S05-modifier/continue.t t/spec/S05-modifier/counted-match.t t/spec/S05-modifier/counted.t t/spec/S05-modifier/global.t t/spec/S05-modifier/ignorecase.t t/spec/S05-modifier/ii.t t/spec/S05-modifier/my.t t/spec/S05-modifier/overlapping.t t/spec/S05-modifier/perl5_0.t t/spec/S05-modifier/perl5_1.t t/spec/S05-modifier/perl5_2.t t/spec/S05-modifier/perl5_3.t t/spec/S05-modifier/perl5_4.t t/spec/S05-modifier/perl5_5.t t/spec/S05-modifier/perl5_6.t t/spec/S05-modifier/perl5_7.t t/spec/S05-modifier/perl5_8.t t/spec/S05-modifier/perl5_9.t t/spec/S05-modifier/pos.t t/spec/S05-modifier/repetition-exhaustive.t t/spec/S05-modifier/repetition.t t/spec/S05-modifier/samemark.t t/spec/S05-modifier/sigspace.t t/spec/S05-substitution/67222.t t/spec/S05-substitution/match.t t/spec/S05-substitution/subst.t t/spec/S05-syntactic-categories/new-symbols.t t/spec/S05-transliteration/79778.t t/spec/S05-transliteration/trans.t t/spec/S05-transliteration/with-closure.t t/spec/S06-advanced/callframe.t t/spec/S06-advanced/callsame.t t/spec/S06-advanced/lexical-subs.t t/spec/S06-advanced/recurse.t t/spec/S06-advanced/return.t t/spec/S06-advanced/stub.t t/spec/S06-advanced/wrap.t t/spec/S06-currying/assuming-and-mmd.t t/spec/S06-currying/misc.t t/spec/S06-currying/named.t t/spec/S06-currying/positional.t t/spec/S06-currying/slurpy.t t/spec/S06-macros/errors.t t/spec/S06-macros/quasi-blocks.t t/spec/S06-macros/unquoting.t t/spec/S06-macros/opaque-ast.t t/spec/S06-multi/by-trait.t t/spec/S06-multi/lexical-multis.t t/spec/S06-multi/positional-vs-named.t t/spec/S06-multi/proto.t t/spec/S06-multi/redispatch.t t/spec/S06-multi/subsignature.t t/spec/S06-multi/syntax.t t/spec/S06-multi/type-based.t t/spec/S06-multi/unpackability.t t/spec/S06-multi/value-based.t t/spec/S06-operator-overloading/circumfix.t t/spec/S06-operator-overloading/imported-subs.t t/spec/S06-operator-overloading/infix.t t/spec/S06-operator-overloading/methods.t t/spec/S06-operator-overloading/prefix.t t/spec/S06-operator-overloading/semicolon.t t/spec/S06-operator-overloading/sub.t t/spec/S06-operator-overloading/term.t t/spec/S06-operator-overloading/workout.t t/spec/S06-other/anon-hashes-vs-blocks.t t/spec/S06-other/introspection.t t/spec/S06-other/main-eval.t t/spec/S06-other/main.t t/spec/S06-other/main-usage.t t/spec/S06-other/main-semicolon.t t/spec/S06-other/misc.t t/spec/S06-other/pairs-as-lvalues.t t/spec/S06-parameters/smiley.t t/spec/S06-routine-modifiers/lvalue-subroutines.t t/spec/S06-routine-modifiers/native-lvalue-subroutines.t t/spec/S06-routine-modifiers/proxy.t t/spec/S06-routine-modifiers/scoped-named-subs.t t/spec/S06-signature/arity.t t/spec/S06-signature/caller-param.t t/spec/S06-signature/closure-over-parameters.t t/spec/S06-signature/closure-parameters.t t/spec/S06-signature/code.t t/spec/S06-signature/defaults.t t/spec/S06-signature/definite-return.t t/spec/S06-signature/errors.t t/spec/S06-signature/introspection.t t/spec/S06-signature/mixed-placeholders.t t/spec/S06-signature/multidimensional.t t/spec/S06-signature/multi-invocant.t t/spec/S06-signature/named-parameters.t t/spec/S06-signature/named-placeholders.t t/spec/S06-signature/named-renaming.t t/spec/S06-signature/optional.t t/spec/S06-signature/outside-subroutine.t t/spec/S06-signature/passing-arrays.t t/spec/S06-signature/passing-hashes.t t/spec/S06-signature/positional-placeholders.t t/spec/S06-signature/positional.t t/spec/S06-signature/scalar-type.t t/spec/S06-signature/shape.t t/spec/S06-signature/sigilless.t t/spec/S06-signature/slurpy-and-interpolation.t t/spec/S06-signature/slurpy-params.t t/spec/S06-signature/slurpy-placeholders.t t/spec/S06-signature/sub-ref.t t/spec/S06-signature/tree-node-parameters.t t/spec/S06-signature/type-capture.t t/spec/S06-signature/types.t t/spec/S06-signature/unpack-array.t t/spec/S06-signature/unpack-object.t t/spec/S06-signature/unspecified.t t/spec/S06-traits/as.t t/spec/S06-traits/is-assoc.t t/spec/S06-traits/is-copy.t t/spec/S06-traits/is-readonly.t t/spec/S06-traits/is-rw.t t/spec/S06-traits/misc.t t/spec/S06-traits/native-is-copy.t t/spec/S06-traits/native-is-rw.t t/spec/S06-traits/precedence.t t/spec/S07-slip/slip.t t/spec/S07-hyperrace/hyper.t t/spec/S07-hyperrace/race.t t/spec/S06-traits/slurpy-is-rw.t t/spec/S09-autovivification/autoincrement.t t/spec/S09-autovivification/autovivification.t t/spec/S09-hashes/objecthash.t t/spec/S09-subscript/slice.t t/spec/S09-subscript/multidim-assignment.t t/spec/S09-multidim/XX-POS-on-dimensioned.t t/spec/S09-multidim/XX-POS-on-undimensioned.t t/spec/S09-multidim/assign.t t/spec/S09-multidim/decl.t t/spec/S09-multidim/indexing.t t/spec/S09-multidim/methods.t t/spec/S09-multidim/subs.t t/spec/S09-typed-arrays/arrays.t t/spec/S09-typed-arrays/hashes.t t/spec/S09-typed-arrays/native.t t/spec/S09-typed-arrays/native-decl.t t/spec/S09-typed-arrays/native-int.t t/spec/S09-typed-arrays/native-num.t t/spec/S09-typed-arrays/native-str.t t/spec/S10-packages/basic.t t/spec/S10-packages/joined-namespaces.t t/spec/S10-packages/precompilation.t t/spec/S10-packages/use-with-class.t t/spec/S11-compunit/compunit-dependencyspecification.t t/spec/S11-compunit/compunit-repository.t t/spec/S11-compunit/rt126904.t t/spec/S11-modules/export.t t/spec/S11-modules/importing.t t/spec/S11-modules/import-multi.t t/spec/S11-modules/import-tag.t t/spec/S11-modules/import.t t/spec/S11-modules/lexical.t t/spec/S11-modules/module.t t/spec/S11-modules/module-file.t t/spec/S11-modules/need.t t/spec/S11-modules/nested.t t/spec/S11-modules/require.t t/spec/S11-repository/curli-install.t t/spec/S12-attributes/class.t t/spec/S12-attributes/clone.t t/spec/S12-attributes/defaults.t t/spec/S12-attributes/delegation.t t/spec/S12-attributes/inheritance.t t/spec/S12-attributes/instance.t t/spec/S12-attributes/mutators.t t/spec/S12-attributes/native.t t/spec/S12-attributes/recursive.t t/spec/S12-attributes/smiley.t t/spec/S12-attributes/undeclared.t t/spec/S12-class/anonymous.t t/spec/S12-class/attributes.t t/spec/S12-class/attributes-required.t t/spec/S12-class/augment-supersede.t t/spec/S12-class/basic.t t/spec/S12-class/declaration-order.t t/spec/S12-class/extending-arrays.t t/spec/S12-class/inheritance-class-methods.t t/spec/S12-class/inheritance.t t/spec/S12-class/instantiate.t t/spec/S12-class/interface-consistency.t t/spec/S12-class/lexical.t t/spec/S12-class/literal.t t/spec/S12-class/magical-vars.t t/spec/S12-class/mro.t t/spec/S12-class/namespaced.t t/spec/S12-class/open.t t/spec/S12-class/parent_attributes.t t/spec/S12-class/rw.t t/spec/S12-class/self-inheritance.t t/spec/S12-class/stubs.t t/spec/S12-class/type-object.t t/spec/S12-coercion/coercion-types.t t/spec/S12-construction/autopairs.t t/spec/S12-construction/BUILD.t t/spec/S12-construction/construction.t t/spec/S12-construction/destruction.t t/spec/S12-construction/named-params-in-BUILD.t t/spec/S12-construction/new.t t/spec/S12-enums/anonymous.t t/spec/S12-enums/as-role.t t/spec/S12-enums/basic.t t/spec/S12-enums/misc.t t/spec/S12-enums/non-int.t t/spec/S12-enums/pseudo-functional.t t/spec/S12-enums/thorough.t t/spec/S12-introspection/attributes.t t/spec/S12-introspection/can.t t/spec/S12-introspection/definite.t t/spec/S12-introspection/meta-class.t t/spec/S12-introspection/methods.t t/spec/S12-introspection/parents.t t/spec/S12-introspection/roles.t t/spec/S12-introspection/walk.t t/spec/S12-introspection/WHAT.t t/spec/S12-meta/exporthow.t t/spec/S12-meta/grammarhow.t t/spec/S12-meta/primitives.t t/spec/S12-methods/accessors.t t/spec/S12-methods/attribute-params.t t/spec/S12-methods/calling_sets.t t/spec/S12-methods/calling_syntax.t t/spec/S12-methods/chaining.t t/spec/S12-methods/class-and-instance.t t/spec/S12-methods/delegation.t t/spec/S12-methods/default-trait.t t/spec/S12-methods/defer-call.t t/spec/S12-methods/defer-next.t t/spec/S12-methods/fallback.t t/spec/S12-methods/how.t t/spec/S12-methods/indirect_notation.t t/spec/S12-methods/instance.t t/spec/S12-methods/lastcall.t t/spec/S12-methods/lvalue.t t/spec/S12-methods/method-vs-sub.t t/spec/S12-methods/multi.t t/spec/S12-methods/parallel-dispatch.t t/spec/S12-methods/private.t t/spec/S12-methods/qualified.t t/spec/S12-methods/submethods.t t/spec/S12-methods/syntax.t t/spec/S12-methods/topic.t t/spec/S12-methods/trusts.t t/spec/S12-methods/typed-attributes.t t/spec/S12-methods/what.t t/spec/S12-subset/multi-dispatch.t t/spec/S12-subset/subtypes.t t/spec/S13-overloading/metaoperators.t t/spec/S13-overloading/operators.t t/spec/S13-overloading/typecasting-long.t t/spec/S13-type-casting/methods.t t/spec/S14-roles/anonymous.t t/spec/S14-roles/attributes.t t/spec/S14-roles/basic.t t/spec/S14-roles/bool.t t/spec/S14-roles/composition.t t/spec/S14-roles/conflicts.t t/spec/S14-roles/crony.t t/spec/S14-roles/instantiation.t t/spec/S14-roles/lexical.t t/spec/S14-roles/mixin.t t/spec/S14-roles/namespaced.t t/spec/S14-roles/parameterized-basic.t t/spec/S14-roles/parameterized-mixin.t t/spec/S14-roles/parameterized-type.t t/spec/S14-roles/parameter-subtyping.t t/spec/S14-roles/stubs.t t/spec/S14-roles/submethods.t t/spec/S14-traits/attributes.t t/spec/S14-traits/routines.t t/spec/S15-literals/identifiers.t t/spec/S15-literals/numbers.t t/spec/S15-string-types/NF-types.t t/spec/S15-string-types/NFK-types.t t/spec/S15-string-types/Str.t t/spec/S15-unicode-information/uniname.t t/spec/S16-filehandles/argfiles.t t/spec/S16-filehandles/chmod.t t/spec/S16-filehandles/filestat.t t/spec/S16-filehandles/filetest.t t/spec/S16-filehandles/io_in_for_loops.t t/spec/S16-filehandles/io_in_while_loops.t t/spec/S16-filehandles/io.t t/spec/S16-filehandles/misc.t t/spec/S16-filehandles/mkdir_rmdir.t t/spec/S16-filehandles/mode.t t/spec/S16-filehandles/open.t t/spec/S16-filehandles/unlink.t t/spec/S16-io/bare-say.t t/spec/S16-io/basic-open.t t/spec/S16-io/bom.t t/spec/S16-io/comb.t t/spec/S16-io/cwd.t t/spec/S16-io/eof.t t/spec/S16-io/getc.t t/spec/S16-io/handles-between-threads.t t/spec/S16-io/lines.t t/spec/S16-io/newline.t t/spec/S16-io/note.t t/spec/S16-io/print.t t/spec/S16-io/quoting-syntax.t t/spec/S16-io/say-and-ref.t t/spec/S16-io/say.t t/spec/S16-io/split.t t/spec/S16-io/supply.t t/spec/S16-io/tmpdir.t t/spec/S16-io/words.t t/spec/S16-unfiled/rebindstdhandles.t t/spec/S17-channel/basic.t t/spec/S17-lowlevel/lock.t t/spec/S17-lowlevel/semaphore.t t/spec/S17-lowlevel/thread.t t/spec/S17-lowlevel/thread-start-join-stress.t t/spec/S17-promise/allof.t t/spec/S17-promise/at.t t/spec/S17-promise/anyof.t t/spec/S17-promise/basic.t t/spec/S17-promise/in.t t/spec/S17-promise/start.t t/spec/S17-promise/stress.t t/spec/S17-promise/then.t t/spec/S17-scheduler/at.t t/spec/S17-scheduler/basic.t t/spec/S17-scheduler/every.t t/spec/S17-scheduler/in.t t/spec/S17-scheduler/times.t t/spec/S17-supply/act.t t/spec/S17-supply/basic.t t/spec/S17-supply/batch.t t/spec/S17-supply/categorize.t t/spec/S17-supply/Channel.t t/spec/S17-supply/classify.t t/spec/S17-supply/delayed.t t/spec/S17-supply/do.t t/spec/S17-supply/elems.t t/spec/S17-supply/flat.t t/spec/S17-supply/from-list.t t/spec/S17-supply/grab.t t/spec/S17-supply/grep.t t/spec/S17-supply/head.t t/spec/S17-supply/interval.t t/spec/S17-supply/lines.t t/spec/S17-supply/list.t t/spec/S17-supply/map.t t/spec/S17-supply/max.t t/spec/S17-supply/merge.t t/spec/S17-supply/migrate.t t/spec/S17-supply/min.t t/spec/S17-supply/minmax.t t/spec/S17-supply/on-demand.t t/spec/S17-supply/Promise.t t/spec/S17-supply/produce.t t/spec/S17-supply/reduce.t t/spec/S17-supply/reverse.t t/spec/S17-supply/rotor.t t/spec/S17-supply/schedule-on.t t/spec/S17-supply/sort.t t/spec/S17-supply/squish.t t/spec/S17-supply/stable.t t/spec/S17-supply/start.t t/spec/S17-supply/syntax.t t/spec/S17-supply/tail.t t/spec/S17-supply/throttle.t t/spec/S17-supply/unique.t t/spec/S17-supply/wait.t t/spec/S17-supply/watch-path.t t/spec/S17-supply/words.t t/spec/S17-supply/zip.t t/spec/S17-supply/zip-latest.t t/spec/S19-command-line/arguments.t t/spec/S19-command-line/dash-e.t t/spec/S19-command-line/help.t t/spec/S19-command-line/repl.t t/spec/S19-command-line-options/02-dash-n.t t/spec/S19-command-line-options/03-dash-p.t t/spec/S19-command-line-options/04-negation.t t/spec/S19-command-line-options/05-delimited-options.t t/spec/S19-command-line-options/06-dash-rxtrace.t t/spec/S22-package-format/local.t t/spec/S24-testing/0-compile.t t/spec/S24-testing/3-output.t t/spec/S24-testing/7-bail_out.t t/spec/S24-testing/8-die_on_fail.t t/spec/S24-testing/line-numbers.t t/spec/S26-documentation/01-delimited.t t/spec/S26-documentation/02-paragraph.t t/spec/S26-documentation/03-abbreviated.t t/spec/S26-documentation/04-code.t t/spec/S26-documentation/05-comment.t t/spec/S26-documentation/06-lists.t t/spec/S26-documentation/07-tables.t t/spec/S26-documentation/08-formattingcodes.t t/spec/S26-documentation/09-configuration.t t/spec/S26-documentation/10-doc-cli.t t/spec/S26-documentation/block-leading.t t/spec/S26-documentation/block-trailing.t t/spec/S26-documentation/module-comment.t t/spec/S26-documentation/multiline-leading.t t/spec/S26-documentation/multiline-trailing.t t/spec/S26-documentation/wacky.t t/spec/S26-documentation/why-both.t t/spec/S26-documentation/why-trailing.t t/spec/S26-documentation/why-leading.t t/spec/S28-named-variables/cwd.t t/spec/S29-any/cmp.t t/spec/S29-any/isa.t t/spec/S29-context/die.t t/spec/S29-context/eval.t t/spec/S29-context/evalfile.t t/spec/S29-context/exit-in-if.t t/spec/S29-context/exit.t t/spec/S29-context/sleep.t t/spec/S29-conversions/hash.t t/spec/S29-conversions/ord_and_chr.t t/spec/S29-os/system.t t/spec/S32-array/adverbs.t t/spec/S32-array/bool.t t/spec/S32-array/create.t t/spec/S32-array/delete.t t/spec/S32-array/delete-adverb.t t/spec/S32-array/delete-adverb-native.t t/spec/S32-array/elems.t t/spec/S32-array/end.t t/spec/S32-array/exists-adverb.t t/spec/S32-array/keys_values.t t/spec/S32-array/kv.t t/spec/S32-array/pairs.t t/spec/S32-array/perl.t t/spec/S32-array/pop.t t/spec/S32-array/push.t t/spec/S32-array/rotate.t t/spec/S32-array/shift.t t/spec/S32-array/splice.t t/spec/S32-array/unshift.t t/spec/S32-basics/warn.t t/spec/S32-basics/xxKEY.t t/spec/S32-basics/xxPOS.t t/spec/S32-container/cat.t t/spec/S32-container/roundrobin.t t/spec/S32-container/stringify.t t/spec/S32-container/zip.t t/spec/S32-exceptions/misc.t t/spec/S32-hash/adverbs.t t/spec/S32-hash/antipairs.t t/spec/S32-hash/delete.t t/spec/S32-hash/delete-adverb.t t/spec/S32-hash/exists.t t/spec/S32-hash/exists-adverb.t t/spec/S32-hash/invert.t t/spec/S32-hash/keys_values.t t/spec/S32-hash/kv.t t/spec/S32-hash/map.t t/spec/S32-hash/pairs.t t/spec/S32-hash/perl.t t/spec/S32-hash/push.t t/spec/S32-hash/slice.t t/spec/S32-io/IO-Socket-Async.t t/spec/S32-io/chdir.t t/spec/S32-io/copy.t t/spec/S32-io/dir.t t/spec/S32-io/file-tests.t t/spec/S32-io/io-handle.t t/spec/S32-io/io-spec-unix.t t/spec/S32-io/io-spec-win.t t/spec/S32-io/io-spec-cygwin.t t/spec/S32-io/io-path-unix.t t/spec/S32-io/io-path-win.t t/spec/S32-io/io-path-cygwin.t t/spec/S32-io/io-path.t t/spec/S32-io/IO-Socket-INET.t t/spec/S32-io/move.t t/spec/S32-io/note.t t/spec/S32-io/open.t t/spec/S32-io/other.t t/spec/S32-io/pipe.t t/spec/S32-io/rename.t t/spec/S32-io/socket-accept-and-working-threads.t t/spec/S32-io/socket-recv-vs-read.t t/spec/S32-io/slurp.t t/spec/S32-io/spurt.t t/spec/S32-list/categorize.t t/spec/S32-list/classify.t t/spec/S32-list/create.t t/spec/S32-list/combinations.t t/spec/S32-list/end.t t/spec/S32-list/first.t t/spec/S32-list/first-end.t t/spec/S32-list/first-end-k.t t/spec/S32-list/first-end-kv.t t/spec/S32-list/first-end-p.t t/spec/S32-list/first-end-v.t t/spec/S32-list/first-k.t t/spec/S32-list/first-kv.t t/spec/S32-list/first-p.t t/spec/S32-list/first-v.t t/spec/S32-list/grep.t t/spec/S32-list/grep-k.t t/spec/S32-list/grep-kv.t t/spec/S32-list/grep-p.t t/spec/S32-list/grep-v.t t/spec/S32-list/head.t t/spec/S32-list/join.t t/spec/S32-list/map_function_return_values.t t/spec/S32-list/map.t t/spec/S32-list/minmax.t t/spec/S32-list/permutations.t t/spec/S32-list/pick.t t/spec/S32-list/produce.t t/spec/S32-list/reduce.t t/spec/S32-list/repeated.t t/spec/S32-list/reverse.t t/spec/S32-list/roll.t t/spec/S32-list/rotor.t t/spec/S32-list/seq.t t/spec/S32-list/sort.t t/spec/S32-list/tail.t t/spec/S32-list/unique.t t/spec/S32-list/squish.t t/spec/S32-num/abs.t t/spec/S32-num/base.t t/spec/S32-num/complex.t t/spec/S32-num/cool-num.t t/spec/S32-num/exp.t t/spec/S32-num/expmod.t t/spec/S32-num/fatrat.t t/spec/S32-num/int.t t/spec/S32-num/is-prime.t t/spec/S32-num/log.t t/spec/S32-num/narrow.t t/spec/S32-num/pi.t t/spec/S32-num/polar.t t/spec/S32-num/polymod.t t/spec/S32-num/power.t t/spec/S32-num/rand.t t/spec/S32-num/rat.t t/spec/S32-num/real-bridge.t t/spec/S32-num/roots.t t/spec/S32-num/rounders.t t/spec/S32-num/rshift_pos_amount.t t/spec/S32-num/sign.t t/spec/S32-num/sqrt.t t/spec/S32-num/stringify.t t/spec/S32-num/unpolar.t t/spec/S32-scalar/defined.t t/spec/S32-scalar/perl.t t/spec/S32-scalar/undef.t t/spec/S32-str/append.t t/spec/S32-str/bool.t t/spec/S32-str/capitalize.t t/spec/S32-str/chomp.t t/spec/S32-str/chop.t t/spec/S32-str/comb.t t/spec/S32-str/contains.t t/spec/S32-str/encode.t t/spec/S32-str/ends-with.t t/spec/S32-str/flip.t t/spec/S32-str/indent.t t/spec/S32-str/index.t t/spec/S32-str/indices.t t/spec/S32-str/lc.t t/spec/S32-str/length.t t/spec/S32-str/lines.t t/spec/S32-str/numeric.t t/spec/S32-str/ords.t t/spec/S32-str/pack.t t/spec/S32-str/pos.t t/spec/S32-str/rindex.t t/spec/S32-str/samemark.t t/spec/S32-str/samecase.t t/spec/S32-str/split-simple.t t/spec/S32-str/split.t t/spec/S32-str/sprintf.t t/spec/S32-str/sprintf-b.t t/spec/S32-str/starts-with.t t/spec/S32-str/substr.t t/spec/S32-str/substr-eq.t t/spec/S32-str/substr-rw.t t/spec/S32-str/tc.t t/spec/S32-str/tclc.t t/spec/S32-str/trim.t t/spec/S32-str/uc.t t/spec/S32-str/unpack.t t/spec/S32-str/words.t t/spec/S32-temporal/calendar.t t/spec/S32-temporal/Date.t t/spec/S32-temporal/DateTime-Instant-Duration.t t/spec/S32-temporal/DateTime.t t/spec/S32-temporal/local.t t/spec/S32-trig/atan2.t t/spec/S32-trig/cosech.t t/spec/S32-trig/cosec.t t/spec/S32-trig/cosh.t t/spec/S32-trig/cos.t t/spec/S32-trig/cotanh.t t/spec/S32-trig/cotan.t t/spec/S32-trig/e.t t/spec/S32-trig/pi.t t/spec/S32-trig/sech.t t/spec/S32-trig/sec.t t/spec/S32-trig/simple.t t/spec/S32-trig/sinh.t t/spec/S32-trig/sin.t t/spec/S32-trig/tanh.t t/spec/S32-trig/tan.t t/spec/integration/99problems-01-to-10.t t/spec/integration/99problems-11-to-20.t t/spec/integration/99problems-21-to-30.t t/spec/integration/99problems-31-to-40.t t/spec/integration/99problems-41-to-50.t t/spec/integration/99problems-51-to-60.t t/spec/integration/99problems-61-to-70.t t/spec/integration/advent2009-day01.t t/spec/integration/advent2009-day02.t t/spec/integration/advent2009-day03.t t/spec/integration/advent2009-day04.t t/spec/integration/advent2009-day05.t t/spec/integration/advent2009-day06.t t/spec/integration/advent2009-day07.t t/spec/integration/advent2009-day08.t t/spec/integration/advent2009-day09.t t/spec/integration/advent2009-day10.t t/spec/integration/advent2009-day11.t t/spec/integration/advent2009-day12.t t/spec/integration/advent2009-day13.t t/spec/integration/advent2009-day14.t t/spec/integration/advent2009-day15.t t/spec/integration/advent2009-day16.t t/spec/integration/advent2009-day17.t t/spec/integration/advent2009-day18.t t/spec/integration/advent2009-day19.t t/spec/integration/advent2009-day20.t t/spec/integration/advent2009-day21.t t/spec/integration/advent2009-day22.t t/spec/integration/advent2009-day23.t t/spec/integration/advent2009-day24.t t/spec/integration/advent2010-day03.t t/spec/integration/advent2010-day04.t t/spec/integration/advent2010-day06.t t/spec/integration/advent2010-day07.t t/spec/integration/advent2010-day08.t t/spec/integration/advent2010-day10.t t/spec/integration/advent2010-day11.t t/spec/integration/advent2010-day12.t t/spec/integration/advent2010-day14.t t/spec/integration/advent2010-day16.t t/spec/integration/advent2010-day19.t t/spec/integration/advent2010-day21.t t/spec/integration/advent2010-day22.t t/spec/integration/advent2010-day23.t t/spec/integration/advent2011-day03.t t/spec/integration/advent2011-day04.t t/spec/integration/advent2011-day05.t t/spec/integration/advent2011-day07.t t/spec/integration/advent2011-day10.t t/spec/integration/advent2011-day11.t t/spec/integration/advent2011-day14.t t/spec/integration/advent2011-day15.t t/spec/integration/advent2011-day16.t t/spec/integration/advent2011-day20.t t/spec/integration/advent2011-day22.t t/spec/integration/advent2011-day23.t t/spec/integration/advent2011-day24.t t/spec/integration/advent2012-day02.t t/spec/integration/advent2012-day03.t t/spec/integration/advent2012-day04.t t/spec/integration/advent2012-day06.t t/spec/integration/advent2012-day09.t t/spec/integration/advent2012-day10.t t/spec/integration/advent2012-day12.t t/spec/integration/advent2012-day13.t t/spec/integration/advent2012-day14.t t/spec/integration/advent2012-day15.t t/spec/integration/advent2012-day16.t t/spec/integration/advent2012-day19.t t/spec/integration/advent2012-day20.t t/spec/integration/advent2012-day21.t t/spec/integration/advent2012-day22.t t/spec/integration/advent2012-day23.t t/spec/integration/advent2012-day24.t t/spec/integration/advent2013-day02.t t/spec/integration/advent2013-day04.t t/spec/integration/advent2013-day06.t t/spec/integration/advent2013-day07.t t/spec/integration/advent2013-day08.t t/spec/integration/advent2013-day09.t t/spec/integration/advent2013-day10.t t/spec/integration/advent2013-day12.t t/spec/integration/advent2013-day14.t t/spec/integration/advent2013-day15.t t/spec/integration/advent2013-day18.t t/spec/integration/advent2013-day19.t t/spec/integration/advent2013-day20.t t/spec/integration/advent2013-day21.t t/spec/integration/advent2013-day22.t t/spec/integration/advent2013-day23.t t/spec/integration/advent2014-day05.t t/spec/integration/advent2014-day13.t t/spec/integration/advent2014-day16.t t/spec/integration/code-blocks-as-sub-args.t t/spec/integration/error-reporting.t t/spec/integration/lazy-bentley-generator.t t/spec/integration/lexical-array-in-inner-block.t t/spec/integration/lexicals-and-attributes.t t/spec/integration/man-or-boy.t t/spec/integration/method-calls-and-instantiation.t t/spec/integration/no-indirect-new.t t/spec/integration/packages.t t/spec/integration/pair-in-array.t t/spec/integration/passing-pair-class-to-sub.t t/spec/integration/real-strings.t t/spec/integration/role-composition-vs-attribute.t t/spec/integration/rule-in-class-Str.t t/spec/integration/say-crash.t t/spec/integration/substr-after-match-in-gather-in-for.t t/spec/integration/topic_in_double_loop.t t/spec/integration/variables-in-do.t t/spec/integration/weird-errors.t t/spec/rosettacode/greatest_element_of_a_list.t t/spec/rosettacode/sierpinski_triangle.t
                                                   pass fail todo skip plan
S01-perl-5-integration/array.rakudo.jvm............   0    0    0   17   17
    17 skipped: <unknown>
S01-perl-5-integration/basic.rakudo.jvm............   0    0    0   15   15
    15 skipped: <unknown>
S01-perl-5-integration/class.rakudo.jvm............   0    0    0    3    3
     3 skipped: <unknown>
S01-perl-5-integration/context.rakudo.jvm..........   0    0    0   10   10
    10 skipped: <unknown>
S01-perl-5-integration/eval_lex.rakudo.jvm.........   0    0    0    1    1
     1 skipped: <unknown>
S01-perl-5-integration/exception_handling.t........   0    0    0    3    3
     3 skipped: no perl 5 support
S01-perl-5-integration/hash.rakudo.jvm.............   0    0    0    6    6
     6 skipped: <unknown>
S01-perl-5-integration/import.rakudo.jvm...........   0    0    0    3    3
     3 skipped: <unknown>
S01-perl-5-integration/method.rakudo.jvm...........   0    0    0   13   13
    13 skipped: <unknown>
S01-perl-5-integration/return.rakudo.jvm...........   0    0    0    2    2
     2 skipped: <unknown>
S01-perl-5-integration/roundtrip.t.................   0    0    0    5    5
     5 skipped: <unknown>
S01-perl-5-integration/strings.rakudo.jvm..........   0    0    0    6    6
     6 skipped: <unknown>
S01-perl-5-integration/subs.t......................   0    0    0    2    2
     2 skipped: <unknown>
                                                   pass fail todo skip plan
S02-lexical-conventions/begin_end_pod.t............   2    0    0    0    2
S02-lexical-conventions/bom.t......................   1    0    0    0    1
S02-lexical-conventions/comments.t.................  51    0    0    0   51
S02-lexical-conventions/end-pod.t..................   1    0    0    0    1
S02-lexical-conventions/minimal-whitespace.t.......   1   17    0    0   18
    17 tests aborted (missing ok/not ok)
S02-lexical-conventions/one-pass-parsing.t.........   5    0    0    0    5
S02-lexical-conventions/pod-in-multi-line-exprs.t..   3    0    0    0    3
S02-lexical-conventions/sub-block-parsing.t........   6    5    0    0   11
     5 tests aborted (missing ok/not ok)
S02-lexical-conventions/unicode-whitespace.t.......  50    0    0    0   50
S02-lexical-conventions/unicode.rakudo.jvm.........  42    0    0    2   44
     2 skipped: Bogus postfix RT \#122340
S02-lexical-conventions/unspace.rakudo.jvm.........  32   55    1    0   88
     1 todo PASSED: NYI RT \#125072
    55 tests aborted (missing ok/not ok)
S02-lists/indexing.t...............................   3    0    0    0    3
S02-lists/tree.t...................................  10    0    0    0   10
S02-literals/adverbs.rakudo.jvm....................  28    0    3    3   34
     3 skipped: Type check failed; expected 'Any' but got 'Mu'
     2 todo   : :@<...> and :%<...> broken needs RT
     1 todo   : RT \#128306
S02-literals/allomorphic.rakudo.jvm................  99    0    0    2  101
     2 skipped: Cannot access a native attribute as a reference RT \#127949
S02-literals/array-interpolation.t.................  12    0    0    0   12
S02-literals/autoref.t.............................  38    0    0    0   38
S02-literals/char-by-name.rakudo.jvm...............   9    0    0    1   10
     1 skipped: \\c[LINE FEED] not valid: RT \#117683
S02-literals/char-by-number.t......................   7   31    0    0   38
    31 tests aborted (missing ok/not ok)
S02-literals/fmt-interpolation.t...................  11    0    0    0   11
S02-literals/hash-interpolation.t..................  12    0    0    0   12
S02-literals/heredocs.t............................  22    0    0    0   22
S02-literals/hex_chars.t...........................   4    0    0    0    4
S02-literals/listquote-whitespace.t................  12    0    0    0   12
S02-literals/listquote.rakudo.jvm..................   5   18    1    0   24
     1 todo   : meta operators RT \#124558
    15 tests aborted (missing ok/not ok)
S02-literals/misc-interpolation.rakudo.jvm.........  46    3    1    0   50
     1 todo   : RT \#122583
     3 tests aborted (missing ok/not ok)
S02-literals/numeric.rakudo.jvm....................  50    0    4    5   59
     1 skipped: Prefix - requires an argument, but no valid term found
     3 skipped: bogus term
     1 skipped: is not a valid number
     2 todo   : Adverbial numbers in Rat literals not supported
     2 todo   : Unsure of what's acceptable for val()
S02-literals/pair-boolean.t........................   6    0    0    0    6
S02-literals/pairs.t...............................  44   32    0    0   76
    32 tests aborted (missing ok/not ok)
S02-literals/pod.rakudo.jvm........................   0    0    0    5    5
     3 skipped: isn't the iterator exhausted already, since it's been used previously?
     2 skipped: postcircumfix:<{ }> not defined for type Array RT \#125130
S02-literals/quoting-unicode.t.....................  89    0    0    0   89
S02-literals/quoting.rakudo.jvm.................... 184    0    1    0  185
     1 todo   : RT 128304
S02-literals/radix.rakudo.jvm......................  17  137    0    0  154
   137 tests aborted (missing ok/not ok)
S02-literals/string-interpolation.t................  16    0    0    0   16
S02-literals/sub-calls.t...........................  20    0    0    0   20
S02-literals/subscript.t...........................   2    0    0    0    2
S02-literals/types.t...............................   7    0    0    0    7
S02-literals/underscores.t.........................   2   17    0    0   19
    17 tests aborted (missing ok/not ok)
S02-literals/version.rakudo.jvm....................  28    0    3    0   31
     3 todo   : trailing zeroes fail RT \#124562
S02-magicals/78258.t...............................   1    0    0    0    1
S02-magicals/DISTRO.rakudo.jvm.....................  12    0    2   14   28
    14 skipped: unimpl $?DISTRO RT \#124616
     1 todo   : no Distro.signature yet RT \#124617
     1 todo   : no Distro.signature yet RT \#124621
S02-magicals/GROUP.t...............................   1    0    0    0    1
S02-magicals/KERNEL.rakudo.jvm.....................  19    0    4   17   40
     1 skipped: limited signal handling on jvm RT \#124628
    16 skipped: unimpl $?KERNEL RT \#124624
     1 todo   : limited signal handling on jvm RT \#124628
     1 todo   : no Kernel.desc yet RT \#124626
     1 todo   : no Kernel.signature yet RT \#124625
     1 todo   : no Kernel.signature yet RT \#124627
S02-magicals/PERL.rakudo.jvm.......................  17    0    8   25   50
    25 skipped: unimpl $?PERL RT \#124581
     1 todo   : no Perl.compiler.codename yet RT \#124600
     1 todo   : no Perl.compiler.desc yet RT \#124594
     1 todo   : no Perl.compiler.release yet RT \#124597
     1 todo   : no Perl.compiler.signature yet RT \#124591
     1 todo   : no Perl.compiler.signature yet RT \#124603
     1 todo   : no Perl.desc yet RT \#124585
     1 todo   : no Perl.signature yet RT \#124582
     1 todo   : no Perl.signature yet RT \#124588
S02-magicals/USER.t................................   1    0    0    0    1
S02-magicals/VM.rakudo.jvm.........................  14    0    2   16   32
     1 skipped: unimpl $?VM
    15 skipped: unimpl $?VM RT \#124608
     1 todo   : no VM.signature yet RT \#124609
     1 todo   : no VM.signature yet RT \#124613
S02-magicals/args.t................................   6    0    0    0    6
S02-magicals/block.t...............................   3    0    0    0    3
S02-magicals/dollar-underscore.t...................  11    0    0    0   11
S02-magicals/dollar_bang.t.........................  15    0    0    0   15
S02-magicals/env.rakudo.jvm........................  17    0    0    1   18
     1 skipped: import fails, ENV not available: RT \#122339
S02-magicals/file_line.t...........................   2    0    0    0    2
S02-magicals/pid.t.................................   2    0    0    0    2
S02-magicals/progname.t............................   4    0    0    0    4
S02-magicals/sub.rakudo.jvm........................   6    0    0    4   10
     4 skipped: RT \#126517
S02-magicals/subname.t.............................   4    0    0    0    4
S02-names-vars/contextual.t........................  24    2    0    0   26
     2 tests aborted (missing ok/not ok)
S02-names-vars/fmt.t...............................  21    0    0    0   21
S02-names-vars/list_array_perl.rakudo.jvm..........  24    0    0    1   25
     1 skipped: RT \#126518
S02-names-vars/names.rakudo.jvm....................  14  127    0    8  149
     4 skipped: ::{ } package lookup NYI RT \#124638
     2 skipped: package variable autovivification RT \#124637
     2 skipped: this kind of lookup NYI RT \#125659
   126 tests aborted (missing ok/not ok)
S02-names-vars/perl.rakudo.jvm..................... 114    0    1    1  116
     1 skipped: RT \#67790
     1 todo   : RT \#123048
S02-names-vars/signature.t.........................  13    0    0    0   13
S02-names-vars/variables-and-packages.rakudo.jvm...   1   37    0    0   38
    37 tests aborted (missing ok/not ok)
S02-names-vars/varnames.rakudo.jvm.................  11   17    1    0   29
     1 todo   : cannot easily override [] at the moment
    17 tests aborted (missing ok/not ok)
S02-names/bare-sigil.t.............................  11    0    0    0   11
S02-names/caller.rakudo.jvm........................  14    0    0    1   15
     1 skipped: ::= NYI
S02-names/identifier.t.............................   4   18    0    0   22
    18 tests aborted (missing ok/not ok)
S02-names/indirect.t...............................  10    0    0    0   10
S02-names/is_cached.rakudo.jvm.....................  36    0    2    0   38
     2 todo   : is cached is only a hint: RT \#122425
S02-names/is_default.rakudo.jvm....................  96   12    0    2  110
     2 skipped: is default on attributes
    12 tests aborted (missing ok/not ok)
S02-names/is_dynamic.t.............................  22    0    0    0   22
S02-names/name.t...................................  24    0    0    0   24
S02-names/our.rakudo.jvm...........................   5    4    0    1   10
     1 skipped: OUR::subname() does not work
S02-names/pseudo.rakudo.jvm........................  69    0    6   69  144
     4 skipped: Cannot bind to &::("CORE")::foo RT \#126113
     2 skipped: RT \#123154
     4 skipped: the binding in here is NYI RT \#124914
    23 skipped: various issues to resolve RT \#124917
    36 skipped: various issues, skipping all for now RT \#124915
     2 todo   : RT \#126523
     2 todo   : binding and interpolation together NYI
     1 todo   : interpolation and auto-viv NYI
     1 todo   : not entirely sure these make sense...
S02-names/strict.rakudo.jvm........................   5    0    0    1    6
     1 skipped: lax mode does not propagate into EVAL yet RT \#124912
S02-names/symbolic-deref.rakudo.jvm................  23   10    1    2   36
     2 skipped: NYI RT \#124913
     1 todo   : no such symbol
    10 tests aborted (missing ok/not ok)
S02-one-pass-parsing/less-than.t...................   9    0    0    0    9
S02-packages/package-lookup.t......................   7    0    0    0    7
S02-types/WHICH.rakudo.jvm.........................1560    0    0   44 1604
    44 skipped: NYI on jvm - RT \#126524 / RT \#124500
S02-types/anon_block.rakudo.jvm....................  36    0    4    2   42
     2 skipped: tests don't work if previous test fails
     3 todo   : ? RT \#124493
     1 todo   : Parrot support for zero-arg subs?
S02-types/array-shapes.rakudo.jvm..................   5   19    2    1   27
     1 skipped: array shapes NYI RT \#124502
     2 todo PASSED: code does not die, array shapes RT \#124502
    19 tests aborted (missing ok/not ok)
S02-types/array.rakudo.jvm.........................  71   28    0    2  101
     2 skipped: multi-dim arrays NYI RT \#124508
    28 tests aborted (missing ok/not ok)
S02-types/array_extending.t........................  21    0    0    0   21
S02-types/array_ref.t..............................  45    0    0    0   45
S02-types/assigning-refs.t.........................  18    0    0    0   18
S02-types/autovivification.t.......................  25    0    0    0   25
S02-types/bag.rakudo.jvm...........................  82  124    0    0  206
   124 tests aborted (missing ok/not ok)
S02-types/baghash.rakudo.jvm.......................  31  230    0    0  261
   229 tests aborted (missing ok/not ok)
S02-types/bool.t...................................  56    0    0    0   56
S02-types/built-in.t...............................   1    0    0    0    1
S02-types/capture.t................................  27    5    0    0   32
     5 tests aborted (missing ok/not ok)
S02-types/catch_type_cast_mismatch.t...............  11    0    0    0   11
S02-types/compact.rakudo.jvm.......................   2    0    3    5   10
     5 skipped: cat NYI RT \#124456
     3 todo   : substr issues on compact array - RT \#124455
S02-types/declare.rakudo.jvm.......................  57    0    1   12   70
     1 skipped: Bit NYI RT \#124458
     1 skipped: Comparator NYI RT \#124479
     1 skipped: Integral NYI RT \#124460
     1 skipped: KeyExtractor NYI RT \#124478
     1 skipped: Matcher isa NYI RT \#124470
     1 skipped: Ordering NYI RT \#124477
     1 skipped: OrderingPair NYI RT \#124480
     1 skipped: bit NYI RT \#124465
     1 skipped: buf NYI RT \#124466
     1 skipped: complex NYI RT \#124463
     1 skipped: num16  NYI RT \#124481
     1 skipped: rat NYI RT \#124464
     1 todo   : RT \#126526
S02-types/fatrat.t.................................   1    0    0    0    1
S02-types/flattening.t.............................  46    0    0    0   46
S02-types/hash.rakudo.jvm..........................  83   11    1    0   95
     1 todo   : auto-vivified binding does not work yet: RT \#118947
    11 tests aborted (missing ok/not ok)
S02-types/hash_ref.t...............................  31    0    0    0   31
S02-types/infinity.rakudo.jvm......................  13    0    0    4   17
     2 skipped: integer Inf RT \#124451
     2 skipped: integer Inf RT \#124452
S02-types/instants-and-durations.t.................  15   18    0    0   33
    18 tests aborted (missing ok/not ok)
S02-types/int-uint.rakudo.jvm......................  59    0   16    0   75
     1 todo   : expected: '18446744073709551615' got: '-1'
     1 todo   : getting -1 instead of 18446744073709551615
     2 todo   : uint behaves like signed int in CUnion
     6 todo   : wrong overflow
     6 todo   : wrong underflow
S02-types/is-type.rakudo.jvm.......................  10    0    0    2   12
     2 skipped: state variables with `is BagHash`
S02-types/isDEPRECATED.rakudo.jvm..................  13    0    8    0   21
     8 todo   : NYI
S02-types/keyhash.rakudo.jvm.......................   0    0    0   59   59
    59 skipped: 'is ObjectType' NYI RT \#124490
S02-types/lazy-lists.t.............................  23    0    0    0   23
S02-types/list.t...................................  67    0    0    0   67
S02-types/lists.rakudo.jvm.........................   3   29    0    0   32
    29 tests aborted (missing ok/not ok)
S02-types/mix.rakudo.jvm...........................  84  109    0    0  193
   109 tests aborted (missing ok/not ok)
S02-types/mixed_multi_dimensional.rakudo.jvm.......  77    0    3    0   80
     1 todo   : isa hash
     2 todo   : unknown
S02-types/mixhash.rakudo.jvm.......................  31  199    0    0  230
   198 tests aborted (missing ok/not ok)
S02-types/multi_dimensional_array.rakudo.jvm.......  48    0    0   10   58
     6 skipped: multi-dim sized arrays NYI RT \#124482
     4 skipped: multi-dim sized arrays NYI RT \#124483
S02-types/nan.rakudo.jvm...........................  22    0    0    1   23
     1 skipped: RT \#83446
S02-types/native.rakudo.jvm........................  69    0   20    3   92
     3 skipped: cannot unbox to a native number
     1 todo   : RT \#102416 - though maybe wrong test? Not sure .WHAT is *that* magic
     3 todo   : native int args do not truncate, yet
     3 todo   : native int does not truncate, yet
     9 todo   : signed/unsigned native ints RT \#124294
     1 todo   : the value gets sign-extended
     1 todo   : uint16 increment in sink context doesn't work
     1 todo   : uint32 increment in sink context doesn't work
     1 todo   : uint8 increment in sink context doesn't work
S02-types/nested_arrays.t..........................  10    0    0    0   10
S02-types/nested_pairs.t...........................  14    0    0    0   14
S02-types/nil.rakudo.jvm...........................  46    0    5    1   52
     1 skipped: triage
     5 todo   : triage
S02-types/num.t....................................  65    1    0    0   66
S02-types/pair.rakudo.jvm.......................... 177    0    1    0  178
     1 todo   : should it really have \n on the end?
S02-types/parsing-bool.t...........................   4    0    0    0    4
S02-types/range.t.................................. 184    0    0    0  184
S02-types/set.rakudo.jvm........................... 167    1    1    9  178
     9 skipped: Hypers not yet Set compatible RT \#124487
     1 todo   : we have not secured .WHICH creation yet RT \#124489
S02-types/sethash.rakudo.jvm....................... 196    0    0   10  206
    10 skipped: 'is TypeObject' NYI RT \#124490
S02-types/sigils-and-types.rakudo.jvm..............  25    0    2    0   27
     1 todo   : Capture does Associative RT \#124485
     1 todo   : Capture does Positional RT \#124484
S02-types/stash.t..................................   1    0    0    0    1
S02-types/subscripts_and_context.t.................   8    0    0    0    8
S02-types/subset.t.................................   8   36    0    0   44
    36 tests aborted (missing ok/not ok)
S02-types/type.rakudo.jvm..........................   5   69    0    0   74
    69 tests aborted (missing ok/not ok)
S02-types/undefined-types.rakudo.jvm...............  45    0    4    0   49
     4 todo   : .clone doesn't copy typedness
S02-types/unicode.rakudo.jvm.......................   2    0    3    0    5
     1 todo   : NFG on JVM RT \#124500
     2 todo   : NFG on JVM RT \#124501
S02-types/version-stress.t.........................2035    0    0    0 2035
S02-types/version.t................................  43    0    0    0   43
S02-types/whatever.rakudo.jvm...................... 104    4    1    1  110
     1 skipped: currying plus R meta op RT \#124486
     1 todo   : * as dummy
                                                   pass fail todo skip plan
S03-binding/arrays.t...............................  47    0    0    0   47
S03-binding/attributes.rakudo.jvm..................   9    0    0    3   12
     3 skipped: class attributes RT \#124631
S03-binding/closure.rakudo.jvm.....................   4    0    0    4    8
     4 skipped: ::= NYI
S03-binding/hashes.t...............................  39    0    0    0   39
S03-binding/nested.t...............................  43    0    0    0   43
S03-binding/nonsense.rakudo.jvm....................   3    0    2    0    5
     2 todo   : wrong exception
S03-binding/ro.rakudo.jvm..........................   1    1    0    9   11
     9 skipped: ::= NYI
     1 tests aborted (missing ok/not ok)
S03-binding/scalars.rakudo.jvm.....................  24    0    0    9   33
     9 skipped: list binding: RT \#122369
S03-feeds/basic.rakudo.jvm.........................   9    0    6    8   23
     4 skipped: * feeds RT \#124636
     2 skipped: double-ended feeds RT \#124634
     2 skipped: double-ended feeds RT \#124635
     3 todo   : feeds + eager
     2 todo   : feeds + signatures
     1 todo   : isn't lazy
S03-junctions/associative.t........................  10    0    0    0   10
S03-junctions/autothreading.rakudo.jvm............. 103    0    1    0  104
     1 todo   : got (Int) instead of (Bool)
S03-junctions/boolean-context.t....................  74    0    0    0   74
S03-junctions/misc.t............................... 141    1    0    0  142
     1 tests aborted (missing ok/not ok)
S03-metaops/cross.rakudo.jvm.......................  76    0    1    0   77
     1 todo   : code does not die
S03-metaops/eager-hyper.rakudo.jvm.................   7    0    1    0    8
     1 todo   : hyper NYI entirely, I guess RT \#124517
S03-metaops/hyper.rakudo.jvm....................... 394    0    1    7  402
     1 skipped: EVAL(Buf) RT \#122256
     5 skipped: RT \#126528
     1 skipped: doesn't seem to see the nodal
     1 todo   : can_meta check for meta operators NYI
S03-metaops/not.t..................................  39    7    0    0   46
     7 tests aborted (missing ok/not ok)
S03-metaops/reduce.rakudo.jvm...................... 507    0    1   34  542
    33 skipped: RT \#126899 - Method 'orig'1 not found for invocant of class 'QAST::Op'
     1 skipped: RT \#129153 Type check failed in binding to &b; expected Callable but got Int (2)
     1 todo   : item context
S03-metaops/reverse.t..............................  35   33    0    0   68
    33 tests aborted (missing ok/not ok)
S03-metaops/zip.t..................................  75    0    0    0   75
S03-operators/adverbial-modifiers.rakudo.jvm.......  41    0    1    0   42
     1 todo   : Multi colonpair syntax not yet understood RT \#124553
S03-operators/also.rakudo.jvm......................   4    0    4    0    8
     1 todo   : nom regression RT \#124544
     1 todo   : nom regression RT \#124545
     1 todo   : nom regression RT \#124546
     1 todo   : nom regression RT \#124547
S03-operators/andthen.rakudo.jvm...................   8    0    1    0    9
     1 todo   : RT 127822
S03-operators/arith.rakudo.jvm.....................  86   71    1    0  158
     1 todo   : overflow exception is not thrown on JVM RT \#127500
    71 tests aborted (missing ok/not ok)
S03-operators/assign-is-not-binding.t..............   9    0    0    0    9
S03-operators/assign.rakudo.jvm.................... 192   95    1    6  294
     6 skipped: ~< and ~> NYI RT \#124531
     1 todo   : item/list assignment
    95 tests aborted (missing ok/not ok)
S03-operators/autoincrement-range.t................ 104    0    0    0  104
S03-operators/autoincrement.t......................  79    1    0    0   80
S03-operators/autovivification.t...................  23    0    0    0   23
S03-operators/bag.rakudo.jvm....................... 110    0   18    0  128
     2 todo   : Crashing
     4 todo   : NYI
     8 todo   : Rakudo update in progress, but not done yet RT \#124529
     4 todo   : Wrong answer at the moment
S03-operators/basic-types.rakudo.jvm...............  18    0    1    0   19
     1 todo   : got (Int) instead of (Bool)
S03-operators/bit.t................................  38    0    0    0   38
S03-operators/boolean-bitwise.rakudo.jvm...........  43    0    2    0   45
     2 todo   : got (Int) instead of (Bool)
S03-operators/brainos.t............................   9    0    0    0    9
S03-operators/buf.t................................ 131    0    0    0  131
S03-operators/chained-declarators.t................   5    0    0    0    5
S03-operators/cmp.t................................  53    0    0    0   53
S03-operators/comparison-simple.t..................  24    0    0    0   24
S03-operators/comparison.t.........................  53    0    0    0   53
S03-operators/composition.t........................  10    0    0    0   10
S03-operators/context-forcers.rakudo.jvm........... 104    0    0    2  106
     2 skipped: failure modes of Str.Numeric RT \#124540
S03-operators/context.t............................  26   13    0    0   39
    13 tests aborted (missing ok/not ok)
S03-operators/custom.t.............................   1    0    0    0    1
S03-operators/div.t................................   7    0    0    0    7
S03-operators/equality.t...........................  46    0    0    0   46
S03-operators/eqv.rakudo.jvm.......................  50    0    3    1   54
     1 skipped: huh?
     3 todo   : huh?
S03-operators/flip-flop.rakudo.jvm.................  37    0    0    3   40
     1 skipped: NYM flip-flop with "True but $seqnum" RT \#124549
     2 skipped: dubious scoping? RT \#124548
S03-operators/gcd.t................................  16    0    0    0   16
S03-operators/identity.rakudo.jvm..................  37    0    8    0   45
     4 todo   : misuse of =:= RT \#124537
     4 todo   : unspecced
S03-operators/increment.rakudo.jvm.................  16   21    0    0   37
    21 tests aborted (missing ok/not ok)
S03-operators/infixed-function.t...................   5    0    0    0    5
S03-operators/inplace.rakudo.jvm...................  27    0    0    4   31
     4 skipped: Method '' not found for invocant of class 'Str' RT \#124528
S03-operators/is-divisible-by.rakudo.jvm...........  14    1    0    0   15
     1 tests aborted (missing ok/not ok)
S03-operators/lcm.t................................  15    0    0    0   15
S03-operators/list-quote-junction.t................  16    0    0    0   16
S03-operators/minmax.rakudo.jvm....................   5   34    0    0   39
    34 tests aborted (missing ok/not ok)
S03-operators/misc.rakudo.jvm......................  34   10    0    0   44
    10 tests aborted (missing ok/not ok)
S03-operators/mix.rakudo.jvm....................... 102    0   26    0  128
     2 todo   : Crashing
     4 todo   : NYI
     8 todo   : Rakudo update in progress, but not done yet RT \#124541
     4 todo   : Wrong answer at the moment
     8 todo   : submix behavior still under discussion
S03-operators/names.t..............................   7    0    0    0    7
S03-operators/nesting.t............................  26    0    0    0   26
S03-operators/not.t................................  22    0    0    0   22
S03-operators/numeric-shift.t......................  38    0    0    0   38
S03-operators/orelse.t.............................  10    0    0    0   10
S03-operators/overflow.t...........................  98    0    0    0   98
S03-operators/precedence.rakudo.jvm................  28   41    0    0   69
    41 tests aborted (missing ok/not ok)
S03-operators/range-basic.t........................  25   85    0    0  110
    85 tests aborted (missing ok/not ok)
S03-operators/range-int.t.......................... 507    0    0    0  507
S03-operators/range.t.............................. 125    0    0    0  125
S03-operators/reduce-le1arg.rakudo.jvm.............  51    0    0    3   54
     1 skipped: expected Any but got Mu instead RT \#124552
     1 skipped: ~< NYI RT \#124531
     1 skipped: ~> NYI RT \#124531
S03-operators/relational.rakudo.jvm................ 165    0    2    0  167
     2 todo   : RT \#121987
S03-operators/repeat.t.............................  47    0    0    0   47
S03-operators/scalar-assign.t......................   4    0    0    0    4
S03-operators/set.t................................ 291    1    0    0  292
     1 tests aborted (missing ok/not ok)
S03-operators/short-circuit.t......................  83    0    0    0   83
S03-operators/so.t.................................  15    0    0    0   15
S03-operators/spaceship-and-containers.t...........   6    0    0    0    6
S03-operators/spaceship.t..........................   5    0    0    0    5
S03-operators/subscript-adverbs.t.................. 110    0    0    0  110
S03-operators/subscript-vs-lt.t....................   4    0    0    0    4
S03-operators/ternary.t............................  17   10    0    0   27
S03-operators/value_equivalence.t..................  85    0    0    0   85
S03-sequence/arity-2-or-more.t.....................  20    0    0    0   20
S03-sequence/arity0.t..............................  13    0    0    0   13
S03-sequence/basic.t............................... 143    0    0    0  143
S03-sequence/limit-arity-2-or-more.t...............   8    0    0    0    8
S03-sequence/misc.t................................  30    0    0    0   30
S03-sequence/nonnumeric.rakudo.jvm.................  27    0    0   17   44
    11 skipped: hangs RT \#125049
     6 skipped: lifting comparison ops RT \#125050
S03-smartmatch/any-any.t...........................   8    0    0    0    8
S03-smartmatch/any-bool.t..........................   8    0    0    0    8
S03-smartmatch/any-callable.t......................   6    0    0    0    6
S03-smartmatch/any-complex.t.......................  12    0    0    0   12
S03-smartmatch/any-hash-pair.t.....................   7    0    0    0    7
S03-smartmatch/any-method.t........................   4    0    0    0    4
S03-smartmatch/any-num.t...........................  19    0    0    0   19
S03-smartmatch/any-pair.t..........................  10    0    0    0   10
S03-smartmatch/any-str.t...........................   5    0    0    0    5
S03-smartmatch/any-sub.t...........................   8    0    0    0    8
S03-smartmatch/any-type.t..........................  15    0    0    0   15
S03-smartmatch/array-array.rakudo.jvm..............  66    0    0    2   68
     2 skipped: NullPointerException
S03-smartmatch/array-hash.rakudo.jvm...............   0    0    0    6    6
     6 skipped: RT \#124444
S03-smartmatch/capture-signature.t.................   6    0    0    0    6
S03-smartmatch/disorganized.t......................  42    0    0    0   42
S03-smartmatch/hash-hash.rakudo.jvm................   8    0    8    0   16
     8 todo   : NYI
S03-smartmatch/range-range.t.......................  14    0    0    0   14
S03-smartmatch/regex-hash.t........................   4    0    0    0    4
S03-smartmatch/scalar-hash.t.......................   3    0    0    0    3
S03-smartmatch/signature-signature.rakudo.jvm......  21    0    1    1   23
     1 skipped: Parametric types
     1 todo   : Parametric types
                                                   pass fail todo skip plan
S04-blocks-and-statements/let.rakudo.jvm...........  11    0    1    0   12
     1 todo   : let restore on exception, RT \#121647
S04-blocks-and-statements/pointy-rw.t..............  10    0    0    0   10
S04-blocks-and-statements/pointy.rakudo.jvm........  19    0    1    0   20
     1 todo   : pointy blocks and last/redo RT \#124973
S04-blocks-and-statements/temp.rakudo.jvm..........  30    0    6    2   38
     2 skipped: RT \#126447
     6 todo   : TEMP phasers NYI
S04-declarations/constant.rakudo.jvm...............   7   63    0    0   70
    63 tests aborted (missing ok/not ok)
S04-declarations/implicit-parameter.t..............  17    3    0    0   20
     3 tests aborted (missing ok/not ok)
S04-declarations/multiple.rakudo.jvm...............   5    2    1    0    8
     1 todo   : nom regression RT \#125053
     2 tests aborted (missing ok/not ok)
S04-declarations/my.rakudo.jvm.....................  97    0    0    8  105
     8 skipped: RuntimeException: java.lang.ArrayIndexOutOfBoundsException: -1
S04-declarations/our.t.............................  12   19    0    0   31
    19 tests aborted (missing ok/not ok)
S04-declarations/smiley.rakudo.jvm.................  45   10    8    0   63
     3 todo   : code does not die, RT \#127958
     5 todo   : got '?.?' RT \#128031
S04-declarations/state.rakudo.jvm..................  40    0    1    0   41
     1 todo   : initialization happens only on first call(?) RT \#102994
S04-declarations/will.rakudo.jvm...................  13    0    4    3   20
     1 skipped: declared variable not visible in block yet RT \#125061
     1 skipped: declared variable not visible in block yet RT \#125063
     1 skipped: declared variable not visible in block yet RT \#125066
     1 todo   : declared variable not visible in block yet RT \#125064
     1 todo   : declared variable not visible in block yet RT \#125067
     1 todo   : will init NYI
     1 todo   : will post NYI RT \#125062
S04-exception-handlers/catch.t.....................  30    1    0    0   31
S04-exception-handlers/control.rakudo.jvm..........   9    0    1    0   10
     1 todo   : NullPointerException
S04-exception-handlers/top-level.t.................   1    0    0    0    1
S04-exceptions/control_across_runloop.t............   1    0    0    0    1
S04-exceptions/fail.t..............................  31    0    0    0   31
S04-exceptions/pending.rakudo.jvm..................  16    0    2    3   21
     2 skipped: $!.pending
     1 skipped: $object.handled
     1 todo   : $!.pending
     1 todo   : $object.handled
S04-phasers/ascending-order.t......................   7    0    0    0    7
S04-phasers/begin.rakudo.jvm.......................  12    0    1    0   13
     1 todo   : RT\#123776
S04-phasers/check.t................................   5    0    0    0    5
S04-phasers/descending-order.t.....................   7    0    0    0    7
S04-phasers/end.t..................................   8    0    0    0    8
S04-phasers/enter-leave.rakudo.jvm.................  26    0    3    1   30
     1 skipped: leave NYI RT \#124960
     1 todo   : RT \#121530
     1 todo   : is this spec? why would LEAVE not see outer $!? fossil?
     1 todo   : nigh
S04-phasers/eval-in-begin.t........................   3    0    0    0    3
S04-phasers/first.t................................   7    0    0    0    7
S04-phasers/in-eval.rakudo.jvm.....................  34    0    1    0   35
     1 todo   : not sure
S04-phasers/in-loop.rakudo.jvm.....................   5    0    3    0    8
     2 todo   : NEXT/LEAVE ordering RT \#124952
     1 todo   : this test works "standalone", but not after previous test; RT \#121145
S04-phasers/init.t.................................  13    0    0    0   13
S04-phasers/keep-undo.rakudo.jvm...................  14    0    2    0   16
     2 todo   : RT \#111866
S04-phasers/multiple.t.............................   2    0    0    0    2
S04-phasers/next.rakudo.jvm........................  14    0    2    0   16
     2 todo   : NEXT/LEAVE ordering RT \#124952
S04-phasers/pre-post.rakudo.jvm....................   3   19    0    0   22
    19 tests aborted (missing ok/not ok)
S04-phasers/rvalue.t...............................  16    0    0    0   16
S04-statement-modifiers/for.t......................  30    0    0    0   30
S04-statement-modifiers/given.t....................  12    0    0    0   12
S04-statement-modifiers/if.t.......................  14    0    0    0   14
S04-statement-modifiers/unless.t...................   9    0    0    0    9
S04-statement-modifiers/until.t....................   5    0    0    0    5
S04-statement-modifiers/values_in_bool_context.t...  24    0    0    0   24
S04-statement-modifiers/while.t....................   6    0    0    0    6
S04-statement-modifiers/with.rakudo.jvm............  34    0    1    0   35
     1 todo   : parenless with/for doesn't work yet
S04-statement-modifiers/without.t..................   9    0    0    0    9
S04-statement-parsing/hash.t.......................   8    0    0    0    8
S04-statements/do.rakudo.jvm.......................   1   28    0    0   29
    28 tests aborted (missing ok/not ok)
S04-statements/for-scope.t.........................  16    0    0    0   16
S04-statements/for.rakudo.jvm......................   1   99    0    0  100
    99 tests aborted (missing ok/not ok)
S04-statements/for_with_only_one_item.t............  12    0    0    0   12
S04-statements/gather.rakudo.jvm...................  35    0    0    3   38
     2 skipped: RT \#66820, and hangs under GLR
     1 skipped: UnwindException RT \#124279
S04-statements/given.t.............................  51    0    0    0   51
S04-statements/if.rakudo.jvm.......................  23   19    1    0   43
     1 todo   : RT\#105872
    19 tests aborted (missing ok/not ok)
S04-statements/label.rakudo.jvm....................   2    1    2    1    6
     1 skipped: control exception without handler, RT \#126490
     2 todo   : redo of outer labels broken, related to RT \#126490
S04-statements/last.rakudo.jvm.....................   8    0    0    1    9
     1 skipped: control exception without handler, RT \#126490
S04-statements/loop.t..............................  14    1    0    0   15
S04-statements/map-and-sort-in-for.t...............   4    0    0    0    4
S04-statements/next.rakudo.jvm.....................  11    0    0    1   12
     1 skipped: control exception without handler, RT \#126490
S04-statements/no-implicit-block.t.................  12    0    0    0   12
S04-statements/once.t..............................  23    0    0    0   23
S04-statements/quietly.t...........................   4    0    0    0    4
S04-statements/redo.rakudo.jvm.....................  10    0    1    1   12
     1 skipped: control exception without handler, RT \#126490
     1 todo   : NullPointerException
S04-statements/repeat.t............................  21    0    0    0   21
S04-statements/return.t............................  20    0    0    0   20
S04-statements/sink.t..............................   4    0    0    0    4
S04-statements/terminator.rakudo.jvm...............  19    0    1    0   20
     1 todo   : got: X::AdHoc; StringIndexOutOfBoundsException: String index out of range: -1
S04-statements/try.t...............................  40    0    0    0   40
S04-statements/unless.t............................   9    2    0    0   11
     2 tests aborted (missing ok/not ok)
S04-statements/until.t.............................   4    0    0    0    4
S04-statements/when.t..............................  25    0    0    0   25
S04-statements/while.t.............................  32    0    0    0   32
S04-statements/with.rakudo.jvm.....................  73    2    4    1   80
     1 skipped: Failure from oops is thrown
     2 todo   : $foo is not "$()", but Failure
     2 todo   : $foo is not a Failure, but "$()"
                                                   pass fail todo skip plan
S05-capture/alias.rakudo.jvm.......................  25    0    3    2   30
     2 skipped: Package variable capture RT \#125122
     3 todo   : Package variable capture RT \#125122
S05-capture/array-alias.rakudo.jvm.................  40    0    0   10   50
    10 skipped: capturing to lexical variable NYI RT \#126243
S05-capture/caps.t.................................  43    0    0    0   43
S05-capture/dot.rakudo.jvm.........................  55    0    6    0   61
     3 todo   : dubious test RT \#125004
     3 todo   : dubious test RT \#125005
S05-capture/match-object.rakudo.jvm................  23    0    1    1   25
     1 skipped: No such method pos for invocant of type Any RT \#124999
     1 todo   : Type of $ is Any instead of Cursor - RT \#124998
S05-capture/named.rakudo.jvm.......................   9    0    0    2   11
     2 skipped: assigning to match object RT \#125000
S05-capture/subrule.t..............................  46    0    0    0   46
S05-grammar/action-stubs.t.........................  24    0    0    0   24
S05-grammar/example.rakudo.jvm.....................   5    0    2    2    9
     2 skipped: Method "speaker" not found for invocant of class "Cursor" RT \#124795
     2 todo   : RT 127945
S05-grammar/inheritance.rakudo.jvm.................  30    0    2    0   32
     1 todo   : RT \#77350
     1 todo   : automatic Grammar superclass
S05-grammar/methods.t..............................   8    0    0    0    8
S05-grammar/namespace.t............................   5    0    0    0    5
S05-grammar/parse_and_parsefile.t..................  16    0    0    0   16
S05-grammar/polymorphism.t.........................  28    0    0    0   28
S05-grammar/protoregex.rakudo.jvm..................  29    0    2    0   31
     2 todo   : RT \#120146
S05-grammar/protos.t...............................   4    0    0    0    4
S05-grammar/signatures.t...........................  10    0    0    0   10
S05-grammar/ws.rakudo.jvm..........................  10    0    0    2   12
     2 skipped: infinite loop: RT \#64094 (noauto)
S05-interpolation/lexicals.t.......................  14    0    0    0   14
S05-interpolation/regex-in-variable.rakudo.jvm.....  14   38    0    0   52
    37 tests aborted (missing ok/not ok)
S05-mass/charsets.rakudo.jvm.......................  14    0    3    0   17
     1 todo   : Unicode 6.3 -- lower characters
     1 todo PASSED: Unicode 6.1 -- :Punctuation characters
     1 todo PASSED: Unicode 6.1 -- punct characters
S05-mass/named-chars.t............................. 431    0    0    0  431
S05-mass/properties-block.t........................ 670    0    0    0  670
S05-mass/properties-derived.rakudo.jvm............. 232    0    1   21  254
     4 skipped: isAny NYI RT \#124879
    10 skipped: isCommon NYI RT \#124884
     7 skipped: isGraphemeLink RT \#124874
     1 todo   : isUnassigned NYI RT \#124883
S05-mass/properties-general.rakudo.jvm............. 592    0    4   10  606
    10 skipped: RT \#124500
     3 todo   : Unions of properties of non-existent codepoints RT \#124863
     1 todo   : Unions of properties of non-existent codepoints RT \#124866
S05-mass/properties-script.rakudo.jvm.............. 325    0    0   35  360
    35 skipped: Unicode properties with arguments RT \#124886
S05-mass/recursive.t...............................  20    0    0    0   20
S05-mass/rx.rakudo.jvm............................. 114  616    2    8  740
     1 skipped: :: NYI RT \#124889
     1 skipped: :: NYI RT \#124890
     1 skipped: :: NYI RT \#124891
     1 skipped: :: NYI RT \#124893
     1 skipped: :: NYI RT \#124894
     1 skipped: :: NYI RT \#124895
     1 skipped: ::: NYI RT \#124892
     1 skipped: ::: NYI RT \#124896
     1 todo   : <commit> NYI RT \#124897
     1 todo   : RT \#121307
   615 tests aborted (missing ok/not ok)
S05-mass/stdrules.t................................ 191    0    0    0  191
S05-match/arrayhash.t..............................   8    0    0    0    8
S05-match/blocks.rakudo.jvm........................  18    0    1    0   19
     1 todo   : Assignment to matched string affects earlier match objects
S05-match/capturing-contexts.rakudo.jvm............  53    0    4    0   57
     2 todo   : RT \#116895
     1 todo   : RT \#125285
     1 todo   : RT \#70007
S05-match/make.t...................................   4    0    0    0    4
S05-match/non-capturing.t..........................   9    0    0    0    9
S05-match/perl.rakudo.jvm..........................   4    0    1    5   10
     4 skipped: <foo::bar> RT \#124745
     1 skipped: RT \#125293 - .perl does not roundtrip as expected - operator is null
     1 todo   : RT \#125293 - .perl does not roundtrip as expected
S05-match/positions.t..............................  10    0    0    0   10
S05-metachars/closure.rakudo.jvm...................   6    0    1    5   12
     2 skipped: assignment to match variables (dubious) RT \#124946
     3 skipped: assignment to match variables (dubious) RT \#124947
     1 todo   : make() inside closure
S05-metachars/line-anchors.rakudo.jvm..............  20    4    0    0   24
     4 tests aborted (missing ok/not ok)
S05-metachars/newline.t............................  15    0    0    0   15
S05-metachars/tilde.t..............................  29    0    0    0   29
S05-metasyntax/angle-brackets.rakudo.jvm...........  34   52    0    5   91
     1 skipped: <test()> NYI RT \#124519
     1 skipped: <test()> NYI RT \#124520
     2 skipped: angle quotes in regexes RT \#124521
     1 skipped: colon arguments NYI RT \#124522
    51 tests aborted (missing ok/not ok)
S05-metasyntax/assertions.t........................   4    0    0    0    4
S05-metasyntax/changed.t...........................   9    3    0    0   12
     3 tests aborted (missing ok/not ok)
S05-metasyntax/charset.rakudo.jvm..................  38   17    0    0   55
    16 tests aborted (missing ok/not ok)
S05-metasyntax/delimiters.t........................  21    0    0    0   21
S05-metasyntax/interpolating-closure.rakudo.jvm....   6    0    1    0    7
     1 todo   : dunno RT \#124527
S05-metasyntax/litvar.rakudo.jvm...................  24    9    0    0   33
     8 tests aborted (missing ok/not ok)
S05-metasyntax/longest-alternative.rakudo.jvm......  49    0    1    5   55
     1 skipped: :: RT \#124526
     4 skipped: :ignoremark needs NFG RT \#124500
     1 todo   : negative lookahead does not LTM properly, RT \#122951
S05-metasyntax/lookaround.t........................  10    0    0    0   10
S05-metasyntax/null.t..............................   4    0    0    0    4
S05-metasyntax/proto-token-ltm.t...................  10    0    0    0   10
S05-metasyntax/regex.t.............................   3   39    0    0   42
    39 tests aborted (missing ok/not ok)
S05-metasyntax/repeat.t............................  28   18    0    0   46
    18 tests aborted (missing ok/not ok)
S05-metasyntax/sequential-alternation.t............  10    0    0    0   10
S05-metasyntax/single-quotes.t.....................  30    0    0    0   30
S05-metasyntax/unicode-property-pair.rakudo.jvm....   2    0    0    3    5
     3 skipped: matching charnames in unicode property pair
S05-metasyntax/unknown.rakudo.jvm..................   9    4    0    0   13
     4 tests aborted (missing ok/not ok)
S05-modifier/continue.t............................  13    0    0    0   13
S05-modifier/counted-match.rakudo.jvm..............   1   27    0    0   28
    27 tests aborted (missing ok/not ok)
S05-modifier/counted.rakudo.jvm....................   1  125    0    0  126
   125 tests aborted (missing ok/not ok)
S05-modifier/global.t..............................   8    0    0    0    8
S05-modifier/ignorecase.rakudo.jvm.................  23    0    2    0   25
     2 todo   : ignorecase and SS/&szlig; RT \#121377
S05-modifier/ii.rakudo.jvm.........................  23    0    0    0   23
S05-modifier/my.rakudo.jvm.........................  22    0    2    0   24
     1 todo   : :our variables in regexes
     1 todo   : unsuccessful match preserves :let value
S05-modifier/overlapping.t.........................  22    0    0    0   22
S05-modifier/perl5_0.rakudo.jvm....................  20    0    4    0   24
     3 todo   : NYI
     1 todo   : NYI RT \#125036
S05-modifier/perl5_1.t............................. 100    0    0    0  100
S05-modifier/perl5_2.t............................. 100    0    0    0  100
S05-modifier/perl5_3.t............................. 100    0    0    0  100
S05-modifier/perl5_4.t............................. 100    0    0    0  100
S05-modifier/perl5_5.rakudo.jvm....................  96    0    5    1  102
     1 skipped: hangs RT \#125025
     2 todo   : (?i) and backreferences RT \#125024
     1 todo   : nigh RT \#125021
     1 todo   : unknown issue RT \#125022
     1 todo   : unknown issue RT \#125023
S05-modifier/perl5_6.rakudo.jvm....................  89    0   15    0  104
    15 todo   : needs RT
S05-modifier/perl5_7.t............................. 100    0    0    0  100
S05-modifier/perl5_8.rakudo.jvm....................  77    0    1   25  103
     1 skipped: \\G RT \#125035
     6 skipped: character classes in enumerated range RT \#125034
    18 skipped: expensive quantifier RT \#125033
     1 todo   : (?>...) NYI RT \#125032
S05-modifier/perl5_9.rakudo.jvm....................  70    0   13    1   84
     1 skipped: Quantifier quantifies nothing RT \#125027
     4 todo   : gives Nil instead of "bar"
     3 todo   : test file needs review RT \#125028
     3 todo   : test file needs review RT \#125029
     2 todo   : test file needs review RT \#125030
     1 todo   : test file needs review RT \#125031
S05-modifier/pos.rakudo.jvm........................  37    0    3    0   40
     1 todo   : m:g
     1 todo   : m:p:i:g// NYI
     1 todo   : s:pos/// NYI
S05-modifier/repetition-exhaustive.rakudo.jvm......   1    0    0    4    5
     4 skipped: RT \#124279
S05-modifier/repetition.rakudo.jvm.................   8    0    0    4   12
     3 skipped: RT \#124279
     1 skipped: UnwindException RT \#124279
S05-modifier/samemark.rakudo.jvm...................   0    0    0    8    8
     8 skipped: ordbaseat NYI
S05-modifier/sigspace.t............................  16    0    0    0   16
S05-substitution/67222.t...........................   1    0    0    0    1
S05-substitution/match.t...........................  13    0    0    0   13
S05-substitution/subst.rakudo.jvm..................  37  126    0   17  180
    13 skipped: RT \#124279
     4 skipped: UnwindException RT \#124279
   126 tests aborted (missing ok/not ok)
S05-syntactic-categories/new-symbols.rakudo.jvm....   0    0    0    8    8
     8 skipped: RT \#126142 - NYI
S05-transliteration/79778.t........................   1    0    0    0    1
S05-transliteration/trans.rakudo.jvm...............  62    0    0    1   63
     1 skipped: feed operator NYI
S05-transliteration/with-closure.rakudo.jvm........  15    0    2    1   18
     1 skipped: Unable to resolve method ord in class Any RT \#124659
     2 todo   : nom regression
                                                   pass fail todo skip plan
S06-advanced/callframe.rakudo.jvm..................  13    0    1    2   16
     1 skipped: ContextRef representation does not implement elems RT \#77752
     1 skipped: Unable to resolve method inline in type CallFrame
     1 todo   : ContextRef representation does not implement elems RT \#127479
S06-advanced/callsame.t............................   3    0    0    0    3
S06-advanced/lexical-subs.t........................  13    0    0    0   13
S06-advanced/recurse.rakudo.jvm....................   5    0    0    8   13
     8 skipped: wrong number of positionals passed down in countdown_mod_named
S06-advanced/return.rakudo.jvm.....................  96    1    1    0   98
     1 todo   : RT \#61732
S06-advanced/stub.rakudo.jvm.......................   2    8    0    0   10
     8 tests aborted (missing ok/not ok)
S06-advanced/wrap.rakudo.jvm.......................  81    0    4    1   86
     1 skipped: control operator crossed continuation barrier RT \#127967
     1 todo   : ?
     1 todo   : callwith RT \#124653
     1 todo   : temp and wrap
     1 todo   : temp and wrap RT \#124654
S06-currying/assuming-and-mmd.t....................   7    0    0    0    7
S06-currying/misc.rakudo.jvm.......................  11    0    0    2   13
     1 skipped: NullPointerException
     1 skipped: We could do better here
S06-currying/named.t...............................  27    0    0    0   27
S06-currying/positional.t.......................... 227    0    0    0  227
S06-currying/slurpy.t..............................  32    0    0    0   32
S06-macros/errors.t................................   2    0    0    0    2
S06-macros/opaque-ast.rakudo.jvm...................   3    0    0    4    7
     3 skipped: :COMPILING flag RT \#124964
     1 skipped: return from macro RT \#124965
S06-macros/quasi-blocks.rakudo.jvm.................  12    0    0    2   14
     2 skipped: Method 'succ' not found RT \#124967
S06-macros/unquoting.t.............................   6    0    0    0    6
S06-multi/by-trait.rakudo.jvm......................   8    0    4    1   13
     1 skipped: Ambiguous dispatch for &uno_mas
     1 todo   : expected 1, got 2
     3 todo   : fails due to above skipped test
S06-multi/lexical-multis.rakudo.jvm................   8    6    1    0   15
     1 todo   : lexical scope as tie breaker
     6 tests aborted (missing ok/not ok)
S06-multi/positional-vs-named.t....................  31    0    0    0   31
S06-multi/proto.rakudo.jvm.........................  15    7    4    0   26
     1 todo   : operator protos
     3 todo   : wrong multi candidate called
S06-multi/redispatch.t.............................  14    0    0    0   14
S06-multi/subsignature.rakudo.jvm..................  67   20    8    5  100
     5 skipped: redeclaration of routine 'bar' RT \#118069
     2 todo   : Calls wrong candidate
     4 todo   : Multimethod sort does not descend into subsignatures
     1 todo   : RT \#126702
     1 todo   : operator protos
    18 tests aborted (missing ok/not ok)
S06-multi/syntax.t.................................  11   34    0    0   45
    34 tests aborted (missing ok/not ok)
S06-multi/type-based.rakudo.jvm....................  50   16    0    0   66
    16 tests aborted (missing ok/not ok)
S06-multi/unpackability.t..........................  10    0    0    0   10
S06-multi/value-based.rakudo.jvm...................  19    0    2    0   21
     2 todo   : Wrong tiebreaker order (S12, actually)
S06-operator-overloading/circumfix.rakudo.jvm......  14    0    0    2   16
     2 skipped: macros RT \#124978
S06-operator-overloading/imported-subs.t...........  20    0    0    0   20
S06-operator-overloading/infix.rakudo.jvm..........  35    0    2    7   44
     1 skipped: cannot bind with this LHS RT \#124979
     1 skipped: infix Z will never work; no lexical Z RT \#124983
     4 skipped: no lexical Z RT \#124983
     1 skipped: undeclared name
     1 todo   : RT \#65638
     1 todo   : infix:<;> RT \#124981
S06-operator-overloading/methods.rakudo.jvm........   2    0    1    0    3
     1 todo   : nom regression RT \#124988
S06-operator-overloading/prefix.rakudo.jvm.........   5    0    0    4    9
     1 skipped: prefix:[] form NYI RT \#124974
     1 skipped: prefix:[] form NYI RT \#124975
     1 skipped: prefix:[] form NYI RT \#124976
     1 skipped: prefix:[] form NYI RT \#124977
S06-operator-overloading/semicolon.t...............   3    0    0    0    3
S06-operator-overloading/sub.rakudo.jvm............   6   20    0    1   27
     1 skipped: missing block, apparently "if" not an op RT \#124982
    20 tests aborted (missing ok/not ok)
S06-operator-overloading/term.t....................  10    0    0    0   10
S06-operator-overloading/workout.t.................  84    0    0    0   84
S06-other/anon-hashes-vs-blocks.t..................  26    0    0    0   26
S06-other/introspection.t..........................  12    0    0    0   12
S06-other/main-eval.rakudo.jvm.....................   2    0    1    0    3
     1 todo   : MAIN in EVAL RT \#124662
S06-other/main-semicolon.t.........................   6    4    0    0   10
S06-other/main-usage.rakudo.jvm....................  22    0    7    0   29
     1 todo   : NYI RT \#124669
     1 todo   : NYI RT \#124670
     1 todo   : nom regression RT \#124664
     1 todo   : nom regression RT \#124665
     1 todo   : nom regression RT \#124666
     1 todo   : nom regression RT \#124667
     1 todo   : nom regression RT \#124668
S06-other/main.t...................................   7    0    0    0    7
S06-other/misc.t...................................   1   11    0    0   12
    11 tests aborted (missing ok/not ok)
S06-other/pairs-as-lvalues.rakudo.jvm..............   1    3    1    0    5
     1 todo   : NYI RT \#124660
     3 tests aborted (missing ok/not ok)
S06-parameters/smiley.rakudo.jvm...................  17   18    0    0   35
    18 tests aborted (missing ok/not ok)
S06-routine-modifiers/lvalue-subroutines.t.........  14    0    0    0   14
S06-routine-modifiers/native-lvalue-subroutines.t..  18    0    0    0   18
S06-routine-modifiers/proxy.rakudo.jvm.............  22    0    2    0   24
     2 todo   : RT\#124341 Proxy should not escape return from a non is-rw
S06-routine-modifiers/scoped-named-subs.t..........   3   10    0    0   13
    10 tests aborted (missing ok/not ok)
S06-signature/arity.t..............................  56    0    0    0   56
S06-signature/caller-param.rakudo.jvm..............   2    0    5    0    7
     2 todo   : NYI RT \#123660
     3 todo   : NYI RT \#124924
S06-signature/closure-over-parameters.t............   4    0    0    0    4
S06-signature/closure-parameters.rakudo.jvm........  12    1    0    5   18
     5 skipped: subsignatures dont factor into multi candidates yet RT \#124935
     1 tests aborted (missing ok/not ok)
S06-signature/code.rakudo.jvm......................   7    0    1    0    8
     1 todo   : RT \#67932
S06-signature/defaults.t...........................  10    1    0    0   11
     1 tests aborted (missing ok/not ok)
S06-signature/definite-return.rakudo.jvm...........  17    0    0    3   20
     1 skipped: RT \#128964 Type check failed for return value; expected ?(?) but got Int (42)
     2 skipped: variables as return specifications dont parse yet RT \#124927
S06-signature/errors.rakudo.jvm....................  17   13    1    0   31
     1 todo   : unival NYI RT \#124920
    13 tests aborted (missing ok/not ok)
S06-signature/introspection.rakudo.jvm.............  53   77    1    1  132
     1 skipped: expected Any but got Mu instead
     1 todo   : needs/find RT: Logic to make :a($a) into :$a makes :a(:b($a) into ::b(:$a)
     9 tests aborted (missing ok/not ok)
S06-signature/mixed-placeholders.t.................  18    0    0    0   18
S06-signature/multi-invocant.t.....................  25    0    0    0   25
S06-signature/multidimensional.t...................  10    0    0    0   10
S06-signature/named-parameters.rakudo.jvm..........  83    0    0   16   99
    16 skipped: multiple same-named arguments NYI RT \#124921
S06-signature/named-placeholders.t.................   3    0    0    0    3
S06-signature/named-renaming.t.....................  11    0    0    0   11
S06-signature/optional.t...........................  11   20    0    0   31
    20 tests aborted (missing ok/not ok)
S06-signature/outside-subroutine.t.................   4    0    0    0    4
S06-signature/passing-arrays.t.....................  11    0    0    0   11
S06-signature/passing-hashes.t.....................   3    0    0    0    3
S06-signature/positional-placeholders.t............   6    6    0    0   12
     6 tests aborted (missing ok/not ok)
S06-signature/positional.t.........................   8    5    0    0   13
     5 tests aborted (missing ok/not ok)
S06-signature/scalar-type.t........................   8    0    0    0    8
S06-signature/shape.t..............................  34    0    0    0   34
S06-signature/sigilless.t..........................  10    0    0    0   10
S06-signature/slurpy-and-interpolation.t...........  12    0    0    0   12
S06-signature/slurpy-params.rakudo.jvm.............  85    0    0    1   86
     1 skipped: Proc::Async NYI RT 128201
S06-signature/slurpy-placeholders.t................   8    0    0    0    8
S06-signature/sub-ref.rakudo.jvm...................  28    0    2    4   34
     4 skipped: macros, compile time binding RT \#124919
     2 todo   : RT \#63974
S06-signature/tree-node-parameters.rakudo.jvm......  16    0    0    4   20
     4 skipped: signature binding of return values NYI RT \#124945
S06-signature/type-capture.rakudo.jvm..............  10    0    0    2   12
     2 skipped: Method 'T' not found for invocant of class 'Rat', RT \#126383
S06-signature/types.rakudo.jvm.....................  10    2    0    0   12
     2 tests aborted (missing ok/not ok)
S06-signature/unpack-array.t.......................  15    0    0    0   15
S06-signature/unpack-object.t......................   4    0    0    0    4
S06-signature/unspecified.t........................  18    0    0    0   18
S06-traits/as.t....................................   5    0    0    0    5
S06-traits/is-assoc.rakudo.jvm.....................   4    0    0    2    6
     2 skipped: RT \#116244
S06-traits/is-copy.t...............................  27    0    0    0   27
S06-traits/is-readonly.t...........................   1    0    0    0    1
S06-traits/is-rw.t.................................   7    0    0    0    7
S06-traits/misc.rakudo.jvm.........................  14    0    6    0   20
     4 todo   : RT \#126531
     2 todo   : is readonly does not override
S06-traits/native-is-copy.t........................  15    0    0    0   15
S06-traits/native-is-rw.t..........................  48    0    0    0   48
S06-traits/precedence.rakudo.jvm...................  14    0    1    0   15
     1 todo   : changing precedence of already declared op
S06-traits/slurpy-is-rw.t..........................   3    0    0    0    3
                                                   pass fail todo skip plan
S07-hyperrace/hyper.rakudo.jvm.....................   8    0    4    0   12
     4 todo   : hyper and race cause lists to become empty RT \#126597
S07-hyperrace/race.rakudo.jvm......................   9    0    3    0   12
     3 todo   : hyper and race cause lists to become empty RT \#126597
S07-slip/slip.t....................................  22    0    0    0   22
                                                   pass fail todo skip plan
S09-autovivification/autoincrement.t...............   7    0    0    0    7
S09-autovivification/autovivification.rakudo.jvm...  39    0    4    1   44
     1 skipped: isa multi variant
     2 todo   : autoviv, binding
     2 todo   : unknown
S09-hashes/objecthash.rakudo.jvm...................  33    0    2    2   37
     2 skipped: oh noes, it dies
     2 todo   : oh noes, it dies
S09-multidim/XX-POS-on-dimensioned.t...............  69    0    0    0   69
S09-multidim/XX-POS-on-undimensioned.t.............  16    0    0    0   16
S09-multidim/assign.t..............................  54    0    0    0   54
S09-multidim/decl.t................................  40    0    0    0   40
S09-multidim/indexing.t............................  31    0    0    0   31
S09-multidim/methods.t.............................  26   54    0    0   80
    54 tests aborted (missing ok/not ok)
S09-multidim/subs.t................................  46    0    0    0   46
S09-subscript/multidim-assignment.rakudo.jvm.......  10    0    1    0   11
     1 todo   : RuntimeException: No such attribute $!default for this object RT \#128341
S09-subscript/slice.rakudo.jvm.....................  27    0    0    4   31
     2 skipped: RT \#120383
     2 skipped: RT \#61844
S09-typed-arrays/arrays.rakudo.jvm.................  58   19    2    3   82
     1 skipped: initialization RT \#124676
     1 skipped: need parameterized Lists
     1 skipped: type on our-variables RT \#124677
     2 todo   : nested typechecks are borked
    17 tests aborted (missing ok/not ok)
S09-typed-arrays/hashes.t..........................  41    0    0    0   41
S09-typed-arrays/native-decl.t.....................  10    0    0    0   10
S09-typed-arrays/native-int.rakudo.jvm............. 146 1463    1    0 1610
     1 todo   : RT \#127756
   1463 tests aborted (missing ok/not ok)
S09-typed-arrays/native-num.rakudo.jvm.............  74  361    0    9  444
     1 skipped: borkedness with num and iteration RT \#124678
     2 skipped: cannot approx test Parcels
     6 skipped: nativeint.list loops on itself
   361 tests aborted (missing ok/not ok)
S09-typed-arrays/native-str.rakudo.jvm............. 144   13    1    2  160
     2 skipped: non-existing str elements return null_s
     1 todo   : RT \#127756
    13 tests aborted (missing ok/not ok)
S09-typed-arrays/native.t..........................   3    0    0    0    3
                                                   pass fail todo skip plan
S10-packages/basic.rakudo.jvm......................   4   77    0    0   81
    77 tests aborted (missing ok/not ok)
S10-packages/joined-namespaces.t...................   3    0    0    0    3
S10-packages/precompilation.rakudo.jvm.............  40    0    6    0   46
     2 todo   : ClassCastException: __P6opaque__73 cannot be cast to P6OpaqueDelegateInstance
     1 todo   : got: $["B", "C"]
     1 todo   : got: $["C", "K"]
     1 todo   : got: $[]
     1 todo   : no 6model parametrics interning yet
S10-packages/use-with-class.t......................   9    0    0    0    9
                                                   pass fail todo skip plan
S11-compunit/compunit-dependencyspecification.t....   6    0    0    0    6
S11-compunit/compunit-repository.t.................   7    2    0    0    9
     1 tests aborted (missing ok/not ok)
S11-compunit/rt126904.rakudo.jvm...................   0    0    1    0    1
     1 todo   : Missing serialize function for REPR ContextRef
S11-modules/export.rakudo.jvm......................  34    0    2    5   41
     2 skipped: export issue
     3 skipped: export issue RT \#125086
     2 todo   : export issue RT \#125086
S11-modules/import-multi.rakudo.jvm................  14    0    2    1   17
     1 skipped: A symbol "&Gfoo" has already been exported RT \#125089
     1 todo   : huh?
     1 todo   : it just dies, can't check using throws-like
S11-modules/import-tag.t...........................  12    0    0    0   12
S11-modules/import.rakudo.jvm......................  13    0    0    4   17
     2 skipped: import plus inline module RT \#125087
     2 skipped: import plus inline module RT \#125088
S11-modules/importing.t............................  16    0    0    0   16
S11-modules/lexical.t..............................   2    0    0    0    2
S11-modules/module-file.t..........................   4    0    0    0    4
S11-modules/module.t...............................   8    0    0    0    8
S11-modules/need.t.................................   2    0    0    0    2
S11-modules/nested.rakudo.jvm......................   7    0    1    0    8
     1 todo   : got: $("GNUC",)
S11-modules/require.rakudo.jvm.....................  23    1    1    2   27
     1 skipped: Trying to import from 'InnerModule', but the following symbols are missing: quux RT \#118407
     1 skipped: import require at compile time RT \#127538
     1 todo   : creation of stub package symbol NYI RT \#125083
S11-repository/curli-install.t.....................  18    0    0    0   18
                                                   pass fail todo skip plan
S12-attributes/class.t.............................  23    0    0    0   23
S12-attributes/clone.t.............................  42    0    0    0   42
S12-attributes/defaults.t..........................  34    0    0    0   34
S12-attributes/delegation.t........................  65    0    0    0   65
S12-attributes/inheritance.t.......................   6    1    0    0    7
     1 tests aborted (missing ok/not ok)
S12-attributes/instance.rakudo.jvm.................  26  125    1    0  152
     1 todo   : ro on list attributes
   125 tests aborted (missing ok/not ok)
S12-attributes/mutators.rakudo.jvm.................   5    0    0    5   10
     5 skipped: RT \#126198
S12-attributes/native.t............................  45    0    0    0   45
S12-attributes/recursive.t.........................  23    0    0    0   23
S12-attributes/smiley.rakudo.jvm...................  39   10    5    0   54
     5 todo   : got '?.?' RT \#128031
S12-attributes/undeclared.t........................   3    8    0    0   11
     8 tests aborted (missing ok/not ok)
S12-class/anonymous.rakudo.jvm.....................  17    0    1    0   18
     1 todo   : Anonymous class stringification (?) RT \#125045
S12-class/attributes-required.t....................   5    0    0    0    5
S12-class/attributes.t.............................  36    0    0    0   36
S12-class/augment-supersede.rakudo.jvm.............   6    5    0    2   13
     2 skipped: redeclaration of symbol Bar RT \#125046
S12-class/basic.t..................................  43    0    0    0   43
S12-class/declaration-order.t......................   1    1    0    0    2
S12-class/extending-arrays.t.......................  11    0    0    0   11
S12-class/inheritance-class-methods.t..............   5    0    0    0    5
S12-class/inheritance.t............................  40    0    0    0   40
S12-class/instantiate.rakudo.jvm...................   6    0    1    0    7
     1 todo   : error reporting
S12-class/interface-consistency.t..................  10    0    0    0   10
S12-class/lexical.t................................  14    0    0    0   14
S12-class/literal.t................................   2    0    0    0    2
S12-class/magical-vars.t...........................  18    0    0    0   18
S12-class/mro.t....................................   4    0    0    0    4
S12-class/namespaced.t.............................  13    0    0    0   13
S12-class/open.t...................................   9    1    0    0   10
     1 tests aborted (missing ok/not ok)
S12-class/parent_attributes.rakudo.jvm.............   1    0    0    2    3
     2 skipped: initialization of parent attributes RT \#125129
S12-class/rw.t.....................................   5    0    0    0    5
S12-class/self-inheritance.t.......................   1    1    0    0    2
     1 tests aborted (missing ok/not ok)
S12-class/stubs.rakudo.jvm.........................   9    0    1    0   10
     1 todo   : nom regression RT \#125044
S12-class/type-object.t............................   6    0    0    0    6
S12-coercion/coercion-types.rakudo.jvm.............   5   15    1    0   21
     1 todo   : missing checks
    15 tests aborted (missing ok/not ok)
S12-construction/BUILD.rakudo.jvm..................  11    0    1    0   12
     1 todo   : method BUILD should warn RT \#124642
S12-construction/autopairs.t.......................   4    0    0    0    4
S12-construction/construction.t....................  18    0    0    0   18
S12-construction/destruction.rakudo.jvm............   2    0    4    0    6
     4 todo   : 
S12-construction/named-params-in-BUILD.t...........   3    0    0    0    3
S12-construction/new.rakudo.jvm....................  16    0    1    9   26
     9 skipped: parent attributes in initialization RT \#76490
     1 todo   : nested package handling does't quite get this one right
S12-enums/anonymous.t..............................  10    0    0    0   10
S12-enums/as-role.t................................   9    0    0    0    9
S12-enums/basic.rakudo.jvm.........................  33    0    0    5   38
     5 skipped: Cannot convert string to number RT \#124832
S12-enums/misc.t...................................  18    0    0    0   18
S12-enums/non-int.rakudo.jvm.......................   3    2    1    0    6
     1 todo   : NYI RT \#124833
     2 tests aborted (missing ok/not ok)
S12-enums/pseudo-functional.t......................  11    0    0    0   11
S12-enums/thorough.rakudo.jvm......................  13    2    1   43   59
    14 skipped: NYI RT \#124829
    15 skipped: does &day::("Tue") RT \#124831
    14 skipped: does day::Tue RT \#124830
     1 todo   : RT \#101900
     2 tests aborted (missing ok/not ok)
S12-introspection/WHAT.rakudo.jvm..................  32    0    3    2   37
     2 skipped: Foo[Int].new on scalars fails
     1 todo   : Foo[Int,Str].new on scalars fails
     2 todo   : Foo[Int].new on scalars fails
S12-introspection/attributes.rakudo.jvm............  25    0    0    5   30
     5 skipped: :tree NYI for .^attributes RT \#125014
S12-introspection/can.t............................  29    0    0    0   29
S12-introspection/definite.t.......................   7    0    0    0    7
S12-introspection/meta-class.t.....................  13    4    0    0   17
     4 tests aborted (missing ok/not ok)
S12-introspection/methods.rakudo.jvm...............  45    0    0   12   57
     8 skipped: nom regression RT \#125011
     2 skipped: nom regression RT \#125012
     2 skipped: nom regression RT \#125013
S12-introspection/parents.t........................  59    0    0    0   59
S12-introspection/roles.t..........................  15    0    0    0   15
S12-introspection/walk.t...........................  11    0    0    0   11
S12-meta/exporthow.rakudo.jvm......................   3    7    0    1   11
     1 skipped: RT \#126759
     7 tests aborted (missing ok/not ok)
S12-meta/grammarhow.t..............................   1    0    0    0    1
S12-meta/primitives.rakudo.jvm.....................  11    0    6    0   17
     6 todo   : RT \#123426
S12-methods/accessors.t............................   8    0    0    0    8
S12-methods/attribute-params.t.....................  14    2    0    0   16
     2 tests aborted (missing ok/not ok)
S12-methods/calling_sets.t.........................  38    0    0    0   38
S12-methods/calling_syntax.t.......................  11    0    0    0   11
S12-methods/chaining.t.............................  14    3    0    0   17
     3 tests aborted (missing ok/not ok)
S12-methods/class-and-instance.t...................   8    0    0    0    8
S12-methods/default-trait.t........................   6    0    0    0    6
S12-methods/defer-call.t...........................  20    0    0    0   20
S12-methods/defer-next.t...........................  23    0    0    0   23
S12-methods/delegation.t...........................   7    0    0    0    7
S12-methods/fallback.t.............................  13    0    0    0   13
S12-methods/how.t..................................   3    0    0    0    3
S12-methods/indirect_notation.rakudo.jvm...........  17    0    0   21   38
    15 skipped: .*, .+ and .? with @foo RT \#124845
     6 skipped: .@foo not yet working RT \#124844
S12-methods/instance.t.............................  39    0    0    0   39
S12-methods/lastcall.t.............................   7    0    0    0    7
S12-methods/lvalue.t...............................  16    0    0    0   16
S12-methods/method-vs-sub.t........................   5    0    0    0    5
S12-methods/multi.rakudo.jvm.......................  27    0    1    3   31
     3 skipped: unknown bug RT \#124848
     1 todo   : RT \#66006
S12-methods/parallel-dispatch.rakudo.jvm...........  33    0    4    0   37
     4 todo   : is-deeply does not think map results are the same as list on LHS
S12-methods/private.t..............................  10    3    0    0   13
S12-methods/qualified.t............................   2    0    0    0    2
S12-methods/submethods.rakudo.jvm..................  23    0    0    6   29
     2 skipped: outer lexicals in roles RT \#124850
     4 skipped: roles and submethods RT \#124851
S12-methods/syntax.rakudo.jvm......................  11    0    0    3   14
     3 skipped: switch-from-paren-to-listop form RT \#124852
S12-methods/topic.t................................   2    0    0    0    2
S12-methods/trusts.t...............................   3    1    0    0    4
     1 tests aborted (missing ok/not ok)
S12-methods/typed-attributes.t.....................   7    0    0    0    7
S12-methods/what.t.................................  33    0    0    0   33
S12-subset/multi-dispatch.t........................   6    0    0    0    6
S12-subset/subtypes.rakudo.jvm.....................  35   48    0    0   83
    48 tests aborted (missing ok/not ok)
                                                   pass fail todo skip plan
S13-overloading/metaoperators.t....................  11    0    0    0   11
S13-overloading/operators.t........................   6    0    0    0    6
S13-overloading/typecasting-long.t.................  32    0    0    0   32
S13-type-casting/methods.t.........................  13    0    0    0   13
                                                   pass fail todo skip plan
S14-roles/anonymous.t..............................  13    0    0    0   13
S14-roles/attributes.t.............................   7    0    0    0    7
S14-roles/basic.rakudo.jvm.........................  25   25    1    0   51
     1 todo   : Type check failed in assignment to $x; expected C but got Int
    25 tests aborted (missing ok/not ok)
S14-roles/bool.t...................................   3    0    0    0    3
S14-roles/composition.rakudo.jvm...................  32   15    0    2   49
     2 skipped: diamond composition RT \#124749
    14 tests aborted (missing ok/not ok)
S14-roles/conflicts.t..............................  11    0    0    0   11
S14-roles/crony.t..................................   4    0    0    0    4
S14-roles/instantiation.t..........................  19    0    0    0   19
S14-roles/lexical.t................................   9    0    0    0    9
S14-roles/mixin.rakudo.jvm.........................  26   24    1    0   51
     1 todo   : RT \#100782
    24 tests aborted (missing ok/not ok)
S14-roles/namespaced.t.............................   4    7    0    0   11
     7 tests aborted (missing ok/not ok)
S14-roles/parameter-subtyping.t....................  22    0    0    0   22
S14-roles/parameterized-basic.t....................  32    4    0    0   36
     4 tests aborted (missing ok/not ok)
S14-roles/parameterized-mixin.rakudo.jvm...........  26    0    4    0   30
     4 todo   : .does with parametric roles RT \#124746
S14-roles/parameterized-type.t.....................  32    0    0    0   32
S14-roles/stubs.t..................................  28    0    0    0   28
S14-roles/submethods.t.............................   4    0    0    0    4
S14-traits/attributes.t............................   8    0    0    0    8
S14-traits/routines.rakudo.jvm.....................  15    0    1    0   16
     1 todo   : trait mod / .wrap interaction
                                                   pass fail todo skip plan
S15-literals/identifiers.rakudo.jvm................   3    4    0    0    7
     4 tests aborted (missing ok/not ok)
S15-literals/numbers.rakudo.jvm....................   2   27    2   18   49
     7 skipped: Bogus term
     4 skipped: Confused
     7 skipped: is not a valid number
     2 todo   : X::Comp::Group, Argument to "say" seems to be malformed
    23 tests aborted (missing ok/not ok)
S15-string-types/NF-types.rakudo.jvm...............   0    0    0   10   10
     5 skipped: NFC type NYI RT \#124995
     5 skipped: NFD type NYI RT \#124996
S15-string-types/NFK-types.rakudo.jvm..............   0    0    0   10   10
     5 skipped: NFKC type NYI RT \#124989
     5 skipped: NFKD type NYI RT \#124990
S15-string-types/Str.rakudo.jvm....................   1    0    2    1    4
     1 skipped: :nfg adverb NYI RT \#124991
     1 todo   : NFG on JVM RT \#124992
     1 todo   : NFG on JVM RT \#124994
S15-unicode-information/uniname.rakudo.jvm.........   3   34    0    2   39
     2 skipped: Method 'NFC' not found for invocant of class 'Str' RT \#124500
    34 tests aborted (missing ok/not ok)
                                                   pass fail todo skip plan
S16-filehandles/argfiles.rakudo.jvm................  11    0    1    0   12
     1 todo   : RT \#123888
S16-filehandles/chmod.t............................  16    0    0    3   19
     3 skipped: :r :w :x can accidentally work with root permission
S16-filehandles/filestat.t.........................  10    0    0    0   10
S16-filehandles/filetest.rakudo.jvm................  34    0    0    9   43
     6 skipped: :M, :C, :A
     3 skipped: no file README
S16-filehandles/io.rakudo.jvm...................... 107    0    5    0  112
     1 todo   : Will fail due to above failure RT \#125082
     1 todo   : builtin JVM charset folds these RT \#124686
     1 todo   : java.nio.charset.UnmappableCharacterException RT \#125075
     1 todo   : will fail due to above failures RT \#125077
     1 todo   : will fail due to above failures RT \#125081
S16-filehandles/io_in_for_loops.t..................  32    0    0    0   32
S16-filehandles/io_in_while_loops.t................  17    0    0    0   17
S16-filehandles/misc.t.............................   2    0    0    0    2
S16-filehandles/mkdir_rmdir.t......................  14    0    0    0   14
S16-filehandles/mode.t.............................  15    0    0    0   15
S16-filehandles/open.t.............................   4    0    0    1    5
     1 skipped: open('nonexisting') => undefined is waiting on 'use fatal'
S16-filehandles/unlink.t...........................   3    0    0    0    3
S16-io/bare-say.t..................................   1    6    0    0    7
     6 tests aborted (missing ok/not ok)
S16-io/basic-open.rakudo.jvm.......................  11    0    1    0   12
     1 todo   : end of file flag is set too early
S16-io/bom.rakudo.jvm..............................   1    0    9    0   10
     9 todo   : UTF-8 BOM stripping RT \#124024
S16-io/comb.rakudo.jvm.............................  24    1    0    0   25
     1 tests aborted (missing ok/not ok)
S16-io/cwd.t.......................................   3    0    0    0    3
S16-io/eof.t.......................................   1    0    0    1    2
     1 skipped: Don't test reading /proc file if not in Linux
S16-io/getc.t......................................   2    0    0    0    2
S16-io/handles-between-threads.t...................   8    0    0    0    8
S16-io/lines.rakudo.jvm............................ 296    0   48  120  464
   120 skipped: test will be run below with fine grained fudging
    48 todo   : :nl-in and :chomp not working yet
S16-io/newline.t...................................   6    0    0    0    6
S16-io/note.t......................................   5    0    0    0    5
S16-io/print.t.....................................  13    0    0    0   13
S16-io/quoting-syntax.rakudo.jvm...................   0    0    0   11   11
     1 skipped: Unsupported use of /s RT \#124675
     4 skipped: two terms in a row / unrecognized adverb RT \#124672
     2 skipped: two terms in a row RT \#124674
     4 skipped: undeclared routine / urecognized adverb RT \#124673
S16-io/say-and-ref.t...............................   3    0    0    0    3
S16-io/say.t.......................................   5    0    0    0    5
S16-io/split.t.....................................  18    0    0    0   18
S16-io/supply.rakudo.jvm...........................   3    0    4    0    7
     2 todo   : RT \#128041
     2 todo   : got: $["ab", "cd", "e"]
S16-io/tmpdir.t....................................   3    0    0    0    3
S16-io/words.t.....................................   9    0    0    0    9
S16-unfiled/rebindstdhandles.rakudo.jvm............   0    0    0    2    2
     1 skipped: contextual rebinding regression RT \#125041
     1 skipped: contextual rebinding regression RT \#125042
                                                   pass fail todo skip plan
S17-channel/basic.t................................  17    0    0    0   17
S17-lowlevel/lock.t................................  23    0    0    0   23
S17-lowlevel/semaphore.t...........................   2    0    0    0    2
S17-lowlevel/thread-start-join-stress.t............   1    0    0    0    1
S17-lowlevel/thread.t..............................  25    0    0    0   25
S17-promise/allof.t................................  13    0    0    0   13
S17-promise/anyof.t................................  10    0    0    0   10
S17-promise/at.t...................................   3    0    0    0    3
S17-promise/basic.t................................  27    0    0    0   27
S17-promise/in.t...................................   3    0    0    0    3
S17-promise/start.t................................  18   29    0    0   47
    29 tests aborted (missing ok/not ok)
S17-promise/stress.t...............................   1    0    0    0    1
S17-promise/then.t.................................  14    0    0    0   14
S17-scheduler/at.t.................................  15    0    0    0   15
S17-scheduler/basic.rakudo.jvm.....................  24    0    0   10   34
     3 skipped: waiting for new '.loads' semantics RT \#124774
     2 skipped: waiting for new '.loads' semantics RT \#124775
     3 skipped: waiting for new '.loads' semantics RT \#124776
     2 skipped: waiting for new '.loads' semantics RT \#124777
S17-scheduler/every.t..............................  20    0    0    0   20
S17-scheduler/in.t.................................  14    0    0    0   14
S17-scheduler/times.t..............................   4    0    0    0    4
S17-supply/Channel.rakudo.jvm......................  12    0    0    2   14
     2 skipped: hangs (sometimes) RT \#127947
S17-supply/Promise.t...............................  13    0    0    0   13
S17-supply/act.t...................................   9    0    0    0    9
S17-supply/basic.t.................................  90    0    0    0   90
S17-supply/batch.t.................................   1   10    0    0   11
    10 tests aborted (missing ok/not ok)
S17-supply/categorize.t............................  63    0    0    0   63
S17-supply/classify.t..............................  33    0    0    0   33
S17-supply/delayed.rakudo.jvm......................   5    0    0    8   13
     4 skipped: doesn't work or can't test RT \#124826
     4 skipped: doesn't work or can't test RT \#124827
S17-supply/do.t....................................   1    4    0    0    5
     4 tests aborted (missing ok/not ok)
S17-supply/elems.t.................................   1    4    0    0    5
     4 tests aborted (missing ok/not ok)
S17-supply/flat.t..................................   1   16    0    0   17
    16 tests aborted (missing ok/not ok)
S17-supply/from-list.t.............................  13    0    0    0   13
S17-supply/grab.t..................................   1    4    0    0    5
     4 tests aborted (missing ok/not ok)
S17-supply/grep.t..................................   9    0    0    0    9
S17-supply/head.t..................................   2    6    0    0    8
     6 tests aborted (missing ok/not ok)
S17-supply/interval.t..............................   1    6    0    0    7
     6 tests aborted (missing ok/not ok)
S17-supply/lines.rakudo.jvm........................   1   22    0    0   23
    22 tests aborted (missing ok/not ok)
S17-supply/list.t..................................   5    0    0    0    5
S17-supply/map.t...................................   7    0    0    0    7
S17-supply/max.t...................................   2    8    0    0   10
     8 tests aborted (missing ok/not ok)
S17-supply/merge.t.................................   0   10    0    0   10
    10 tests aborted (missing ok/not ok)
S17-supply/migrate.t...............................  13    0    0    0   13
S17-supply/min.t...................................   2    8    0    0   10
     8 tests aborted (missing ok/not ok)
S17-supply/minmax.t................................   2    8    0    0   10
     8 tests aborted (missing ok/not ok)
S17-supply/on-demand.t.............................   7    0    0    0    7
S17-supply/produce.t...............................   2    8    0    0   10
     8 tests aborted (missing ok/not ok)
S17-supply/reduce.t................................   2    8    0    0   10
     8 tests aborted (missing ok/not ok)
S17-supply/reverse.t...............................   1    2    0    0    3
     2 tests aborted (missing ok/not ok)
S17-supply/rotor.rakudo.jvm........................   1   30    1    0   32
     1 todo   : only deprecated so far RT \#124823
    30 tests aborted (missing ok/not ok)
S17-supply/schedule-on.t...........................   5    0    0    0    5
S17-supply/sort.t..................................   1    6    0    0    7
     6 tests aborted (missing ok/not ok)
S17-supply/squish.t................................   1   14    0    0   15
    14 tests aborted (missing ok/not ok)
S17-supply/stable.rakudo.jvm.......................   5    0    0    2    7
     2 skipped: doesn't work or can't test RT \#124822
S17-supply/start.t.................................   8    0    0    0    8
S17-supply/syntax.t................................  52    8    0    0   60
     8 tests aborted (missing ok/not ok)
S17-supply/tail.t..................................   2    6    0    0    8
     6 tests aborted (missing ok/not ok)
S17-supply/throttle.t..............................  17    0    0    0   17
S17-supply/unique.t................................   1   16    0    0   17
    16 tests aborted (missing ok/not ok)
S17-supply/wait.t..................................   4    0    0    0    4
S17-supply/watch-path.rakudo.jvm...................   2    0    0    0    2
S17-supply/words.t.................................   1    4    0    0    5
     4 tests aborted (missing ok/not ok)
S17-supply/zip-latest.t............................   0   12    0    0   12
    12 tests aborted (missing ok/not ok)
S17-supply/zip.t...................................   0   10    0    0   10
    10 tests aborted (missing ok/not ok)
                                                   pass fail todo skip plan
S19-command-line-options/02-dash-n.t...............   3    0    0    0    3
S19-command-line-options/03-dash-p.t...............   2    0    0    0    2
S19-command-line-options/04-negation.rakudo.jvm....   0    0    3    0    3
     3 todo   : 
S19-command-line-options/05-delimited-options.rak..   0    0    1    0    1
     1 todo   : delimited options NYI RT \#125020
S19-command-line-options/06-dash-rxtrace.t.........   1    0    0    0    1
S19-command-line/arguments.t.......................   3    0    0    0    3
S19-command-line/dash-e.t..........................   4    0    0    0    4
S19-command-line/help.t............................   1    0    0    0    1
S19-command-line/repl.rakudo.jvm...................   9    0    0    1   10
     1 skipped: Proc::Async NYI
                                                   pass fail todo skip plan
S22-package-format/local.rakudo.jvm................  18    0    0    1   19
     1 skipped: cannot do signals in JVM RT \#124628
                                                   pass fail todo skip plan
S24-testing/0-compile.t............................   1    0    0    0    1
S24-testing/3-output.t.............................   4    0    0    0    4
S24-testing/7-bail_out.t...........................   3    0    0    0    3
S24-testing/8-die_on_fail.t........................   5    0    0    0    5
S24-testing/line-numbers.t.........................  13    0    0    0   13
                                                   pass fail todo skip plan
S26-documentation/01-delimited.t...................  40    0    0    0   40
S26-documentation/02-paragraph.t...................  27    0    0    0   27
S26-documentation/03-abbreviated.t.................  30    0    0    0   30
S26-documentation/04-code.t........................  50    0    0    0   50
S26-documentation/05-comment.t.....................   9    0    0    0    9
S26-documentation/06-lists.t.......................  39    0    0    0   39
S26-documentation/07-tables.t......................  38    0    0   13   51
    13 skipped: issue \#128221 not yet fixed
S26-documentation/08-formattingcodes.t.............  45    0    0    0   45
S26-documentation/09-configuration.rakudo.jvm......  17    0    1    0   18
     1 todo   : non-string colonpair pod options RT \#124281
S26-documentation/10-doc-cli.t.....................   2    0    0    0    2
S26-documentation/block-leading.t.................. 320    0    0   14  334
     7 skipped: declaration comments are NYI on constants
     7 skipped: declaration comments are NYI on variables
S26-documentation/block-trailing.t................. 313    0    0   14  327
     7 skipped: declaration comments are NYI on constants
     7 skipped: declaration comments are NYI on variables
S26-documentation/module-comment.t.................   1    0    0    0    1
S26-documentation/multiline-leading.t..............   4    0    0    0    4
S26-documentation/multiline-trailing.t.............   2    0    0    0    2
S26-documentation/wacky.t..........................  24    0    4    2   30
     1 skipped: interleaved trailing WIP
     1 skipped: supersede NYI
     1 todo   : being picky about attaching of declarative comments NYI
     1 todo   : comment betwixt signature and block WIP
     2 todo   : two attrs on a line WIP
S26-documentation/why-both.t....................... 277    0    0   14  291
     7 skipped: declaration comments are NYI on constants
     7 skipped: declaration comments are NYI on variables
S26-documentation/why-leading.t.................... 341    0    0   14  355
     7 skipped: declaration comments are NYI on constants
     7 skipped: declaration comments are NYI on variables
S26-documentation/why-trailing.t................... 334    0    0   14  348
     7 skipped: declaration comments are NYI on constants
     7 skipped: declaration comments are NYI on variables
                                                   pass fail todo skip plan
S28-named-variables/cwd.t..........................   2    0    0    0    2
                                                   pass fail todo skip plan
S29-any/cmp.t......................................   6    0    0    0    6
S29-any/isa.t......................................  10    0    0    0   10
S29-context/die.rakudo.jvm.........................  16    0    1    0   17
     1 todo   : RT \#67374
S29-context/eval.rakudo.jvm........................  22    0    0    2   24
     2 skipped: EVAL(Buf) RT \#122256
S29-context/evalfile.t.............................   2    0    0    0    2
S29-context/exit-in-if.t...........................   1    0    0    0    1
S29-context/exit.t.................................   3    0    0    0    3
S29-context/sleep.t................................  22    0    0    0   22
S29-conversions/hash.t.............................   8    0    0    0    8
S29-conversions/ord_and_chr.rakudo.jvm............. 254    0    2    1  257
     1 skipped: high character name lookup RT \#124838
     1 todo   : NFG on JVM
     1 todo   : chr surrogate RT \#124834
S29-os/system.rakudo.jvm...........................  15   16    0    0   31
    16 tests aborted (missing ok/not ok)
                                                   pass fail todo skip plan
S32-array/adverbs.t................................  21  585    0    0  606
   585 tests aborted (missing ok/not ok)
S32-array/bool.t...................................  15    0    0    0   15
S32-array/create.t.................................   5    1    0    0    6
     1 tests aborted (missing ok/not ok)
S32-array/delete-adverb-native.t................... 138    0    0    0  138
S32-array/delete-adverb.t.......................... 218    0    0    0  218
S32-array/delete.rakudo.jvm........................  31    0    1    0   32
     1 todo   : NullPointerException RT \#128320
S32-array/elems.t..................................  11    0    0    0   11
S32-array/end.t....................................  12    0    0    0   12
S32-array/exists-adverb.t..........................  52    0    0    0   52
S32-array/keys_values.t............................   8    0    0    0    8
S32-array/kv.t.....................................  18    0    0    0   18
S32-array/pairs.t..................................  14    0    0    0   14
S32-array/perl.t...................................   6    0    0    0    6
S32-array/pop.rakudo.jvm...........................  30    7    0    0   37
     7 tests aborted (missing ok/not ok)
S32-array/push.t...................................  42   10    0    0   52
    10 tests aborted (missing ok/not ok)
S32-array/rotate.t.................................  29    0    0    0   29
S32-array/shift.t..................................  28    5    0    0   33
     5 tests aborted (missing ok/not ok)
S32-array/splice.rakudo.jvm........................  34  304    0    0  338
   304 tests aborted (missing ok/not ok)
S32-array/unshift.t................................  71    5    0    0   76
     5 tests aborted (missing ok/not ok)
S32-basics/warn.t..................................   7    0    0    0    7
S32-basics/xxKEY.rakudo.jvm........................ 125    0    4    0  129
     2 todo   : binding to a key in an undefine doesn't work?
     2 todo   : still mentions "value" instead of "Int"
S32-basics/xxPOS.rakudo.jvm........................  55    0    0    5   60
     5 skipped: No such method 'BIND-POS' for invocant of type 'Any' RT \#124766
S32-container/cat.rakudo.jvm.......................   0    0    0    6    6
     6 skipped: cat NYI RT \#124456
S32-container/roundrobin.t.........................   6    0    0    0    6
S32-container/stringify.t..........................  16    0    0    0   16
S32-container/zip.rakudo.jvm.......................  12    0    0    2   14
     2 skipped: lvalue zip RT \#124907
S32-exceptions/misc.rakudo.jvm.....................   2  407    0    0  409
   407 tests aborted (missing ok/not ok)
S32-hash/adverbs.t.................................  23 1105    0    0 1128
   1105 tests aborted (missing ok/not ok)
S32-hash/antipairs.t...............................   5    0    0    0    5
S32-hash/delete-adverb.t........................... 131    0    0    0  131
S32-hash/delete.t..................................   8    0    0    0    8
S32-hash/exists-adverb.t...........................  48    0    0    0   48
S32-hash/exists.rakudo.jvm.........................  14    0    0    1   15
     1 skipped: unspecced
S32-hash/invert.t..................................   5    0    0    0    5
S32-hash/keys_values.t.............................  14    0    0    0   14
S32-hash/kv.t......................................  27    0    0    0   27
S32-hash/map.t.....................................   3    0    0    0    3
S32-hash/pairs.t...................................  25    0    0    0   25
S32-hash/perl.t....................................  12    0    0    0   12
S32-hash/push.t....................................  10    0    0    0   10
S32-hash/slice.rakudo.jvm..........................  21    0   10    0   31
     6 todo   : binding on hash elements unimplemented
     2 todo   : binding on hash elements unimplemented RT \#124779
     2 todo   : binding on hash elements unimplemented RT \#124780
S32-io/IO-Socket-Async.rakudo.jvm..................   4    6    0    0   10
     6 tests aborted (missing ok/not ok)
S32-io/IO-Socket-INET.t............................   0    0    0   50   50
    50 skipped: Operating system not yet supported
S32-io/chdir.rakudo.jvm............................   8    0    0    2   10
     2 skipped: spec non-conformance due to missing sink context
S32-io/copy.t......................................  41    0    0    0   41
S32-io/dir.rakudo.jvm..............................  10    0    3    1   14
     1 skipped: entries are still IO::Path RT \#124785
     1 todo   : $*CWD misses slash at end still RT \#124787
     1 todo   : directories are not marked with trailing / yet RT \#124784
     1 todo   : dirname is not yet absolute RT \#124786
S32-io/file-tests.t................................  34    0    0    0   34
S32-io/io-handle.rakudo.jvm........................   2    0    1    0    3
     1 todo   : RT \#123888
S32-io/io-path-cygwin.rakudo.jvm...................  36   14    1    0   51
     1 todo   : resolve NYI, needs nqp::readlink RT \#124781
    14 tests aborted (missing ok/not ok)
S32-io/io-path-unix.rakudo.jvm.....................  22   13    1    0   36
     1 todo   : resolve NYI, needs nqp::readlink RT \#124782
    13 tests aborted (missing ok/not ok)
S32-io/io-path-win.rakudo.jvm......................  36   13    1    0   50
     1 todo   : resolve NYI, needs nqp::readlink RT \#124783
    13 tests aborted (missing ok/not ok)
S32-io/io-path.t...................................  18    0    0    0   18
S32-io/io-spec-cygwin.t............................ 100    0    0    2  102
     2 skipped: cygwin on-platform tests
S32-io/io-spec-unix.t.............................. 130    0    0    0  130
S32-io/io-spec-win.t............................... 206    0    0    3  209
     3 skipped: Win32ish on-platform tests
S32-io/move.t......................................  29    0    0    0   29
S32-io/note.t......................................   6    0    0    0    6
S32-io/open.rakudo.jvm.............................   1   26    0    0   27
    26 tests aborted (missing ok/not ok)
S32-io/other.t.....................................  60    0    0    0   60
S32-io/pipe.t......................................  14    0    0    0   14
S32-io/rename.t....................................  29    0    0    0   29
S32-io/slurp.t.....................................  17    0    0    0   17
S32-io/socket-accept-and-working-threads.t.........  10    0    0    0   10
S32-io/socket-recv-vs-read.t.......................   0   11    0    0   11
    11 tests aborted (missing ok/not ok)
S32-io/spurt.t.....................................  36    0    0    0   36
S32-list/categorize.t..............................  28    0    0    0   28
S32-list/classify.rakudo.jvm.......................  37    0    1    3   41
     3 skipped: Cannot use bind operator with this LHS RT \#124751
     1 todo   : Not sure how this should be fixed
S32-list/combinations.rakudo.jvm...................  12    0    0    1   13
     1 skipped: weird error related to previous tests RT \#128123
S32-list/create.t..................................   6    0    0    0    6
S32-list/end.t.....................................  14    0    0    0   14
S32-list/first-end-k.rakudo.jvm....................  24    0    0    2   26
     2 skipped: adverbial block RT \#124754
S32-list/first-end-kv.t............................  24    0    0    0   24
S32-list/first-end-p.t.............................  24    0    0    0   24
S32-list/first-end-v.t.............................  24    0    0    0   24
S32-list/first-end.t...............................  24    0    0    0   24
S32-list/first-k.rakudo.jvm........................  23    0    0    2   25
     2 skipped: adverbial block RT \#124758
S32-list/first-kv.t................................  24    0    0    0   24
S32-list/first-p.t.................................  24    0    0    0   24
S32-list/first-v.t.................................  24    0    0    0   24
S32-list/first.rakudo.jvm..........................  26    0    0    2   28
     2 skipped: adverbial block RT \#124765
S32-list/grep-k.rakudo.jvm.........................  20    2    6   12   40
     6 skipped: adverbial block RT \#124759
     6 skipped: adverbial block RT \#124760
     6 todo   : closure as non-final argument RT \#124761
S32-list/grep-kv.t.................................  15    2    0    0   17
S32-list/grep-p.t..................................  15    2    0    0   17
S32-list/grep-v.t..................................  15    2    0    0   17
S32-list/grep.rakudo.jvm...........................  24    5    0   12   41
     6 skipped: adverbial block RT \#124755
     6 skipped: adverbial block RT \#124756
     5 tests aborted (missing ok/not ok)
S32-list/head.t....................................  24    0    0    0   24
S32-list/join.t....................................  38    0    0    0   38
S32-list/map.rakudo.jvm............................  52    0    0    6   58
     1 skipped: Too few positionals passed; expected 3 arguments but got 1; RT \#125146
     1 skipped: Too few positionals passed; expected 5 arguments but got 4; RT \#125146
     2 skipped: adverbial block RT \#124752
     2 skipped: closure as non-final argument RT \#124753
S32-list/map_function_return_values.t..............   2    0    0    0    2
S32-list/minmax.rakudo.jvm.........................  99    0    0    2  101
     2 skipped: post-GLR
S32-list/permutations.t............................   9    0    0    0    9
S32-list/pick.t....................................  57    0    0    0   57
S32-list/produce.t.................................  25    0    0    0   25
S32-list/reduce.t..................................  15    0    0    0   15
S32-list/repeated.rakudo.jvm.......................  37    0    0    1   38
     1 skipped: This Seq has already been iterated, RT \#128720
S32-list/reverse.rakudo.jvm........................  18    0    1    0   19
     1 todo   : RT \#77914
S32-list/roll.t....................................  51    0    0    0   51
S32-list/rotor.rakudo.jvm..........................   5    3    0    3   11
     3 skipped: UnwindException RT \#124279
     3 tests aborted (missing ok/not ok)
S32-list/seq.rakudo.jvm............................  30    4    1    0   35
     1 todo   : Cannot assign immutable
     4 tests aborted (missing ok/not ok)
S32-list/sort.t....................................  33    0    0    0   33
S32-list/squish.rakudo.jvm.........................  61    0    1    0   62
     1 todo   : fails due to above failure
S32-list/tail.t....................................  24    0    0    0   24
S32-list/unique.rakudo.jvm.........................  37    0    0    1   38
     1 skipped: This Seq has already been iterated, RT \#128720
S32-num/abs.t......................................  49    0    0    0   49
S32-num/base.t.....................................  44    0    0    0   44
S32-num/complex.t..................................  10  502    0    0  512
   502 tests aborted (missing ok/not ok)
S32-num/cool-num.rakudo.jvm........................  39    0    0    4   43
     4 skipped: angle conversion RT \#124816
S32-num/exp.t......................................  72    0    0    0   72
S32-num/expmod.t................................... 117    0    0    0  117
S32-num/fatrat.rakudo.jvm.......................... 279    0    1    2  282
     2 skipped: FatRat arith + type objects RT \#124814
     1 todo   : unknown RT \#124815
S32-num/int.rakudo.jvm.............................  82   24    1    0  107
     1 todo   : Inf and NaN NYI for Int RT \#124818
    24 tests aborted (missing ok/not ok)
S32-num/is-prime.t.................................  39    0    0    0   39
S32-num/log.rakudo.jvm.............................  28    0    1    0   29
     1 todo   : HugeInt.log RT \#124821
S32-num/narrow.t...................................  17    0    0    0   17
S32-num/pi.t.......................................   1    7    0    0    8
     6 tests aborted (missing ok/not ok)
S32-num/polar.t....................................  48    0    0    0   48
S32-num/polymod.t..................................   9    0    0    0    9
S32-num/power.rakudo.jvm...........................  28   43    5    0   76
     3 todo   : big exponents RT \#127493
     2 todo   : wrong results for "NaN" used with "**" RT \#124800
    43 tests aborted (missing ok/not ok)
S32-num/rand.rakudo.jvm............................ 111    1    0    1  113
     1 skipped: Test is too slow; srand call incorrect RT \#124812
     1 tests aborted (missing ok/not ok)
S32-num/rat.rakudo.jvm............................. 829    0    0    3  832
     1 skipped: RT \#74648
     2 skipped: java.lang.ArithmeticException: BigInteger divide by zero RT \#128264
S32-num/real-bridge.t.............................. 200    0    0    0  200
S32-num/roots.t....................................  55    0    0    0   55
S32-num/rounders.rakudo.jvm........................ 133    0    1    0  134
     1 todo   : nigh
S32-num/rshift_pos_amount.t........................ 189    0    0    0  189
S32-num/sign.t.....................................  35    0    0    0   35
S32-num/sqrt.t.....................................  18    0    0    0   18
S32-num/stringify.rakudo.jvm....................... 108    0    0    4  112
     4 skipped: big stuff RT \#124796
S32-num/unpolar.t.................................. 199    0    0    0  199
S32-scalar/defined.rakudo.jvm......................  55    0    1    0   56
     1 todo   : got (Int) instead of (Bool)
S32-scalar/perl.rakudo.jvm.........................   5    0    2    0    7
     2 todo   : cannot roundtrip constrained scalars yet
S32-scalar/undef.rakudo.jvm........................  73    0    2   16   91
    10 skipped: Cannot use bind operator with this left-hand side RT \#124566
     6 skipped: access to &your_sub RT \#124565
     1 todo   : definedness of array RT \#124563
     1 todo   : definedness of hash RT \#124564
S32-str/append.t...................................   7    0    0    0    7
S32-str/bool.t.....................................  12    0    0    0   12
S32-str/capitalize.rakudo.jvm......................  15    0    2    0   17
     2 todo   : NFG on JVM RT \#124741
S32-str/chomp.rakudo.jvm...........................  32    0    7    0   39
     7 todo   : \r\n not yet handled as grapheme
S32-str/chop.t.....................................  36    0    0    0   36
S32-str/comb.rakudo.jvm............................  64    0    2   12   78
     5 skipped: UnwindException
     1 skipped: cannot call match, no signature matches RT \#124738
     6 skipped: weird error, looks like wrong multi is used, RT \#128580
     2 todo   : NFG on JVM RT \#124737
S32-str/contains.t.................................  20    0    0    0   20
S32-str/encode.rakudo.jvm..........................  25    0    7   12   44
     5 skipped: Only moar handles this
     1 skipped: We do not handle NDF yet RT \#124687
     6 skipped: uft8-c8 NIY
     2 todo   : JVM builtin code folds these RT \#124686
     1 todo   : RT\#107204 should say line and column
     1 todo   : RT\#107204 should say line and column or mention term(ination)
     2 todo   : builtin JVM cp1252 code folds these RT \#124686
     1 todo   : uft-16
S32-str/ends-with.t................................   8    0    0    0    8
S32-str/flip.rakudo.jvm............................  11    0    2    0   13
     2 todo   : NFG on JVM RT \#124682
S32-str/indent.t...................................  62    0    0    0   62
S32-str/index.t....................................  46    0    0    0   46
S32-str/indices.t..................................  24    0    0    0   24
S32-str/lc.t.......................................  18    0    0    0   18
S32-str/length.rakudo.jvm..........................  27    1    1    0   29
     1 todo   : .codes weirdness on JVM, possibly NYI? RT \#124742
     1 tests aborted (missing ok/not ok)
S32-str/lines.rakudo.jvm...........................  38    0   10    0   48
    10 todo   : \r\n not yet handled as grapheme
S32-str/numeric.rakudo.jvm......................... 167    0    5    0  172
     5 todo   : Unsure of what val() should accept
S32-str/ords.t.....................................   8    0    0    0    8
S32-str/pack.t.....................................  14    0    0    0   14
S32-str/pos.t......................................   2    0    0    0    2
S32-str/rindex.t...................................  45    0    0    0   45
S32-str/samecase.t.................................   8    0    0    0    8
S32-str/samemark.rakudo.jvm........................   0    0    0    9    9
     9 skipped: samemark NYI
S32-str/split-simple.rakudo.jvm....................  15   14    0    1   30
     1 skipped: UnwindException RT \#124279
    14 tests aborted (missing ok/not ok)
S32-str/split.rakudo.jvm...........................  26    0    0   33   59
     1 skipped: No such method null for invocant of type Cursor RT \#124685
    32 skipped: UnwindException RT \#124279
S32-str/sprintf-b.rakudo.jvm.......................  68    0   90    7  165
     1 skipped: "%+ 010b" dies with "unsupported use of %+ variable;" RT \#124718
     1 skipped: "%+ 10b" dies with "Unsupported use of %+ variable;" RT \#124710
     1 skipped: "%+ \#10b" dies with "unsupported use of %+ variable;" RT \#124727
     1 skipped: "%- +10b" dies with "unsupported use of %- variable;" RT \#124722
     1 skipped: "%- 10b" dies with "Unsupported use of %- variable;" RT \#124707
     1 skipped: "%- 10b" dies with "unsupported use of %- variable;" RT \#124715
     1 skipped: "%- \#10b" dies with "unsupported use of %- variable;" RT \#124725
     2 todo   : "%b" with flag "hash" and negative argument not correct RT \#124698
     2 todo   : "%b" with flag "plus" not correct RT \#124696
     1 todo   : "%b" with flag "space" not correct RT \#124697
     5 todo   : "%b" with flags "hash" and "plus" not correct RT \#124711
     3 todo   : "%b" with flags "hash" and "space" not correct RT \#124712
     2 todo   : "%b" with flags "minus" and "hash" and negative argument not correct RT \#124708
     2 todo   : "%b" with flags "minus" and "plus" and positiv argument not correct RT \#124705
     2 todo   : "%b" with flags "minus" and "space" and positiv argument not correct RT \#124706
     4 todo   : "%b" with flags "minus", "plus" and "hash" not correct RT \#124723
     2 todo   : "%b" with flags "minus", "plus" and "space" and positive argument not correct RT \#124721
     4 todo   : "%b" with flags "minus", "plus", "space" and "hash" not correct RT \#124732
     4 todo   : "%b" with flags "minus", "space" and "hash" not correct RT \#124724
     2 todo   : "%b" with flags "plus" and "space" and positive argument not correct RT \#124709
     4 todo   : "%b" with flags "plus", "space" and "hash" not correct RT \#124726
     1 todo   : "%b" with flags "zero" and "hash" not correct RT \#124703
     3 todo   : "%b" with flags "zero" and "hash" not correct RT \#124704
     3 todo   : "%b" with flags "zero" and "plus" not correct RT \#124699
     1 todo   : "%b" with flags "zero" and "plus" not correct RT \#124700
     3 todo   : "%b" with flags "zero" and "space" not correct RT \#124701
     1 todo   : "%b" with flags "zero" and "space" not correct RT \#124702
     2 todo   : "%b" with flags "zero", "minus" and "hash" not correct RT \#124716
     2 todo   : "%b" with flags "zero", "minus" and "plus" not correct RT \#124713
     2 todo   : "%b" with flags "zero", "minus" and "space" not correct RT \#124714
     4 todo   : "%b" with flags "zero", "minus", "plus" and "hash" not correct RT \#124729
     2 todo   : "%b" with flags "zero", "minus", "plus" and "space" not correct RT \#124728
     4 todo   : "%b" with flags "zero", "minus", "plus", "space" and "hash" not correct RT \#124733
     4 todo   : "%b" with flags "zero", "minus", "space" and "hash" not correct RT \#124730
     4 todo   : "%b" with flags "zero", "plus" and "hash" not correct RT \#124719
     3 todo   : "%b" with flags "zero", "plus" and "space" not correct RT \#124717
     4 todo   : "%b" with flags "zero", "plus", "space" and "hash" not correct RT \#124731
     4 todo   : "%b" with flags "zero", "space" and "hash" not correct RT \#124720
     1 todo   : "%b" with precision and negative argument not correct RT \#124734
     1 todo   : "%b" with precision and negative argument not correct RT \#124735
     1 todo   : "%b" with precision and negative argument not correct RT \#124736
     1 todo   : RT \#123979
S32-str/sprintf.t.................................. 159    0    0    0  159
S32-str/starts-with.t..............................   8    0    0    0    8
S32-str/substr-eq.t................................  12    0    0    0   12
S32-str/substr-rw.rakudo.jvm.......................  32    0    8    0   40
     8 todo   : NYI
S32-str/substr.rakudo.jvm..........................  56    0    1    2   59
     2 skipped: java.nio.charset.MalformedInputException RT \#124692
     1 todo   : codepoints greater than 0xFFFF RT \#124692
S32-str/tc.rakudo.jvm..............................   6    0    3    0    9
     2 todo   : RT \#124683
     1 todo   : tc works on codepoints greater than 0xffff RT \#124684
S32-str/tclc.rakudo.jvm............................   5    0    1    0    6
     1 todo   : RT \#121377
S32-str/trim.t.....................................  36    0    0    0   36
S32-str/uc.rakudo.jvm..............................  18    0    1    0   19
     1 todo   : got 3
S32-str/unpack.t...................................  24    0    0    0   24
S32-str/words.rakudo.jvm...........................  14    0    2    0   16
     2 todo   : NFG on JVM RT \#124739
S32-temporal/Date.t................................ 101    0    0    0  101
S32-temporal/DateTime-Instant-Duration.t...........  55    0    0    0   55
S32-temporal/DateTime.t............................ 269    0    0    0  269
S32-temporal/calendar.t............................ 130    0    0    0  130
S32-temporal/local.rakudo.jvm......................  16    0    9    0   25
     9 todo   : RT \#122702
S32-trig/atan2.t................................... 115    0    0    0  115
S32-trig/cos.t..................................... 154    0    0    0  154
S32-trig/cosec.t................................... 114    0    0    0  114
S32-trig/cosech.t.................................. 146    0    0    0  146
S32-trig/cosh.t.................................... 138    0    0    0  138
S32-trig/cotan.t................................... 114    0    0    0  114
S32-trig/cotanh.t.................................. 146    0    0    0  146
S32-trig/e.t.......................................   5    0    0    0    5
S32-trig/pi.t......................................   3    0    0    0    3
S32-trig/sec.t..................................... 114    0    0    0  114
S32-trig/sech.t.................................... 154    0    0    0  154
S32-trig/simple.t..................................  12    0    0    0   12
S32-trig/sin.t..................................... 154    0    0    0  154
S32-trig/sinh.t.................................... 138    0    0    0  138
S32-trig/tan.t..................................... 138    0    0    0  138
S32-trig/tanh.t.................................... 154    0    0    0  154
                                                   pass fail todo skip plan
integration/99problems-01-to-10.t..................  22    0    0    0   22
integration/99problems-11-to-20.t..................  25    0    0    0   25
integration/99problems-21-to-30.t..................  15    0    0    0   15
integration/99problems-31-to-40.t..................  66    0    0    1   67
     1 skipped: No Benchmark module yet
integration/99problems-41-to-50.t..................  13    0    0    0   13
integration/99problems-51-to-60.t..................  35    0    0    2   37
     1 skipped: Test(s) not yet written: (**) Construct height-balanced binary trees with a given number of nodes
     1 skipped: Test(s) not yet written: (**) Generate-and-test paradigm
integration/99problems-61-to-70.t..................   9    0    0    6   15
     1 skipped: Test(s) not yet written: (**) A string representation of binary trees
     1 skipped: Test(s) not yet written: (**) Construct a complete binary tree
     1 skipped: Test(s) not yet written: (**) Dotstring representation of binary trees
     1 skipped: Test(s) not yet written: (**) Preorder and inorder sequences of binary trees
     1 skipped: Test(s) not yet written: (**) Tree construction from a node string
     1 skipped: Test(s) not yet written: (***) Layout a binary tree (3)
integration/advent2009-day01.t.....................   2    0    0    0    2
integration/advent2009-day02.t.....................  10    0    0    0   10
integration/advent2009-day03.t.....................   6    0    0    0    6
integration/advent2009-day04.t.....................   6    0    0    0    6
integration/advent2009-day05.t.....................  17    0    0    0   17
integration/advent2009-day06.t.....................  15    0    0    0   15
integration/advent2009-day07.t.....................  14    0    0    0   14
integration/advent2009-day08.t.....................   8    0    0    0    8
integration/advent2009-day09.t.....................  17    0    0    0   17
integration/advent2009-day10.t.....................   5    0    0    0    5
integration/advent2009-day11.t.....................   6    0    0    0    6
integration/advent2009-day12.t.....................   9    0    0    0    9
integration/advent2009-day13.t.....................  16    0    0    0   16
integration/advent2009-day14.t.....................  21    0    0    0   21
integration/advent2009-day15.t.....................   4    0    0    0    4
integration/advent2009-day16.t.....................  11    0    0    0   11
integration/advent2009-day17.t.....................  62    0    0    0   62
integration/advent2009-day18.t.....................   7    0    0    0    7
integration/advent2009-day19.t.....................   6    0    0    0    6
integration/advent2009-day20.t.....................  21    0    0    0   21
integration/advent2009-day21.t.....................   2    0    0    0    2
integration/advent2009-day22.t.....................   4    0    0    0    4
integration/advent2009-day23.t.....................  10    0    0    0   10
integration/advent2009-day24.t.....................   4    0    0    0    4
integration/advent2010-day03.t.....................  12    0    0    0   12
integration/advent2010-day04.t.....................  11    0    0    0   11
integration/advent2010-day06.t.....................  12    0    0    0   12
integration/advent2010-day07.t.....................   8    0    0    0    8
integration/advent2010-day08.t.....................   8    0    0    0    8
integration/advent2010-day10.rakudo.jvm............   2    0    2    0    4
     2 todo   : RT \#121843
integration/advent2010-day11.t.....................   2    0    0    0    2
integration/advent2010-day12.t.....................  13    0    0    0   13
integration/advent2010-day14.t.....................   5    0    0    0    5
integration/advent2010-day16.t.....................  13    0    0    0   13
integration/advent2010-day19.rakudo.jvm............   3    0    3    0    6
     1 todo   : RT \#121940 - got 'True' instead of 'False'
     1 todo   : RT \#121940 - should be 'True'
     1 todo   : RT \#126491
integration/advent2010-day21.t.....................   4    0    0    0    4
integration/advent2010-day22.t.....................   3    0    0    0    3
integration/advent2010-day23.t.....................   8    0    0    0    8
integration/advent2011-day03.t.....................   2    0    0    0    2
integration/advent2011-day04.t.....................   2    0    0    0    2
integration/advent2011-day05.t.....................   5    0    0    0    5
integration/advent2011-day07.t.....................   3    0    0    0    3
integration/advent2011-day10.t.....................   5    0    0    0    5
integration/advent2011-day11.t.....................   4    5    0    0    9
integration/advent2011-day14.t.....................   8    0    0    0    8
integration/advent2011-day15.t.....................   9    0    0    0    9
integration/advent2011-day16.t.....................  12    0    0    0   12
integration/advent2011-day20.t.....................  16    0    0    0   16
integration/advent2011-day22.t.....................   2    0    0    0    2
integration/advent2011-day23.t.....................  55    0    0    0   55
integration/advent2011-day24.t.....................   7    1    0    0    8
integration/advent2012-day02.t.....................   4    0    0    0    4
integration/advent2012-day03.t.....................   2    0    0    0    2
integration/advent2012-day04.rakudo.jvm............   7    0    1    0    8
     1 todo   : failing during 2015.09 release...
integration/advent2012-day06.t.....................   2    0    0    0    2
integration/advent2012-day09.t.....................   8    0    0    0    8
integration/advent2012-day10.t.....................  26    0    0    0   26
integration/advent2012-day12.t.....................   5    0    0    0    5
integration/advent2012-day13.t.....................   3   39    0    0   42
    38 tests aborted (missing ok/not ok)
integration/advent2012-day14.t.....................   6    0    0    0    6
integration/advent2012-day15.t.....................  11    0    0    0   11
integration/advent2012-day16.t.....................  11    0    0    0   11
integration/advent2012-day19.t.....................  10    0    0    0   10
integration/advent2012-day20.t.....................   2    0    0    0    2
integration/advent2012-day21.t.....................   9    0    0    0    9
integration/advent2012-day22.t.....................   6    0    0    0    6
integration/advent2012-day23.t.....................   2    0    0    0    2
integration/advent2012-day24.t.....................   1    0    0    0    1
integration/advent2013-day02.t.....................  12    0    0    0   12
integration/advent2013-day04.t.....................   7    0    0    0    7
integration/advent2013-day06.t.....................   1    0    0    0    1
integration/advent2013-day07.t.....................   6    0    0    0    6
integration/advent2013-day08.t.....................  11    0    0    0   11
integration/advent2013-day09.t.....................  21    0    0    0   21
integration/advent2013-day10.rakudo.jvm............  43    0    1    0   44
     1 todo   : adverb stacking
integration/advent2013-day12.t.....................  32    0    0    0   32
integration/advent2013-day14.t.....................  10    0    0    0   10
integration/advent2013-day15.rakudo.jvm............  28    0    2    0   30
     1 todo   : got (Int) instead of (Bool)
     1 todo   : jvm rounding quirks
integration/advent2013-day18.t.....................  10    0    0    0   10
integration/advent2013-day19.t.....................   4    0    0    0    4
integration/advent2013-day20.t.....................  22    0    0    0   22
integration/advent2013-day21.t.....................   2   22    0    0   24
    22 tests aborted (missing ok/not ok)
integration/advent2013-day22.t.....................   9    0    0    0    9
integration/advent2013-day23.t.....................   9    0    0    0    9
integration/advent2014-day05.rakudo.jvm............   6    0    0    1    7
     1 skipped: sometimes hangs, sometimes segfaults
integration/advent2014-day13.t.....................  13    0    0    0   13
integration/advent2014-day16.t.....................  21    0    0    0   21
integration/code-blocks-as-sub-args.t..............   4    0    0    0    4
integration/error-reporting.rakudo.jvm.............  21    0    2    0   23
     1 todo   : UnwindException
     1 todo   : nigh
integration/lazy-bentley-generator.t...............   1    0    0    0    1
integration/lexical-array-in-inner-block.t.........   2    0    0    0    2
integration/lexicals-and-attributes.t..............   8    0    0    0    8
integration/man-or-boy.t...........................  10    0    0    0   10
integration/method-calls-and-instantiation.t.......   2    0    0    0    2
integration/no-indirect-new.t......................   1    1    0    0    2
     1 tests aborted (missing ok/not ok)
integration/packages.t.............................   3    0    0    0    3
integration/pair-in-array.t........................   3    0    0    0    3
integration/passing-pair-class-to-sub.t............   2    0    0    0    2
integration/real-strings.t.........................  20    0    0    0   20
integration/role-composition-vs-attribute.rakudo...   6    0    0    4   10
     2 skipped: alas, no visibility of native private attributes yet
     2 skipped: alas, no visibility of private attributes in other role
integration/rule-in-class-Str.t....................   3    0    0    0    3
integration/say-crash.t............................   4    0    0    0    4
integration/substr-after-match-in-gather-in-for.t..   1    0    0    0    1
integration/topic_in_double_loop.t.................   5    0    0    0    5
integration/variables-in-do.t......................   3    0    0    0    3
integration/weird-errors.rakudo.jvm................  18   10    0    0   28
    10 tests aborted (missing ok/not ok)
                                                   pass fail todo skip plan
rosettacode/greatest_element_of_a_list.t...........   1    0    0    0    1
rosettacode/sierpinski_triangle.t..................   1    0    0    0    1
----------------
"Synopsis", "pass","fail","todo","skip","plan","spec"
"S01",           0,     0,     0,    86,    86,    86
"S02",        7551,  1425,   116,   347,  9439,  9443
"S03",        5514,   425,    90,   119,  6148,  6166
"S04",        1195,   269,    47,    25,  1536,  1568
"S05",        4650,  1078,    82,   186,  5996,  6182
"S06",        1870,   283,    56,    77,  2286,  2332
"S07",          39,     0,     7,     0,    46,   151
"S09",         874,  1910,    11,    21,  2816,  2816
"S10",          56,    77,     6,     0,   139,   196
"S11",         166,     3,     7,    12,   188,   197
"S12",        1421,   239,    32,   119,  1811,  1860
"S13",          62,     0,     0,     0,    62,    72
"S14",         320,    75,     7,     2,   404,   417
"S15",           9,    65,     4,    41,   119, 79088
"S16",         677,     7,    68,   147,   899,   936
"S17",         633,   259,     1,    22,   915,   964
"S19",          23,     0,     4,     1,    28,    28
"S22",          18,     0,     0,     1,    19,    19
"S24",          26,     0,     0,     0,    26,    97
"S26",        1913,     0,     5,    85,  2003,  2003
"S28",           2,     0,     0,     0,     2,     8
"S29",         359,    16,     3,     3,   381,   381
"S32",        9655,  3124,   197,   225, 13201, 11496
"int",        1201,    78,    11,    14,  1304,  1297
"ros",           2,     0,     0,     0,     2,     2
"total",     38236,  9333,   754,  1533, 49856,127805
----------------
Failure summary:
S02-lexical-conventions/minimal-whitespace.t aborted 17 test(s)
S02-lexical-conventions/sub-block-parsing.t aborted 5 test(s)
S02-lexical-conventions/unspace.rakudo.jvm aborted 55 test(s)
S02-literals/char-by-number.t aborted 31 test(s)
S02-literals/listquote.rakudo.jvm 7 - ()<3 parsefail
S02-literals/listquote.rakudo.jvm 8 - :foo <1 2 3> parsefail
S02-literals/listquote.rakudo.jvm 9 - <3 is comparison, but dies at run time
S02-literals/listquote.rakudo.jvm aborted 15 test(s)
S02-literals/misc-interpolation.rakudo.jvm aborted 3 test(s)
S02-literals/pairs.t aborted 32 test(s)
S02-literals/radix.rakudo.jvm aborted 137 test(s)
S02-literals/underscores.t aborted 17 test(s)
S02-names-vars/contextual.t aborted 2 test(s)
S02-names-vars/names.rakudo.jvm 23 - sub named "foo" called with parentheses
S02-names-vars/names.rakudo.jvm aborted 126 test(s)
S02-names-vars/variables-and-packages.rakudo.jvm aborted 37 test(s)
S02-names-vars/varnames.rakudo.jvm aborted 17 test(s)
S02-names/identifier.t aborted 18 test(s)
S02-names/is_default.rakudo.jvm aborted 12 test(s)
S02-names/our.rakudo.jvm 2 - call to eval-born sub outside eval dies
S02-names/our.rakudo.jvm 5 - can define my sub c in eval after c defined in enum
S02-names/our.rakudo.jvm 8 - can compile a class that modifies our variable
S02-names/our.rakudo.jvm 10 - class can modify our variable
S02-names/symbolic-deref.rakudo.jvm aborted 10 test(s)
S02-types/array-shapes.rakudo.jvm aborted 19 test(s)
S02-types/array.rakudo.jvm aborted 28 test(s)
S02-types/bag.rakudo.jvm aborted 124 test(s)
S02-types/baghash.rakudo.jvm 32 - Can ++ an existing element
S02-types/baghash.rakudo.jvm aborted 229 test(s)
S02-types/capture.t aborted 5 test(s)
S02-types/hash.rakudo.jvm aborted 11 test(s)
S02-types/instants-and-durations.t aborted 18 test(s)
S02-types/lists.rakudo.jvm aborted 29 test(s)
S02-types/mix.rakudo.jvm aborted 109 test(s)
S02-types/mixhash.rakudo.jvm 32 - Can ++ an existing element
S02-types/mixhash.rakudo.jvm aborted 198 test(s)
S02-types/num.t 61 - single underscores are not ok directly after the dot
S02-types/set.rakudo.jvm 173 - trying to assign throws X::Assignment::RO
S02-types/subset.t aborted 36 test(s)
S02-types/type.rakudo.jvm aborted 69 test(s)
S02-types/whatever.rakudo.jvm 67 - {*.{}}() dies
S02-types/whatever.rakudo.jvm 108 - Can call *++ WhateverCode
S02-types/whatever.rakudo.jvm 109 - WhateverCode parameters are rw
S02-types/whatever.rakudo.jvm 110 - did we throws-like X::Method::NotFound?
S03-binding/ro.rakudo.jvm aborted 1 test(s)
S03-junctions/misc.t aborted 1 test(s)
S03-metaops/not.t aborted 7 test(s)
S03-metaops/reverse.t aborted 33 test(s)
S03-operators/arith.rakudo.jvm aborted 71 test(s)
S03-operators/assign.rakudo.jvm aborted 95 test(s)
S03-operators/autoincrement.t 80 - ++.++ construct throws a multi no match exception
S03-operators/context.t aborted 13 test(s)
S03-operators/increment.rakudo.jvm aborted 21 test(s)
S03-operators/is-divisible-by.rakudo.jvm aborted 1 test(s)
S03-operators/minmax.rakudo.jvm aborted 34 test(s)
S03-operators/misc.rakudo.jvm aborted 10 test(s)
S03-operators/precedence.rakudo.jvm aborted 41 test(s)
S03-operators/range-basic.t aborted 85 test(s)
S03-operators/set.t aborted 1 test(s)
S03-operators/ternary.t 16 - Ternary error (RT \#66840)
S03-operators/ternary.t 17 - Ternary error (RT \#71704)
S03-operators/ternary.t 18 - conditional operator written as ?? :: throws typed exception
S03-operators/ternary.t 19 - adverbed literal in second part of ternary
S03-operators/ternary.t 20 - precedence of adverb in second part of ternary is too loose
S03-operators/ternary.t 22 - parenthesized adverbed literal in second part of ternary
S03-operators/ternary.t 24 - conditional operator written as ?? : throws typed exception
S03-operators/ternary.t 25 - bogus code before !! of conditional operator is compile time error
S03-operators/ternary.t 26 - missing !! of conditional operator is compile time error
S03-operators/ternary.t 27 - typed exception when listop gobbles the !! of conditional operator
S04-declarations/constant.rakudo.jvm aborted 63 test(s)
S04-declarations/implicit-parameter.t aborted 3 test(s)
S04-declarations/multiple.rakudo.jvm aborted 2 test(s)
S04-declarations/our.t aborted 19 test(s)
S04-declarations/smiley.rakudo.jvm 25 - with :_, can Int:D be on its own
S04-declarations/smiley.rakudo.jvm 37 - with :U, can Int:D be on its own
S04-declarations/smiley.rakudo.jvm 40 - with :D, can Int   be on its own
S04-declarations/smiley.rakudo.jvm 49 - with :D, can Int:D be on its own
S04-declarations/smiley.rakudo.jvm 52 - does Int:foo fail
S04-declarations/smiley.rakudo.jvm 53 - does use variables fail
S04-declarations/smiley.rakudo.jvm 54 - does no variables fail
S04-declarations/smiley.rakudo.jvm 55 - does use variables "bar" fail
S04-declarations/smiley.rakudo.jvm 56 - does use variables :U, :D fail
S04-declarations/smiley.rakudo.jvm 57 - does use variables :foo fail
S04-exception-handlers/catch.t 27 - only one CATCH per block allowed
S04-phasers/pre-post.rakudo.jvm aborted 19 test(s)
S04-statements/do.rakudo.jvm aborted 28 test(s)
S04-statements/for.rakudo.jvm aborted 99 test(s)
S04-statements/if.rakudo.jvm aborted 19 test(s)
S04-statements/label.rakudo.jvm 6 - last-ing and outer loop and catching that in a CONTROL block doesn't SEGV
S04-statements/loop.t 14 - "loop {} while" is a syntax error (RT \#63760)
S04-statements/unless.t aborted 2 test(s)
S04-statements/with.rakudo.jvm 60 - orwith is not valid on without
S04-statements/with.rakudo.jvm 61 - elsif is not valid on without
S05-interpolation/regex-in-variable.rakudo.jvm 15 - particular garbage-in recognized as being garbage (see RT)
S05-interpolation/regex-in-variable.rakudo.jvm aborted 37 test(s)
S05-mass/rx.rakudo.jvm 108 - unescaped backslash (or no closing brace)
S05-mass/rx.rakudo.jvm aborted 615 test(s)
S05-metachars/line-anchors.rakudo.jvm aborted 4 test(s)
S05-metasyntax/angle-brackets.rakudo.jvm 40 - <.$foo> syntax placeholder
S05-metasyntax/angle-brackets.rakudo.jvm aborted 51 test(s)
S05-metasyntax/changed.t aborted 3 test(s)
S05-metasyntax/charset.rakudo.jvm 39 - STD error message for - as character range
S05-metasyntax/charset.rakudo.jvm aborted 16 test(s)
S05-metasyntax/litvar.rakudo.jvm 25 - undeclared var in assertion in interpolated string throws
S05-metasyntax/litvar.rakudo.jvm aborted 8 test(s)
S05-metasyntax/regex.t aborted 39 test(s)
S05-metasyntax/repeat.t aborted 18 test(s)
S05-metasyntax/unknown.rakudo.jvm aborted 4 test(s)
S05-modifier/counted-match.rakudo.jvm aborted 27 test(s)
S05-modifier/counted.rakudo.jvm aborted 125 test(s)
S05-substitution/subst.rakudo.jvm aborted 126 test(s)
S06-advanced/return.rakudo.jvm 93 - did we throws-like X::TypeCheck::Return?
S06-advanced/stub.rakudo.jvm aborted 8 test(s)
S06-multi/lexical-multis.rakudo.jvm aborted 6 test(s)
S06-multi/proto.rakudo.jvm 11 - Can't define sub and multi sub without proto
S06-multi/proto.rakudo.jvm 12 - declaring a multi and a single routine dies
S06-multi/proto.rakudo.jvm 13 - declaring two only-subs with same name dies
S06-multi/proto.rakudo.jvm 14 - attempt to define two proto subs with the same name dies
S06-multi/proto.rakudo.jvm 24 - proto method after same-named attribute
S06-multi/proto.rakudo.jvm 25 - proto method before same-named attribute
S06-multi/proto.rakudo.jvm 26 - proto signature is checked, not just that of the candidates
S06-multi/subsignature.rakudo.jvm 51 - attempt to define two proto subs with the same name dies
S06-multi/subsignature.rakudo.jvm 52 - Can't define sub and multi sub without proto
S06-multi/subsignature.rakudo.jvm aborted 18 test(s)
S06-multi/syntax.t aborted 34 test(s)
S06-multi/type-based.rakudo.jvm aborted 16 test(s)
S06-operator-overloading/sub.rakudo.jvm aborted 20 test(s)
S06-other/main-semicolon.t 7 - did we throws-like X::UnitScope::Invalid?
S06-other/main-semicolon.t 8 - did we throws-like X::UnitScope::Invalid?
S06-other/main-semicolon.t 9 - Can have where in sub MAIN(...);
S06-other/main-semicolon.t 10 - Can have where in unit sub MAIN(...);
S06-other/misc.t aborted 11 test(s)
S06-other/pairs-as-lvalues.rakudo.jvm aborted 3 test(s)
S06-parameters/smiley.rakudo.jvm aborted 18 test(s)
S06-routine-modifiers/scoped-named-subs.t aborted 10 test(s)
S06-signature/closure-parameters.rakudo.jvm aborted 1 test(s)
S06-signature/defaults.t aborted 1 test(s)
S06-signature/errors.rakudo.jvm aborted 13 test(s)
S06-signature/introspection.rakudo.jvm 55 - .perl of (@a, :@b) is idempotent
S06-signature/introspection.rakudo.jvm 56 - .perl of (%a, :%b) is idempotent
S06-signature/introspection.rakudo.jvm 57 - .perl of (:a(:b($c))) is idempotent
S06-signature/introspection.rakudo.jvm 58 - .perl of (|a is raw) is idempotent
S06-signature/introspection.rakudo.jvm 59 - .perl of (&a, :&b) is idempotent
S06-signature/introspection.rakudo.jvm 60 - .perl of (\\a) is idempotent
S06-signature/introspection.rakudo.jvm 61 - .perl of (\\a, $b, &c, %d, |e is raw) is idempotent
S06-signature/introspection.rakudo.jvm 62 - .perl of ($a = 2, :$b = 2) is idempotent
S06-signature/introspection.rakudo.jvm 63 - .perl of (@a = { ... }, :@b = { ... }) is idempotent
S06-signature/introspection.rakudo.jvm 64 - .perl of (%a = { ... }, :%b = { ... }) is idempotent
S06-signature/introspection.rakudo.jvm 65 - .perl of (&a = { ... }, :&b = { ... }) is idempotent
S06-signature/introspection.rakudo.jvm 66 - .perl of ($a is raw = 2) is idempotent
S06-signature/introspection.rakudo.jvm 67 - .perl of (@a is raw = { ... }) is idempotent
S06-signature/introspection.rakudo.jvm 68 - .perl of (%a is raw = { ... }) is idempotent
S06-signature/introspection.rakudo.jvm 69 - .perl of (&a is raw = { ... }) is idempotent
S06-signature/introspection.rakudo.jvm 70 - .perl of (\\a = 2) is idempotent
S06-signature/introspection.rakudo.jvm 71 - .perl of (Int $a, Int :$b) is idempotent
S06-signature/introspection.rakudo.jvm 72 - .perl of (Int @a, Int :@b) is idempotent
S06-signature/introspection.rakudo.jvm 73 - .perl of (Int %a, Int :%b) is idempotent
S06-signature/introspection.rakudo.jvm 74 - .perl of (Int :a(:b($c))) is idempotent
S06-signature/introspection.rakudo.jvm 75 - .perl of (|a is raw ($a)) is idempotent
S06-signature/introspection.rakudo.jvm 76 - .perl of (Sub &a, Sub :&b) is idempotent
S06-signature/introspection.rakudo.jvm 77 - .perl of (Int \\a) is idempotent
S06-signature/introspection.rakudo.jvm 78 - .perl of (Int \\a, Int $b, Sub &c, Int :$d, |e is raw) is idempotent
S06-signature/introspection.rakudo.jvm 79 - .perl of (Int $a = 2, Int :$b = 2) is idempotent
S06-signature/introspection.rakudo.jvm 80 - .perl of (Int @a = { ... }, Int :@b = { ... }) is idempotent
S06-signature/introspection.rakudo.jvm 81 - .perl of (Int %a = { ... }, Int :%b = { ... }) is idempotent
S06-signature/introspection.rakudo.jvm 82 - .perl of (Sub &a = { ... }, Sub :&b = { ... }) is idempotent
S06-signature/introspection.rakudo.jvm 83 - .perl of (@a ($a) = { ... }) is idempotent
S06-signature/introspection.rakudo.jvm 84 - .perl of (%a (:a($b)) = { ... }, %b (:c(:d($e))) = { ... }) is idempotent
S06-signature/introspection.rakudo.jvm 85 - .perl of ($, :a($)) is idempotent
S06-signature/introspection.rakudo.jvm 86 - .perl of (@, :a(@)) is idempotent
S06-signature/introspection.rakudo.jvm 87 - .perl of (%, :a(%)) is idempotent
S06-signature/introspection.rakudo.jvm 88 - .perl of (:a(:b($))) is idempotent
S06-signature/introspection.rakudo.jvm 89 - .perl of (| is raw) is idempotent
S06-signature/introspection.rakudo.jvm 90 - .perl of (&, :a(&)) is idempotent
S06-signature/introspection.rakudo.jvm 91 - .perl of ($ is raw) is idempotent
S06-signature/introspection.rakudo.jvm 92 - .perl of ($ is raw,, &, %, | is raw) is idempotent
S06-signature/introspection.rakudo.jvm 93 - .perl of ($ = 2, :a($) = 2) is idempotent
S06-signature/introspection.rakudo.jvm 94 - .perl of (@ = { ... }, :a(@) = { ... }) is idempotent
S06-signature/introspection.rakudo.jvm 95 - .perl of (% = { ... }, :a(%) = { ... }) is idempotent
S06-signature/introspection.rakudo.jvm 96 - .perl of (& = { ... }, :a(&) = { ... }) is idempotent
S06-signature/introspection.rakudo.jvm 97 - .perl of ($ is raw = 2) is idempotent
S06-signature/introspection.rakudo.jvm 98 - .perl of (@ is raw = { ... }) is idempotent
S06-signature/introspection.rakudo.jvm 99 - .perl of (% is raw = { ... }) is idempotent
S06-signature/introspection.rakudo.jvm 100 - .perl of (& is raw = { ... }) is idempotent
S06-signature/introspection.rakudo.jvm 101 - .perl of (Int, Int :a($)) is idempotent
S06-signature/introspection.rakudo.jvm 102 - .perl of (Int @, Int :a(@)) is idempotent
S06-signature/introspection.rakudo.jvm 103 - .perl of (Int %, Int :a(%)) is idempotent
S06-signature/introspection.rakudo.jvm 104 - .perl of (Int :a(:b($))) is idempotent
S06-signature/introspection.rakudo.jvm 105 - .perl of (|a is raw ($)) is idempotent
S06-signature/introspection.rakudo.jvm 106 - .perl of (Sub &, Sub :a(&)) is idempotent
S06-signature/introspection.rakudo.jvm 107 - .perl of (Int $ is raw) is idempotent
S06-signature/introspection.rakudo.jvm 108 - .perl of (Int $ is raw, Int, Sub &, Int %, | is raw) is idempotent
S06-signature/introspection.rakudo.jvm 109 - .perl of (Int $ = 2, Int :a($) = 2) is idempotent
S06-signature/introspection.rakudo.jvm 110 - .perl of (Int @ = { ... }, Int :a(@) = { ... }) is idempotent
S06-signature/introspection.rakudo.jvm 111 - .perl of (Int % = { ... }, Int :a(%) = { ... }) is idempotent
S06-signature/introspection.rakudo.jvm 112 - .perl of (Sub & = { ... }, Sub :a(&) = { ... }) is idempotent
S06-signature/introspection.rakudo.jvm 113 - .perl of (@ ($a) = { ... }) is idempotent
S06-signature/introspection.rakudo.jvm 114 - .perl of (% (:a($)) = { ... }, % (:c(:d($))) = { ... }) is idempotent
S06-signature/introspection.rakudo.jvm 115 - .perl of ($ is raw, & is raw, % is raw, | is raw) is idempotent
S06-signature/introspection.rakudo.jvm 116 - .perl of (::T  $a, T $b) is idempotent
S06-signature/introspection.rakudo.jvm 117 - .perl of (::T T $a, T $b) is idempotent
S06-signature/introspection.rakudo.jvm 118 - .perl of -> $a { \#`(Block|1973562981) ... } is idempotent
S06-signature/introspection.rakudo.jvm 119 - .perl of ->  { \#`(Block|1283546218) ... } is idempotent
S06-signature/introspection.rakudo.jvm 120 - .perl of -> $ ($a) { \#`(Block|1787805301) ... } is idempotent
S06-signature/introspection.rakudo.jvm 121 - .perl of -> $ { \#`(Block|1870552310) ... } is idempotent
S06-signature/introspection.rakudo.jvm 122 - .perl of -> $a ($b) { \#`(Block|632598928) ... } is idempotent
S06-signature/introspection.rakudo.jvm aborted 9 test(s)
S06-signature/optional.t aborted 20 test(s)
S06-signature/positional-placeholders.t aborted 6 test(s)
S06-signature/positional.t aborted 5 test(s)
S06-signature/types.rakudo.jvm aborted 2 test(s)
S09-multidim/methods.t aborted 54 test(s)
S09-typed-arrays/arrays.rakudo.jvm 63 - typed arrays do check type during list assignment in sink
S09-typed-arrays/arrays.rakudo.jvm 65 - pushed value to typed array (using "subset") is type checked
S09-typed-arrays/arrays.rakudo.jvm aborted 17 test(s)
S09-typed-arrays/native-int.rakudo.jvm aborted 1463 test(s)
S09-typed-arrays/native-num.rakudo.jvm aborted 361 test(s)
S09-typed-arrays/native-str.rakudo.jvm aborted 13 test(s)
S10-packages/basic.rakudo.jvm aborted 77 test(s)
S11-compunit/compunit-repository.t 8 - 
S11-compunit/compunit-repository.t aborted 1 test(s)
S11-modules/require.rakudo.jvm 20 - require works at BEGIN
S12-attributes/inheritance.t aborted 1 test(s)
S12-attributes/instance.rakudo.jvm aborted 125 test(s)
S12-attributes/smiley.rakudo.jvm 22 - with :_, can Int:D be on its own
S12-attributes/smiley.rakudo.jvm 34 - with :U, can Int:D be on its own
S12-attributes/smiley.rakudo.jvm 37 - with :D, can Int   be on its own
S12-attributes/smiley.rakudo.jvm 46 - with :D, can Int:D be on its own
S12-attributes/smiley.rakudo.jvm 49 - does Int:foo fail
S12-attributes/smiley.rakudo.jvm 50 - does use attributes fail
S12-attributes/smiley.rakudo.jvm 51 - does no attributes fail
S12-attributes/smiley.rakudo.jvm 52 - does use attributes "bar" fail
S12-attributes/smiley.rakudo.jvm 53 - does use attributes :U, :D fail
S12-attributes/smiley.rakudo.jvm 54 - does use attributes :foo fail
S12-attributes/undeclared.t aborted 8 test(s)
S12-class/augment-supersede.rakudo.jvm 6 - cannot override a method by monkey-typing
S12-class/augment-supersede.rakudo.jvm 7 - augmenting a class which has a role composed works
S12-class/augment-supersede.rakudo.jvm 11 - integers produced from ranges have augmented methods
S12-class/augment-supersede.rakudo.jvm 12 - used to crash rakudo
S12-class/augment-supersede.rakudo.jvm 13 - used to crash rakudo
S12-class/declaration-order.t 2 - derived before base: dies
S12-class/open.t aborted 1 test(s)
S12-class/self-inheritance.t aborted 1 test(s)
S12-coercion/coercion-types.rakudo.jvm aborted 15 test(s)
S12-enums/non-int.rakudo.jvm aborted 2 test(s)
S12-enums/thorough.rakudo.jvm aborted 2 test(s)
S12-introspection/meta-class.t aborted 4 test(s)
S12-meta/exporthow.rakudo.jvm aborted 7 test(s)
S12-methods/attribute-params.t aborted 2 test(s)
S12-methods/chaining.t aborted 3 test(s)
S12-methods/private.t 10 - did we throws-like X::Method::NotFound?
S12-methods/private.t 12 - did we throws-like X::Method::Private::Permission?
S12-methods/private.t 13 - did we throws-like X::Method::NotFound?
S12-methods/trusts.t aborted 1 test(s)
S12-subset/subtypes.rakudo.jvm aborted 48 test(s)
S14-roles/basic.rakudo.jvm aborted 25 test(s)
S14-roles/composition.rakudo.jvm 35 - must implement stubbed multi methods in roles (2)
S14-roles/composition.rakudo.jvm aborted 14 test(s)
S14-roles/mixin.rakudo.jvm aborted 24 test(s)
S14-roles/namespaced.t aborted 7 test(s)
S14-roles/parameterized-basic.t aborted 4 test(s)
S15-literals/identifiers.rakudo.jvm aborted 4 test(s)
S15-literals/numbers.rakudo.jvm 20 - Numerals in category 'No' can't be used in binary literals
S15-literals/numbers.rakudo.jvm 21 - Numerals in category 'Nl' can't be used in binary literals
S15-literals/numbers.rakudo.jvm 25 - Numerals in category 'No' can't be used in octal literals
S15-literals/numbers.rakudo.jvm 26 - Numerals in category 'Nl' can't be used in octal literals
S15-literals/numbers.rakudo.jvm aborted 23 test(s)
S15-unicode-information/uniname.rakudo.jvm aborted 34 test(s)
S16-io/bare-say.t aborted 6 test(s)
S16-io/comb.rakudo.jvm aborted 1 test(s)
S17-promise/start.t aborted 29 test(s)
S17-supply/batch.t aborted 10 test(s)
S17-supply/do.t aborted 4 test(s)
S17-supply/elems.t aborted 4 test(s)
S17-supply/flat.t aborted 16 test(s)
S17-supply/grab.t aborted 4 test(s)
S17-supply/head.t aborted 6 test(s)
S17-supply/interval.t aborted 6 test(s)
S17-supply/lines.rakudo.jvm aborted 22 test(s)
S17-supply/max.t aborted 8 test(s)
S17-supply/merge.t aborted 10 test(s)
S17-supply/min.t aborted 8 test(s)
S17-supply/minmax.t aborted 8 test(s)
S17-supply/produce.t aborted 8 test(s)
S17-supply/reduce.t aborted 8 test(s)
S17-supply/reverse.t aborted 2 test(s)
S17-supply/rotor.rakudo.jvm aborted 30 test(s)
S17-supply/sort.t aborted 6 test(s)
S17-supply/squish.t aborted 14 test(s)
S17-supply/syntax.t aborted 8 test(s)
S17-supply/tail.t aborted 6 test(s)
S17-supply/unique.t aborted 16 test(s)
S17-supply/words.t aborted 4 test(s)
S17-supply/zip-latest.t aborted 12 test(s)
S17-supply/zip.t aborted 10 test(s)
S29-os/system.rakudo.jvm aborted 16 test(s)
S32-array/adverbs.t aborted 585 test(s)
S32-array/create.t aborted 1 test(s)
S32-array/pop.rakudo.jvm aborted 7 test(s)
S32-array/push.t aborted 10 test(s)
S32-array/shift.t aborted 5 test(s)
S32-array/splice.rakudo.jvm aborted 304 test(s)
S32-array/unshift.t aborted 5 test(s)
S32-exceptions/misc.rakudo.jvm aborted 407 test(s)
S32-hash/adverbs.t aborted 1105 test(s)
S32-io/IO-Socket-Async.rakudo.jvm aborted 6 test(s)
S32-io/io-path-cygwin.rakudo.jvm aborted 14 test(s)
S32-io/io-path-unix.rakudo.jvm aborted 13 test(s)
S32-io/io-path-win.rakudo.jvm aborted 13 test(s)
S32-io/open.rakudo.jvm aborted 26 test(s)
S32-io/socket-recv-vs-read.t aborted 11 test(s)
S32-list/grep-k.rakudo.jvm 37 - did we throws-like X::Match::Bool?
S32-list/grep-k.rakudo.jvm 38 - did we throws-like X::Match::Bool?
S32-list/grep-kv.t 13 - did we throws-like X::Match::Bool?
S32-list/grep-kv.t 14 - did we throws-like X::Match::Bool?
S32-list/grep-p.t 13 - did we throws-like X::Match::Bool?
S32-list/grep-p.t 14 - did we throws-like X::Match::Bool?
S32-list/grep-v.t 13 - did we throws-like X::Match::Bool?
S32-list/grep-v.t 14 - did we throws-like X::Match::Bool?
S32-list/grep.rakudo.jvm aborted 5 test(s)
S32-list/rotor.rakudo.jvm aborted 3 test(s)
S32-list/seq.rakudo.jvm aborted 4 test(s)
S32-num/complex.t aborted 502 test(s)
S32-num/int.rakudo.jvm aborted 24 test(s)
S32-num/pi.t 2 - pi() is not a sub
S32-num/pi.t aborted 6 test(s)
S32-num/power.rakudo.jvm aborted 43 test(s)
S32-num/rand.rakudo.jvm aborted 1 test(s)
S32-str/length.rakudo.jvm aborted 1 test(s)
S32-str/split-simple.rakudo.jvm aborted 14 test(s)
integration/advent2011-day11.t 2 - order total with typo
integration/advent2011-day11.t 3 - public method sanity
integration/advent2011-day11.t 4 - private method sanity
integration/advent2011-day11.t 5 - private method sanity
integration/advent2011-day11.t 9 - inheritance private method, (untrusting)
integration/advent2011-day24.t 5 - ambiguous multi - dies
integration/advent2012-day13.t 4 - baggy assign (dies)
integration/advent2012-day13.t aborted 38 test(s)
integration/advent2013-day21.t aborted 22 test(s)
integration/no-indirect-new.t aborted 1 test(s)
integration/weird-errors.rakudo.jvm aborted 10 test(s)
